2023-09-18 11:58:12,943 [INFO] Activator:176 - 


2023-09-18 11:58:12,945 [INFO] Activator:177 - !SESSION log4j initialized
2023-09-18 11:58:15,526 [INFO] LogOutputStream:77 - [STDOUT_REDIRECT] 
2023-09-18 11:58:15,863 [INFO] ApplicationProperties:184 - Using Application install path: /opt/st/stm32cubeide_1.13.1/plugins/com.st.stm32cube.common.mx_6.9.1.202307191849
2023-09-18 11:58:15,877 [INFO] DbMcusXml:78 - Set database path to: /opt/st/stm32cubeide_1.13.1/plugins/com.st.stm32cube.common.mx_6.9.1.202307191849//db//mcu/
2023-09-18 11:58:15,878 [INFO] ApiDb:274 - Set plugin database path to: /opt/st/stm32cubeide_1.13.1/plugins/com.st.stm32cube.common.mx_6.9.1.202307191849//db//plugins/boardmanager/
2023-09-18 11:58:15,878 [WARN] ApiDb:259 - Overriding images path with different value:  => /opt/st/stm32cubeide_1.13.1/plugins/com.st.stm32cube.common.mx_6.9.1.202307191849//db//plugins/mcufinder/images/
2023-09-18 11:58:15,885 [INFO] ApiDb:250 - Set database path to: /home/nicolas/.stmcufinder/plugins/mcufinder//mcu/
2023-09-18 11:58:15,886 [INFO] DbMcusAds:125 - Set database path to: /home/nicolas/.stmcufinder/plugins/mcufinder//mcu/
2023-09-18 11:58:15,888 [INFO] CrossReferenceDbSqlite:203 - Set database path to: /home/nicolas/.stmcufinder/plugins/mcufinder//mcu/cs/
2023-09-18 11:58:15,970 [INFO] RulesReader:64 - Compatibility file has been processed (293 Rules)
2023-09-18 11:58:16,014 [INFO] DbMcusXml:78 - Set database path to: /opt/st/stm32cubeide_1.13.1/plugins/com.st.stm32cube.common.mx_6.9.1.202307191849//db//mcu/
2023-09-18 11:58:16,014 [INFO] ApiDb:274 - Set plugin database path to: /opt/st/stm32cubeide_1.13.1/plugins/com.st.stm32cube.common.mx_6.9.1.202307191849//db//plugins/boardmanager/
2023-09-18 11:58:16,014 [INFO] ApiDb:261 - Set plugin images path to: /opt/st/stm32cubeide_1.13.1/plugins/com.st.stm32cube.common.mx_6.9.1.202307191849//db//plugins/mcufinder/images/
2023-09-18 11:58:16,015 [WARN] DbFile:41 - Overriding database path with different value: /home/nicolas/.stmcufinder/plugins/mcufinder/ => /home/nicolas/.stmcufinder/plugins/mcufinder
2023-09-18 11:58:16,015 [INFO] ApiDb:250 - Set database path to: /home/nicolas/.stmcufinder/plugins/mcufinder//mcu/
2023-09-18 11:58:16,015 [WARN] DbFile:41 - Overriding database path with different value: /home/nicolas/.stmcufinder/plugins/mcufinder/ => /home/nicolas/.stmcufinder/plugins/mcufinder
2023-09-18 11:58:16,015 [INFO] DbMcusAds:125 - Set database path to: /home/nicolas/.stmcufinder/plugins/mcufinder//mcu/
2023-09-18 11:58:16,015 [WARN] DbFile:41 - Overriding database path with different value: /home/nicolas/.stmcufinder/plugins/mcufinder/ => /home/nicolas/.stmcufinder/plugins/mcufinder
2023-09-18 11:58:16,015 [WARN] DbFile:41 - Overriding database path with different value: /home/nicolas/.stmcufinder/plugins/mcufinder/ => /home/nicolas/.stmcufinder/plugins/mcufinder
2023-09-18 11:58:16,015 [INFO] CrossReferenceDbSqlite:203 - Set database path to: /home/nicolas/.stmcufinder/plugins/mcufinder//mcu/cs/
2023-09-18 11:58:16,073 [INFO] MainPanel:262 - HeapMemory: 268435456
2023-09-18 11:58:16,127 [INFO] DbMcusXml:78 - Set database path to: /opt/st/stm32cubeide_1.13.1/plugins/com.st.stm32cube.common.mx_6.9.1.202307191849//db//mcu/
2023-09-18 11:58:16,127 [INFO] ApiDb:274 - Set plugin database path to: /opt/st/stm32cubeide_1.13.1/plugins/com.st.stm32cube.common.mx_6.9.1.202307191849//db//plugins/boardmanager/
2023-09-18 11:58:16,127 [INFO] ApiDb:261 - Set plugin images path to: /opt/st/stm32cubeide_1.13.1/plugins/com.st.stm32cube.common.mx_6.9.1.202307191849//db//plugins/mcufinder/images/
2023-09-18 11:58:16,127 [WARN] DbFile:41 - Overriding database path with different value: /home/nicolas/.stmcufinder/plugins/mcufinder/ => /home/nicolas/.stmcufinder/plugins/mcufinder
2023-09-18 11:58:16,128 [INFO] ApiDb:250 - Set database path to: /home/nicolas/.stmcufinder/plugins/mcufinder//mcu/
2023-09-18 11:58:16,128 [WARN] DbFile:41 - Overriding database path with different value: /home/nicolas/.stmcufinder/plugins/mcufinder/ => /home/nicolas/.stmcufinder/plugins/mcufinder
2023-09-18 11:58:16,128 [INFO] DbMcusAds:125 - Set database path to: /home/nicolas/.stmcufinder/plugins/mcufinder//mcu/
2023-09-18 11:58:16,128 [WARN] DbFile:41 - Overriding database path with different value: /home/nicolas/.stmcufinder/plugins/mcufinder/ => /home/nicolas/.stmcufinder/plugins/mcufinder
2023-09-18 11:58:16,128 [WARN] DbFile:41 - Overriding database path with different value: /home/nicolas/.stmcufinder/plugins/mcufinder/ => /home/nicolas/.stmcufinder/plugins/mcufinder
2023-09-18 11:58:16,128 [INFO] CrossReferenceDbSqlite:203 - Set database path to: /home/nicolas/.stmcufinder/plugins/mcufinder//mcu/cs/
2023-09-18 11:58:16,137 [INFO] ApplicationProperties:184 - Using Application install path: /opt/st/stm32cubeide_1.13.1/plugins/com.st.stm32cube.common.mx_6.9.1.202307191849
2023-09-18 11:58:16,138 [INFO] PluginManage:196 - Search for loadable plugins [exclusion list=, ]
2023-09-18 11:58:16,139 [INFO] PluginManage:310 - Check plugin analytics
2023-09-18 11:58:16,214 [INFO] AnalyticsPlugin:253 - Accepted Software Licenses: 
2023-09-18 11:58:16,214 [INFO] AnalyticsPlugin:255 - Accepted CMSIS Pack Licenses: 
2023-09-18 11:58:16,214 [INFO] AnalyticsPlugin:257 - Accepted Firmware Licenses: 
2023-09-18 11:58:16,215 [INFO] PluginManage:359 - Loaded plugin analytics (category:tool,tabindex:-1)
2023-09-18 11:58:16,215 [INFO] PluginManage:310 - Check plugin cadmodel
2023-09-18 11:58:16,369 [INFO] CADModel:105 - Init CAD model plugin
2023-09-18 11:58:16,369 [INFO] PluginManage:359 - Loaded plugin cadmodel (category:power,tabindex:5)
2023-09-18 11:58:16,369 [INFO] PluginManage:310 - Check plugin clock
2023-09-18 11:58:16,375 [INFO] PluginManage:359 - Loaded plugin clock (category:base,tabindex:2)
2023-09-18 11:58:16,375 [INFO] PluginManage:310 - Check plugin ddr
2023-09-18 11:58:16,376 [INFO] PluginManage:359 - Loaded plugin ddr (category:tool,tabindex:6)
2023-09-18 11:58:16,376 [INFO] PluginManage:310 - Check plugin filemanager
2023-09-18 11:58:16,450 [INFO] PluginManage:359 - Loaded plugin filemanager (category:base,tabindex:10)
2023-09-18 11:58:16,450 [INFO] PluginManage:310 - Check plugin ipmanager
2023-09-18 11:58:16,454 [INFO] PluginManage:359 - Loaded plugin ipmanager (category:base,tabindex:5)
2023-09-18 11:58:16,454 [INFO] PluginManage:310 - Check plugin lpbam
2023-09-18 11:58:16,460 [INFO] PluginManage:359 - Loaded plugin lpbam (category:base,tabindex:0)
2023-09-18 11:58:16,460 [INFO] PluginManage:310 - Check plugin memorymap
2023-09-18 11:58:16,466 [INFO] PluginManage:359 - Loaded plugin memorymap (category:base,tabindex:4)
2023-09-18 11:58:16,466 [INFO] PluginManage:310 - Check plugin pinoutandconfiguration
2023-09-18 11:58:16,470 [INFO] PluginManage:359 - Loaded plugin pinoutandconfiguration (category:base,tabindex:1)
2023-09-18 11:58:16,470 [INFO] PluginManage:310 - Check plugin pinoutconfig
2023-09-18 11:58:16,518 [WARN] SupportedApi:132 - Cannot load RTOS API schema: s4s-elt-must-match.1: The content of 'definitions' must match (annotation?, (simpleType | complexType)?, (unique | key | keyref)*)). A problem was found starting at: attribute.
2023-09-18 11:58:16,589 [INFO] PluginManage:359 - Loaded plugin pinoutconfig (category:base,tabindex:0)
2023-09-18 11:58:16,589 [INFO] PluginManage:310 - Check plugin power
2023-09-18 11:58:16,596 [INFO] PluginManage:359 - Loaded plugin power (category:power,tabindex:4)
2023-09-18 11:58:16,596 [INFO] PluginManage:310 - Check plugin projectmanager
2023-09-18 11:58:16,604 [INFO] PluginManage:359 - Loaded plugin projectmanager (category:projectmanager,tabindex:3)
2023-09-18 11:58:16,604 [INFO] PluginManage:310 - Check plugin thirdparty
2023-09-18 11:58:16,674 [INFO] PluginManage:359 - Loaded plugin thirdparty (category:base,tabindex:-1)
2023-09-18 11:58:16,674 [WARN] IntegrityCheckThread:84 - waiting for thirdparty lock release [integrity check]
2023-09-18 11:58:16,675 [INFO] PluginManage:310 - Check plugin tools
2023-09-18 11:58:16,675 [INFO] IntegrityCheckThread:86 - entering critical section [integrity check]
2023-09-18 11:58:16,675 [INFO] ThirdPartyUpdaterWithRetryManager:70 - Updater plugin not ready yet. [1/15]
2023-09-18 11:58:16,676 [INFO] PluginManage:359 - Loaded plugin tools (category:base,tabindex:7)
2023-09-18 11:58:16,676 [INFO] PluginManage:310 - Check plugin tutovideos
2023-09-18 11:58:16,783 [INFO] PluginManage:359 - Loaded plugin tutovideos (category:base,tabindex:-1)
2023-09-18 11:58:16,783 [INFO] PluginManage:310 - Check plugin updater
2023-09-18 11:58:16,791 [INFO] PluginManage:359 - Loaded plugin updater (category:base,tabindex:12)
2023-09-18 11:58:16,791 [INFO] PluginManage:310 - Check plugin userauth
2023-09-18 11:58:16,794 [INFO] UserAuth:113 - Init User Auth plugin
2023-09-18 11:58:16,795 [INFO] PluginManage:359 - Loaded plugin userauth (category:base,tabindex:14)
2023-09-18 11:58:16,795 [INFO] PluginManage:283 - PluginManage : Loaded plugins [17]
2023-09-18 11:58:16,902 [INFO] PinOutPanel:1499 - setPackage(No Configuration,No Configuration)
2023-09-18 11:58:16,954 [INFO] CADModel:165 - CPN selected for project level
2023-09-18 11:58:16,954 [INFO] CADModel:114 - Register for checkConnection events
2023-09-18 11:58:16,964 [INFO] IPUIPlugin:80 - create IPUIPlugin
2023-09-18 11:58:16,964 [INFO] PluginManager:220 - loadIPPluginJar : add pdm2pcm
2023-09-18 11:58:16,969 [INFO] IPUIPlugin:80 - create IPUIPlugin
2023-09-18 11:58:16,970 [INFO] PluginManager:220 - loadIPPluginJar : add plateformsettings
2023-09-18 11:58:16,974 [INFO] IPUIPlugin:80 - create IPUIPlugin
2023-09-18 11:58:16,974 [INFO] PluginManager:220 - loadIPPluginJar : add dma
2023-09-18 11:58:16,978 [INFO] IPUIPlugin:80 - create IPUIPlugin
2023-09-18 11:58:16,978 [INFO] PluginManager:220 - loadIPPluginJar : add resmgrutility
2023-09-18 11:58:16,979 [INFO] IPUIPlugin:80 - create IPUIPlugin
2023-09-18 11:58:16,979 [INFO] PluginManager:220 - loadIPPluginJar : add usbx
2023-09-18 11:58:16,981 [INFO] IPUIPlugin:80 - create IPUIPlugin
2023-09-18 11:58:16,981 [INFO] PluginManager:220 - loadIPPluginJar : add gfxmmu
2023-09-18 11:58:16,984 [INFO] IPUIPlugin:80 - create IPUIPlugin
2023-09-18 11:58:16,984 [INFO] PluginManager:220 - loadIPPluginJar : add freertos
2023-09-18 11:58:16,985 [INFO] IPUIPlugin:80 - create IPUIPlugin
2023-09-18 11:58:16,985 [INFO] PluginManager:220 - loadIPPluginJar : add ts
2023-09-18 11:58:16,990 [INFO] IPUIPlugin:80 - create IPUIPlugin
2023-09-18 11:58:16,990 [INFO] PluginManager:220 - loadIPPluginJar : add linkedlist
2023-09-18 11:58:16,992 [INFO] IPUIPlugin:80 - create IPUIPlugin
2023-09-18 11:58:16,992 [INFO] PluginManager:220 - loadIPPluginJar : add gtzc
2023-09-18 11:58:16,993 [INFO] IPUIPlugin:80 - create IPUIPlugin
2023-09-18 11:58:16,993 [INFO] PluginManager:220 - loadIPPluginJar : add tsc
2023-09-18 11:58:16,996 [INFO] IPUIPlugin:80 - create IPUIPlugin
2023-09-18 11:58:16,996 [INFO] PluginManager:220 - loadIPPluginJar : add mdma
2023-09-18 11:58:16,997 [INFO] IPUIPlugin:80 - create IPUIPlugin
2023-09-18 11:58:16,998 [INFO] PluginManager:220 - loadIPPluginJar : add openamp
2023-09-18 11:58:16,999 [INFO] IPUIPlugin:80 - create IPUIPlugin
2023-09-18 11:58:16,999 [INFO] PluginManager:220 - loadIPPluginJar : add cryp
2023-09-18 11:58:17,000 [INFO] IPUIPlugin:80 - create IPUIPlugin
2023-09-18 11:58:17,000 [INFO] PluginManager:220 - loadIPPluginJar : add usart
2023-09-18 11:58:17,004 [INFO] IPUIPlugin:80 - create IPUIPlugin
2023-09-18 11:58:17,004 [INFO] PluginManager:220 - loadIPPluginJar : add adc
2023-09-18 11:58:17,005 [INFO] IPUIPlugin:80 - create IPUIPlugin
2023-09-18 11:58:17,005 [INFO] PluginManager:220 - loadIPPluginJar : add can
2023-09-18 11:58:17,006 [INFO] IPUIPlugin:80 - create IPUIPlugin
2023-09-18 11:58:17,006 [INFO] PluginManager:220 - loadIPPluginJar : add aes
2023-09-18 11:58:17,008 [INFO] IPUIPlugin:80 - create IPUIPlugin
2023-09-18 11:58:17,008 [INFO] PluginManager:220 - loadIPPluginJar : add dfsdm
2023-09-18 11:58:17,008 [INFO] IPUIPlugin:80 - create IPUIPlugin
2023-09-18 11:58:17,008 [INFO] PluginManager:220 - loadIPPluginJar : add comp
2023-09-18 11:58:17,010 [INFO] IPUIPlugin:80 - create IPUIPlugin
2023-09-18 11:58:17,010 [INFO] PluginManager:220 - loadIPPluginJar : add i2s
2023-09-18 11:58:17,011 [INFO] IPUIPlugin:80 - create IPUIPlugin
2023-09-18 11:58:17,011 [INFO] PluginManager:220 - loadIPPluginJar : add lorawan
2023-09-18 11:58:17,012 [INFO] IPUIPlugin:80 - create IPUIPlugin
2023-09-18 11:58:17,012 [INFO] PluginManager:220 - loadIPPluginJar : add i2c
2023-09-18 11:58:17,019 [INFO] IPUIPlugin:80 - create IPUIPlugin
2023-09-18 11:58:17,020 [INFO] PluginManager:220 - loadIPPluginJar : add hash
2023-09-18 11:58:17,023 [INFO] IPUIPlugin:80 - create IPUIPlugin
2023-09-18 11:58:17,023 [INFO] PluginManager:220 - loadIPPluginJar : add stm32_wpan
2023-09-18 11:58:17,024 [INFO] IPUIPlugin:80 - create IPUIPlugin
2023-09-18 11:58:17,024 [INFO] PluginManager:220 - loadIPPluginJar : add genericplugin
2023-09-18 11:58:17,025 [INFO] IPUIPlugin:80 - create IPUIPlugin
2023-09-18 11:58:17,025 [INFO] PluginManager:220 - loadIPPluginJar : add tim
2023-09-18 11:58:17,028 [INFO] IPUIPlugin:80 - create IPUIPlugin
2023-09-18 11:58:17,028 [INFO] PluginManager:220 - loadIPPluginJar : add gic
2023-09-18 11:58:17,030 [INFO] IPUIPlugin:80 - create IPUIPlugin
2023-09-18 11:58:17,030 [INFO] PluginManager:220 - loadIPPluginJar : add ipddr
2023-09-18 11:58:17,034 [INFO] IPUIPlugin:80 - create IPUIPlugin
2023-09-18 11:58:17,035 [INFO] PluginManager:220 - loadIPPluginJar : add tracer_emb
2023-09-18 11:58:17,036 [INFO] IPUIPlugin:80 - create IPUIPlugin
2023-09-18 11:58:17,036 [INFO] PluginManager:220 - loadIPPluginJar : add ucpd
2023-09-18 11:58:17,037 [INFO] IPUIPlugin:80 - create IPUIPlugin
2023-09-18 11:58:17,038 [INFO] PluginManager:220 - loadIPPluginJar : add spi
2023-09-18 11:58:17,038 [INFO] IPUIPlugin:80 - create IPUIPlugin
2023-09-18 11:58:17,039 [INFO] PluginManager:220 - loadIPPluginJar : add quadspi
2023-09-18 11:58:17,040 [INFO] IPUIPlugin:80 - create IPUIPlugin
2023-09-18 11:58:17,040 [INFO] PluginManager:220 - loadIPPluginJar : add opamp
2023-09-18 11:58:17,041 [INFO] IPUIPlugin:80 - create IPUIPlugin
2023-09-18 11:58:17,041 [INFO] PluginManager:220 - loadIPPluginJar : add dma3
2023-09-18 11:58:17,042 [INFO] IPUIPlugin:80 - create IPUIPlugin
2023-09-18 11:58:17,042 [INFO] PluginManager:220 - loadIPPluginJar : add fatfs
2023-09-18 11:58:17,043 [INFO] IPUIPlugin:80 - create IPUIPlugin
2023-09-18 11:58:17,044 [INFO] PluginManager:220 - loadIPPluginJar : add touchsensing
2023-09-18 11:58:17,045 [INFO] IPUIPlugin:80 - create IPUIPlugin
2023-09-18 11:58:17,045 [INFO] PluginManager:220 - loadIPPluginJar : add nvic
2023-09-18 11:58:17,046 [INFO] IPUIPlugin:80 - create IPUIPlugin
2023-09-18 11:58:17,046 [INFO] PluginManager:220 - loadIPPluginJar : add ltdc
2023-09-18 11:58:17,049 [INFO] IPUIPlugin:80 - create IPUIPlugin
2023-09-18 11:58:17,049 [INFO] PluginManager:220 - loadIPPluginJar : add gpio
2023-09-18 11:58:17,050 [INFO] IPUIPlugin:80 - create IPUIPlugin
2023-09-18 11:58:17,050 [INFO] PluginManager:220 - loadIPPluginJar : add i3c
2023-09-18 11:58:17,052 [INFO] IPUIPlugin:80 - create IPUIPlugin
2023-09-18 11:58:17,052 [INFO] PluginManager:220 - loadIPPluginJar : add fmc
2023-09-18 11:58:17,054 [INFO] IPUIPlugin:80 - create IPUIPlugin
2023-09-18 11:58:17,054 [INFO] PluginManager:220 - loadIPPluginJar : add sai
2023-09-18 11:58:17,143 [INFO] CADModel:165 - CPN selected for project level
2023-09-18 11:58:17,143 [INFO] CADModel:114 - Register for checkConnection events
2023-09-18 11:58:17,143 [FATAL] Updater:308 - Updater called before beeing initialized
2023-09-18 11:58:17,143 [ERROR] CADModel:125 - Updater not yet initialized, retry later 
2023-09-18 11:58:17,238 [INFO] CADModel:165 - CPN selected for project level
2023-09-18 11:58:17,238 [INFO] CADModel:114 - Register for checkConnection events
2023-09-18 11:58:17,238 [FATAL] Updater:308 - Updater called before beeing initialized
2023-09-18 11:58:17,238 [ERROR] CADModel:125 - Updater not yet initialized, retry later 
2023-09-18 11:58:17,240 [FATAL] Updater:308 - Updater called before beeing initialized
2023-09-18 11:58:17,283 [FATAL] Updater:308 - Updater called before beeing initialized
2023-09-18 11:58:17,287 [INFO] DbMcusAds:53 - JSON generation date=Tue Mar 07 09:50:55 CET 2023 (1678179055114)
2023-09-18 11:58:17,287 [FATAL] Updater:308 - Updater called before beeing initialized
2023-09-18 11:58:17,311 [WARN] DetailPanel:346 - Failed to get advertising image, set to default
2023-09-18 11:58:17,382 [FATAL] Updater:308 - Updater called before beeing initialized
2023-09-18 11:58:17,384 [FATAL] Updater:308 - Updater called before beeing initialized
2023-09-18 11:58:17,384 [FATAL] Updater:308 - Updater called before beeing initialized
2023-09-18 11:58:17,384 [WARN] DetailPanel:346 - Failed to get advertising image, set to default
2023-09-18 11:58:17,384 [FATAL] Updater:308 - Updater called before beeing initialized
2023-09-18 11:58:17,402 [ERROR] Updater:1120 - MainUpdater not yet initialized. External WinMGr cannot be set.
2023-09-18 11:58:17,403 [INFO] Updater:1056 - Updater Version found : 6.9.1
2023-09-18 11:58:17,418 [INFO] ApplicationProperties:184 - Using Application install path: /opt/st/stm32cubeide_1.13.1/plugins/com.st.stm32cube.common.mx_6.9.1.202307191849
2023-09-18 11:58:17,493 [INFO] MainUpdater:2868 - connection check result : 10
2023-09-18 11:58:17,493 [INFO] MainUpdater:3562 - Updater definition file requires update
2023-09-18 11:58:17,494 [INFO] MainUpdater:285 - Updater Check For Update Now.
2023-09-18 11:58:17,494 [INFO] MicroXplorer:498 - Change Database Version : DB.6.0.91
2023-09-18 11:58:17,496 [INFO] McuFinderGlobals:63 - Set McuFinder mode to 2 (CubeIDE integrated)
2023-09-18 11:58:17,497 [INFO] UserAuth:179 - activating auth plugin
2023-09-18 11:58:17,499 [INFO] UserAuth:393 - Internet connection configuration mode: 1
2023-09-18 11:58:17,505 [INFO] ServerAccessManage:473 - Download File updaters.zip
2023-09-18 11:58:17,509 [INFO] JxBrowserEngine:151 - Initiate JxBrowser Engine with user profile folder
2023-09-18 11:58:17,546 [INFO] FileExtend:240 - Unzip File : updaters.zip
2023-09-18 11:58:17,546 [INFO] FileExtend:255 - Standard Zip Deflate
2023-09-18 11:58:17,638 [INFO] ServerAccessManage:473 - Download File PacksControlFlags.xml
2023-09-18 11:58:17,666 [INFO] ServerAccessManage:473 - Download File cubemx.pidx
2023-09-18 11:58:17,717 [INFO] LoadServerUpdatesThread:373 - End of LoadServerUpdate Thread
2023-09-18 11:58:17,843 [INFO] CheckServerUpdateThread:120 - End of CheckServer Thread
2023-09-18 11:58:18,254 [INFO] WebApp:157 - Instantiating new browser for Auth
2023-09-18 11:58:18,755 [INFO] WebApp:753 - Register for checkConnection events
2023-09-18 11:58:18,755 [INFO] WebApp:390 - Apply proxy settings
2023-09-18 11:58:18,755 [INFO] WebApp:475 - Chromium requires no authentication
2023-09-18 11:58:18,759 [INFO] WebApp:418 - Direct internet connection detected
2023-09-18 11:58:18,826 [INFO] WebApp:188 - Starting web application
2023-09-18 11:58:18,827 [INFO] WebApp:520 - Web application path used /opt/st/stm32cubeide_1.13.1/plugins/com.st.stm32cube.common.mx_6.9.1.202307191849/db/plugins/mcufinder/reactClient1/index.html
2023-09-18 11:58:19,745 [WARN] PackLoader:240 - Cannot read IP mode file for STMicroelectronics.X-CUBE-GNSS1.6.0.0
2023-09-18 11:58:19,749 [WARN] PackLoader:240 - Cannot read IP mode file for STMicroelectronics.X-CUBE-SMBUS.2.1.0
2023-09-18 11:58:19,753 [WARN] PackLoader:240 - Cannot read IP mode file for STMicroelectronics.X-CUBE-BLEMGR.1.2.0
2023-09-18 11:58:19,767 [WARN] PackLoader:240 - Cannot read IP mode file for STMicroelectronics.X-CUBE-AZRTOS-L5.2.0.0
2023-09-18 11:58:19,793 [WARN] PackLoader:240 - Cannot read IP mode file for STMicroelectronics.X-CUBE-MEMS1.9.6.0
2023-09-18 11:58:19,869 [ERROR] RealEvaluatedCondition:428 - Found unsupported composite condition: GROUP='STM32_MetaDataManager' CLASS='Data Exchange'
2023-09-18 11:58:19,870 [ERROR] RealEvaluatedCondition:428 - Found unsupported composite condition: CLASS='Data Exchange' GROUP='STM32_MetaDataManager'
2023-09-18 11:58:19,870 [WARN] PackLoader:240 - Cannot read IP mode file for STMicroelectronics.FP-SNS-MOTENV1.4.3.0
2023-09-18 11:58:19,873 [WARN] PackLoader:240 - Cannot read IP mode file for STMicroelectronics.FP-SNS-MOTENV1.4.3.2
2023-09-18 11:58:19,875 [WARN] PackLoader:240 - Cannot read IP mode file for STMicroelectronics.FP-SNS-FLIGHT1.5.0.0
2023-09-18 11:58:19,877 [ERROR] RealEvaluatedCondition:428 - Found unsupported composite condition: CLASS='Data Exchange' GROUP='STM32_MetaDataManager'
2023-09-18 11:58:19,877 [ERROR] RealEvaluatedCondition:428 - Found unsupported composite condition: GROUP='STM32_MetaDataManager' CLASS='Data Exchange'
2023-09-18 11:58:19,878 [WARN] PackLoader:240 - Cannot read IP mode file for STMicroelectronics.FP-SNS-MOTENV1.4.3.1
2023-09-18 11:58:19,881 [WARN] PackLoader:240 - Cannot read IP mode file for STMicroelectronics.FP-SNS-FLIGHT1.5.0.1
2023-09-18 11:58:19,883 [WARN] PackLoader:240 - Cannot read IP mode file for STMicroelectronics.X-CUBE-BLE1.6.2.3
2023-09-18 11:58:19,885 [WARN] PackLoader:240 - Cannot read IP mode file for STMicroelectronics.X-CUBE-BLE1.6.2.4
2023-09-18 11:58:19,889 [WARN] PackLoader:240 - Cannot read IP mode file for STMicroelectronics.X-CUBE-BLEMGR.2.0.0
2023-09-18 11:58:19,893 [WARN] PackLoader:240 - Cannot read IP mode file for STMicroelectronics.X-CUBE-NFC4.2.0.5
2023-09-18 11:58:19,895 [WARN] PackLoader:240 - Cannot read IP mode file for STMicroelectronics.FP-SNS-FLIGHT1.5.0.2
2023-09-18 11:58:19,897 [WARN] PackLoader:240 - Cannot read IP mode file for STMicroelectronics.X-CUBE-NFC4.2.0.4
2023-09-18 11:58:19,905 [WARN] ConditionMgr:438 - getConditionDescription Invalid condition id : UX DEVICE CLASS RTOS Condition cause : null
2023-09-18 11:58:19,905 [WARN] ConditionMgr:438 - getConditionDescription Invalid condition id : UX DEVICE CLASS RTOS Condition cause : null
2023-09-18 11:58:19,906 [WARN] PackLoader:240 - Cannot read IP mode file for STMicroelectronics.X-CUBE-AZRTOS-H7.3.1.0
2023-09-18 11:58:19,907 [WARN] ConditionMgr:1039 - genDependencies : Invalid condition id : UX DEVICE CLASS RTOS Condition cause : null
2023-09-18 11:58:19,907 [WARN] ConditionMgr:1039 - genDependencies : Invalid condition id : UX DEVICE CLASS RTOS Condition cause : null
2023-09-18 11:58:19,907 [WARN] ConditionMgr:1039 - genDependencies : Invalid condition id : UX DEVICE CLASS RTOS Condition cause : null
2023-09-18 11:58:19,908 [WARN] ConditionMgr:1039 - genDependencies : Invalid condition id : UX DEVICE CLASS RTOS Condition cause : null
2023-09-18 11:58:19,908 [WARN] ConditionMgr:1039 - genDependencies : Invalid condition id : UX DEVICE CLASS RTOS Condition cause : null
2023-09-18 11:58:19,912 [WARN] PackLoader:240 - Cannot read IP mode file for STMicroelectronics.X-CUBE-TOF1.3.1.0
2023-09-18 11:58:19,916 [WARN] PackLoader:240 - Cannot read IP mode file for STMicroelectronics.X-CUBE-DISPLAY.3.0.0
2023-09-18 11:58:19,920 [WARN] PackLoader:240 - Cannot read IP mode file for STMicroelectronics.X-CUBE-BLE1.7.0.0
2023-09-18 11:58:19,922 [WARN] PackLoader:240 - Cannot read IP mode file for STMicroelectronics.X-CUBE-TOUCHGFX.4.22.0
2023-09-18 11:58:19,924 [WARN] PackLoader:240 - Cannot read IP mode file for STMicroelectronics.X-CUBE-NFC7.1.0.1
2023-09-18 11:58:19,927 [WARN] PackLoader:240 - Cannot read IP mode file for STMicroelectronics.X-CUBE-NFC7.1.0.0
2023-09-18 11:58:19,943 [WARN] PackLoader:240 - Cannot read IP mode file for STMicroelectronics.X-CUBE-MEMS1.9.3.0
2023-09-18 11:58:19,992 [WARN] PackLoader:240 - Cannot read IP mode file for STMicroelectronics.X-CUBE-EEPRMA1.4.1.0
2023-09-18 11:58:19,994 [WARN] PackLoader:240 - Cannot read IP mode file for STMicroelectronics.X-CUBE-AI.7.2.0
2023-09-18 11:58:19,997 [INFO] LogOutputStream:77 - [STDOUT_REDIRECT] 1 : Invalid condition id : UX_CORESTACK_Condition cause : null
2023-09-18 11:58:19,997 [INFO] LogOutputStream:77 - [STDOUT_REDIRECT] 1 : Invalid condition id : UX_CORESTACK_Condition cause : null
2023-09-18 11:58:19,997 [INFO] LogOutputStream:77 - [STDOUT_REDIRECT] 1 : Invalid condition id : UX_CORESTACK_Condition cause : null
2023-09-18 11:58:19,997 [INFO] LogOutputStream:77 - [STDOUT_REDIRECT] 1 : Invalid condition id : UX_CORESTACK_Condition cause : null
2023-09-18 11:58:19,997 [INFO] LogOutputStream:77 - [STDOUT_REDIRECT] 1 : Invalid condition id : UX_CORESTACK_Condition cause : null
2023-09-18 11:58:19,999 [WARN] PackLoader:240 - Cannot read IP mode file for STMicroelectronics.X-CUBE-AZRTOS-WL.2.0.0
2023-09-18 11:58:20,000 [WARN] PackLoader:240 - Cannot read IP mode file for STMicroelectronics.X-CUBE-AI.8.1.0
2023-09-18 11:58:20,007 [WARN] ConditionMgr:438 - getConditionDescription Invalid condition id : LAN8742 Phy interface Condition cause : null
2023-09-18 11:58:20,007 [WARN] PackLoader:240 - Cannot read IP mode file for STMicroelectronics.X-CUBE-AZRTOS-L4.2.0.0
2023-09-18 11:58:20,008 [WARN] ConditionMgr:1039 - genDependencies : Invalid condition id : LAN8742 Phy interface Condition cause : null
2023-09-18 11:58:20,008 [WARN] ConditionMgr:1039 - genDependencies : Invalid condition id : LAN8742 Phy interface Condition cause : null
2023-09-18 11:58:20,008 [WARN] ConditionMgr:1039 - genDependencies : Invalid condition id : LAN8742 Phy interface Condition cause : null
2023-09-18 11:58:20,011 [WARN] PackLoader:240 - Cannot read IP mode file for WES.I-CUBE-Cesium.1.3.0
2023-09-18 11:58:20,013 [WARN] PackLoader:240 - Cannot read IP mode file for STMicroelectronics.X-CUBE-BLE2.3.3.0
2023-09-18 11:58:20,016 [WARN] PackLoader:240 - Cannot read IP mode file for STMicroelectronics.X-CUBE-DISPLAY.2.2.0
2023-09-18 11:58:20,021 [WARN] PackLoader:240 - Cannot read IP mode file for STMicroelectronics.X-CUBE-TOF1.3.2.0
2023-09-18 11:58:20,031 [WARN] PackLoader:240 - Cannot read IP mode file for STMicroelectronics.X-CUBE-AZRTOS-H7.3.0.0
2023-09-18 11:58:20,034 [WARN] PackLoader:240 - Cannot read IP mode file for STMicroelectronics.X-CUBE-ISPU.1.0.0
2023-09-18 11:58:20,036 [WARN] PackLoader:240 - Cannot read IP mode file for STMicroelectronics.X-CUBE-ISPU.1.1.0
2023-09-18 11:58:20,040 [WARN] PackLoader:240 - Cannot read IP mode file for RoweBots.I-CUBE-UNISONRTOS.5.5.0-4
2023-09-18 11:58:20,047 [WARN] PackLoader:240 - Cannot read IP mode file for STMicroelectronics.X-CUBE-AZRTOS-H7.2.1.0
2023-09-18 11:58:20,051 [WARN] PackLoader:240 - Cannot read IP mode file for STMicroelectronics.X-CUBE-AI.8.0.0
2023-09-18 11:58:20,056 [WARN] ConditionMgr:438 - getConditionDescription Invalid condition id : UX DEVICE CLASS RTOS Condition cause : null
2023-09-18 11:58:20,056 [WARN] ConditionMgr:438 - getConditionDescription Invalid condition id : UX DEVICE CLASS RTOS Condition cause : null
2023-09-18 11:58:20,057 [WARN] PackLoader:240 - Cannot read IP mode file for STMicroelectronics.X-CUBE-AZRTOS-WB.2.0.0
2023-09-18 11:58:20,057 [WARN] ConditionMgr:1039 - genDependencies : Invalid condition id : UX DEVICE CLASS RTOS Condition cause : null
2023-09-18 11:58:20,057 [WARN] ConditionMgr:1039 - genDependencies : Invalid condition id : UX DEVICE CLASS RTOS Condition cause : null
2023-09-18 11:58:20,057 [WARN] ConditionMgr:1039 - genDependencies : Invalid condition id : UX DEVICE CLASS RTOS Condition cause : null
2023-09-18 11:58:20,057 [WARN] ConditionMgr:1039 - genDependencies : Invalid condition id : UX DEVICE CLASS RTOS Condition cause : null
2023-09-18 11:58:20,057 [WARN] ConditionMgr:1039 - genDependencies : Invalid condition id : UX DEVICE CLASS RTOS Condition cause : null
2023-09-18 11:58:20,060 [WARN] PackLoader:240 - Cannot read IP mode file for STMicroelectronics.X-CUBE-FREERTOS.1.0.0
2023-09-18 11:58:20,062 [WARN] PackLoader:240 - Cannot read IP mode file for STMicroelectronics.X-CUBE-FREERTOS.1.0.1
2023-09-18 11:58:20,064 [WARN] PackLoader:240 - Cannot read IP mode file for STMicroelectronics.X-CUBE-TOUCHGFX.4.21.1
2023-09-18 11:58:20,065 [WARN] PackLoader:240 - Cannot read IP mode file for STMicroelectronics.X-CUBE-TOUCHGFX.4.21.0
2023-09-18 11:58:20,067 [WARN] PackLoader:240 - Cannot read IP mode file for STMicroelectronics.X-CUBE-TOUCHGFX.4.21.3
2023-09-18 11:58:20,068 [WARN] PackLoader:240 - Cannot read IP mode file for STMicroelectronics.X-CUBE-TOUCHGFX.4.21.4
2023-09-18 11:58:20,082 [WARN] PackLoader:240 - Cannot read IP mode file for STMicroelectronics.X-CUBE-MEMS1.9.4.0
2023-09-18 11:58:20,135 [WARN] PackLoader:240 - Cannot read IP mode file for STMicroelectronics.X-CUBE-AI.7.3.0
2023-09-18 11:58:20,137 [WARN] PackLoader:240 - Cannot read IP mode file for STMicroelectronics.X-CUBE-ALGOBUILD.1.3.0
2023-09-18 11:58:20,144 [WARN] PackLoader:240 - Cannot read IP mode file for STMicroelectronics.X-CUBE-AZRTOS-L5.1.1.0
2023-09-18 11:58:20,147 [WARN] PackLoader:240 - Cannot read IP mode file for STMicroelectronics.X-CUBE-AI.8.0.1
2023-09-18 11:58:20,154 [WARN] PackLoader:240 - Cannot read IP mode file for STMicroelectronics.X-CUBE-SUBG2.5.0.0
2023-09-18 11:58:20,161 [WARN] PackLoader:240 - Cannot read IP mode file for STMicroelectronics.X-CUBE-NFC4.3.0.0
2023-09-18 11:58:20,189 [WARN] PackLoader:240 - Cannot read IP mode file for SEGGER.I-CUBE-embOS.1.2.1
2023-09-18 11:58:20,205 [WARN] PackLoader:240 - Cannot read IP mode file for STMicroelectronics.X-CUBE-TOF1.3.3.1
2023-09-18 11:58:20,215 [WARN] PackLoader:240 - Cannot read IP mode file for STMicroelectronics.X-CUBE-AZRTOS-G4.2.0.0
2023-09-18 11:58:20,219 [WARN] PackLoader:240 - Cannot read IP mode file for STMicroelectronics.X-CUBE-TOF1.3.3.0
2023-09-18 11:58:20,224 [WARN] PackLoader:240 - Cannot read IP mode file for STMicroelectronics.FP-ATR-ASTRA1.1.1.1
2023-09-18 11:58:20,228 [WARN] PackLoader:240 - Cannot read IP mode file for STMicroelectronics.X-CUBE-BLEMGR.1.3.0
2023-09-18 11:58:20,238 [WARN] PackLoader:240 - Cannot read IP mode file for STMicroelectronics.X-CUBE-AZRTOS-G4.1.0.0
2023-09-18 11:58:20,246 [WARN] PackLoader:240 - Cannot read IP mode file for STMicroelectronics.X-CUBE-AZRTOS-L4.1.0.0
2023-09-18 11:58:20,250 [WARN] PackLoader:240 - Cannot read IP mode file for emotas.I-CUBE-CANOPEN.1.1.2
2023-09-18 11:58:20,252 [WARN] PackLoader:240 - Cannot read IP mode file for STMicroelectronics.X-CUBE-TOUCHGFX.4.20.0
2023-09-18 11:58:20,253 [WARN] PackLoader:240 - Cannot read IP mode file for STMicroelectronics.X-CUBE-FREERTOS.1.1.0
2023-09-18 11:58:20,259 [WARN] PackLoader:240 - Cannot read IP mode file for STMicroelectronics.X-CUBE-AZRTOS-WL.1.0.0
2023-09-18 11:58:20,264 [WARN] PackLoader:240 - Cannot read IP mode file for portGmbH.I-Cube-SoM-uGOAL.1.1.0
2023-09-18 11:58:20,266 [WARN] PackLoader:240 - Cannot read IP mode file for STMicroelectronics.X-CUBE-ALS.1.0.1
2023-09-18 11:58:20,280 [WARN] PackLoader:240 - Cannot read IP mode file for STMicroelectronics.X-CUBE-MEMS1.9.5.0
2023-09-18 11:58:20,333 [WARN] PackLoader:240 - Cannot read IP mode file for STMicroelectronics.X-CUBE-AZRTOS-WB.1.1.0
2023-09-18 11:58:20,345 [WARN] PackLoader:240 - Cannot read IP mode file for SEGGER.I-CUBE-embOS.1.3.1
2023-09-18 11:58:20,367 [WARN] PackLoader:240 - Cannot read IP mode file for STMicroelectronics.X-CUBE-AZRTOS-L5.1.0.0
2023-09-18 11:58:20,370 [WARN] PackLoader:240 - Cannot read IP mode file for STMicroelectronics.X-CUBE-EEPRMA1.3.1.1
2023-09-18 11:58:20,372 [WARN] PackLoader:240 - Cannot read IP mode file for STMicroelectronics.FP-ATR-ASTRA1.2.0.0
2023-09-18 11:58:20,372 [INFO] ThirdParty:978 - Integrity check success = true
2023-09-18 11:58:20,372 [INFO] IntegrityCheckThread:100 - exiting critical section [integrity check]
2023-09-18 11:58:20,372 [INFO] IntegrityCheckThread:103 - End integrity checks thread
2023-09-18 11:58:39,266 [ERROR] LogOutputStream:75 - [STDERR_REDIRECT] SLF4J: Failed to load class "org.slf4j.impl.StaticLoggerBinder".
2023-09-18 11:58:39,266 [ERROR] LogOutputStream:75 - [STDERR_REDIRECT] SLF4J: Defaulting to no-operation (NOP) logger implementation
2023-09-18 11:58:39,266 [ERROR] LogOutputStream:75 - [STDERR_REDIRECT] SLF4J: See http://www.slf4j.org/codes.html#StaticLoggerBinder for further details.
2023-09-18 11:58:42,793 [INFO] McuFinderGlobals:63 - Set McuFinder mode to 2 (CubeIDE integrated)
2023-09-18 11:58:42,796 [INFO] MainUpdater:2868 - connection check result : 10
2023-09-18 11:58:42,796 [INFO] MainUpdater:2868 - connection check result : 10
2023-09-18 11:58:42,817 [INFO] MicroXplorer:468 - Change Database Path : 
2023-09-18 11:58:42,817 [INFO] MicroXplorer:498 - Change Database Version : DB.6.0.91
2023-09-18 11:58:42,819 [WARN] ThirdParty:871 - waiting for thirdparty lock release [close project]
2023-09-18 11:58:42,819 [INFO] ThirdParty:873 - entering critical section [close project]
2023-09-18 11:58:42,820 [INFO] ThirdParty:883 - exiting critical section [close project]
2023-09-18 11:58:42,821 [INFO] PinOutPanel:1499 - setPackage(No Configuration,No Configuration)
2023-09-18 11:58:42,824 [INFO] UtilMem:75 - Begin LoadConfig() Used Memory: 364454680 Bytes (442499072)
2023-09-18 11:58:46,304 [INFO] ServerAccessManage:473 - Download File stm32cube_db_v6081.zip
2023-09-18 11:58:50,189 [INFO] FileExtend:240 - Unzip File : stm32cube_db_v6081.zip
2023-09-18 11:58:50,189 [INFO] FileExtend:255 - Standard Zip Deflate
2023-09-18 11:58:51,306 [INFO] LoadServerPackagesThread:196 - End of LoadServerPackages Thread
2023-09-18 11:58:51,419 [INFO] CheckServerUpdateThread:120 - End of CheckServer Thread
2023-09-18 11:58:59,063 [INFO] MainUpdater:2868 - connection check result : 10
2023-09-18 11:58:59,063 [INFO] MainUpdater:2868 - connection check result : 10
2023-09-18 11:58:59,067 [INFO] MicroXplorer:468 - Change Database Path : 
2023-09-18 11:58:59,067 [INFO] MicroXplorer:498 - Change Database Version : DB.6.0.91
2023-09-18 11:58:59,067 [WARN] ThirdParty:871 - waiting for thirdparty lock release [close project]
2023-09-18 11:58:59,067 [INFO] ThirdParty:873 - entering critical section [close project]
2023-09-18 11:58:59,067 [INFO] ThirdParty:883 - exiting critical section [close project]
2023-09-18 11:58:59,067 [INFO] PinOutPanel:1499 - setPackage(No Configuration,No Configuration)
2023-09-18 11:58:59,068 [INFO] UtilMem:75 - Begin LoadConfig() Used Memory: 605997312 Bytes (1073741824)
2023-09-18 11:58:59,070 [INFO] MicroXplorer:468 - Change Database Path : /home/nicolas/.stm32cubemx/databases/DB.6.0.81/db/
2023-09-18 11:58:59,070 [INFO] MicroXplorer:498 - Change Database Version : DB.6.0.81
2023-09-18 11:59:03,212 [INFO] MicroXplorer:468 - Change Database Path : 
2023-09-18 11:59:03,212 [INFO] MicroXplorer:498 - Change Database Version : DB.6.0.91
2023-09-18 11:59:03,212 [INFO] OpenFileManager:308 - Change cursor
2023-09-18 11:59:03,233 [INFO] Mcu:1946 - Initializing MCU STM32G431R(6-8-B)Tx STM32G431RBTx STM32G431RBT6
2023-09-18 11:59:04,409 [INFO] Context:659 - Trying to add GPIOservice into a context  which must be forbidden
2023-09-18 11:59:04,867 [INFO] RtosManager:555 - Registered RTOS mode: class=CMSIS, group=RTOS, mode=CMSIS_V1, owner=FREERTOS
2023-09-18 11:59:04,868 [INFO] RtosManager:555 - Registered RTOS mode: class=CMSIS, group=RTOS2, mode=CMSIS_V2, owner=FREERTOS
2023-09-18 11:59:04,868 [INFO] RtosManager:555 - Registered RTOS mode: class=RTOS, group=Core, mode=CMSIS_V1, owner=FREERTOS
2023-09-18 11:59:04,868 [INFO] RtosManager:555 - Registered RTOS mode: class=RTOS, group=Core, mode=CMSIS_V2, owner=FREERTOS
2023-09-18 11:59:04,868 [WARN] ModelIntegratedComponent:184 - Missing modes for component STMicroelectronics:FreeRTOS:0.0.1:STMicroelectronics:RTOS:FreeRTOS:Core:::10.2.0:
2023-09-18 11:59:04,875 [WARN] ModelIntegratedComponent:63 - No mode defined for component null
2023-09-18 11:59:04,875 [WARN] ModelIntegratedComponent:63 - No mode defined for component null
2023-09-18 11:59:04,875 [WARN] ModelIntegratedComponent:63 - No mode defined for component null
2023-09-18 11:59:04,875 [WARN] ModelIntegratedComponent:63 - No mode defined for component null
2023-09-18 11:59:04,875 [WARN] ModelIntegratedComponent:63 - No mode defined for component null
2023-09-18 11:59:04,875 [WARN] ModelIntegratedComponent:63 - No mode defined for component null
2023-09-18 11:59:04,875 [WARN] ModelIntegratedComponent:63 - No mode defined for component null
2023-09-18 11:59:04,875 [WARN] ModelIntegratedComponent:63 - No mode defined for component null
2023-09-18 11:59:04,875 [WARN] ModelIntegratedComponent:63 - No mode defined for component null
2023-09-18 11:59:04,875 [WARN] ModelIntegratedComponent:63 - No mode defined for component null
2023-09-18 11:59:04,875 [WARN] ModelIntegratedComponent:63 - No mode defined for component null
2023-09-18 11:59:04,875 [WARN] ModelIntegratedComponent:63 - No mode defined for component null
2023-09-18 11:59:04,875 [WARN] ModelIntegratedComponent:63 - No mode defined for component null
2023-09-18 11:59:04,875 [WARN] ModelIntegratedComponent:63 - No mode defined for component null
2023-09-18 11:59:04,875 [WARN] ModelIntegratedComponent:63 - No mode defined for component null
2023-09-18 11:59:04,875 [WARN] ModelIntegratedComponent:63 - No mode defined for component null
2023-09-18 11:59:04,875 [WARN] ModelIntegratedComponent:63 - No mode defined for component null
2023-09-18 11:59:04,875 [WARN] ModelIntegratedComponent:63 - No mode defined for component null
2023-09-18 11:59:04,875 [WARN] ModelIntegratedComponent:63 - No mode defined for component null
2023-09-18 11:59:04,875 [WARN] ModelIntegratedComponent:63 - No mode defined for component null
2023-09-18 11:59:04,875 [WARN] ModelIntegratedComponent:63 - No mode defined for component null
2023-09-18 11:59:04,875 [WARN] ModelIntegratedComponent:63 - No mode defined for component null
2023-09-18 11:59:04,876 [WARN] ModelIntegratedComponent:63 - No mode defined for component null
2023-09-18 11:59:04,876 [WARN] ModelIntegratedComponent:63 - No mode defined for component null
2023-09-18 11:59:04,876 [WARN] ModelIntegratedComponent:63 - No mode defined for component null
2023-09-18 11:59:04,876 [WARN] ModelIntegratedComponent:63 - No mode defined for component null
2023-09-18 11:59:04,876 [WARN] ModelIntegratedComponent:63 - No mode defined for component null
2023-09-18 11:59:04,876 [WARN] ModelIntegratedComponent:63 - No mode defined for component null
2023-09-18 11:59:04,876 [WARN] ModelIntegratedComponent:63 - No mode defined for component null
2023-09-18 11:59:04,876 [WARN] ModelIntegratedComponent:63 - No mode defined for component null
2023-09-18 11:59:04,876 [WARN] ModelIntegratedComponent:63 - No mode defined for component null
2023-09-18 11:59:04,876 [WARN] ModelIntegratedComponent:63 - No mode defined for component null
2023-09-18 11:59:04,876 [WARN] ModelIntegratedComponent:63 - No mode defined for component null
2023-09-18 11:59:04,960 [INFO] ThirdPartyModel:298 - Start build external matchings
2023-09-18 11:59:05,659 [INFO] ThirdPartyModel:316 - End build external matchings
2023-09-18 11:59:05,674 [INFO] ImportTextPane:194 - (OptionalMessage_ERROR) IP (ADC1) : Parameter (CommonPathInternal) has invalid value (null|null|null|null)
2023-09-18 11:59:05,675 [INFO] ImportTextPane:194 - (OptionalMessage_ERROR) IP (ADC2) : Parameter (CommonPathInternal) has invalid value (null|null|null|null)
2023-09-18 11:59:05,676 [INFO] ImportTextPane:194 - (OptionalMessage_ERROR) IP (RCC) : Invalid parameter (FamilyName)
2023-09-18 11:59:05,677 [INFO] ImportTextPane:194 - (OptionalMessage_ERROR) IP (RCC) : Parameter (RNGFreq_Value) has invalid value (170000000)
2023-09-18 11:59:05,677 [INFO] ImportTextPane:194 - (OptionalMessage_ERROR) IP (RCC) : Parameter (USBFreq_Value) has invalid value (170000000)
2023-09-18 11:59:05,830 [INFO] UtilMem:75 - End LoadConfig() Used Memory: 532629096 Bytes (1073741824)
2023-09-18 11:59:05,899 [INFO] ApiDb:581 - Connected to CubeFinder SQLite database (/home/nicolas/.stmcufinder/plugins/mcufinder/mcu/cube-finder-db.db)
2023-09-18 11:59:05,926 [INFO] ApiDb:668 - CubeFinder database Data Model version=2.1
2023-09-18 11:59:05,926 [INFO] ApiDb:669 - CubeFinder database Configuration version=3.0.37
2023-09-18 11:59:05,926 [INFO] ApiDb:670 - CubeFinder database generation date=2023-08-09 (1691586011)
2023-09-18 11:59:05,926 [INFO] ApiDb:671 - CubeFinder database FW Pack versions=[FP-ATR-ASTRA1_V2.0.0, FP-SNS-FLIGHT1_V5.0.1, FP-SNS-FLIGHT1_V5.0.2, FP-SNS-MOTENV1_V4.3.1, FP-SNS-MOTENV1_V4.3.2, STM32Cube_FW_C0_V1.1.0, STM32Cube_FW_F4_V1.27.1, STM32Cube_FW_F7_V1.17.0, STM32Cube_FW_G0_V1.6.1, STM32Cube_FW_G4_V1.5.1, STM32Cube_FW_H5_V0.5.1, STM32Cube_FW_H5_V1.1.0, STM32Cube_FW_H7_V1.11.0, STM32Cube_FW_L0_V1.12.2, STM32Cube_FW_L5_V1.5.0, STM32Cube_FW_U5_V1.3.0, STM32Cube_FW_U5_V1.3.0RC4, STM32Cube_FW_WBA_V1.0.0RC1, STM32Cube_FW_WBA_V1.1.0, STM32Cube_FW_WBA_V1.1.0RC1, STM32Cube_FW_WB_V1.15.0RC1, STM32Cube_FW_WB_V1.16.0, STM32Cube_FW_WB_V1.16.0RC2, STM32Cube_FW_WB_V1.17.0, STM32Cube_FW_WL_V1.3.0, X-CUBE-ALGOBUILD_V1.3.0, X-CUBE-ALS_V1.0.1, X-CUBE-AZRTOS-F4_V1.1.0, X-CUBE-AZRTOS-F7_V1.1.0, X-CUBE-AZRTOS-G0_V1.1.0, X-CUBE-AZRTOS-G4_V2.0.0, X-CUBE-AZRTOS-H7_V3.1.0, X-CUBE-AZRTOS-L4_V1.0.0, X-CUBE-AZRTOS-L4_V2.0.0, X-CUBE-AZRTOS-L5_V1.1.0, X-CUBE-AZRTOS-WB_V1.1.0, X-CUBE-AZRTOS-WL_V2.0.0, X-CUBE-BLE1_V7.0.0, X-CUBE-BLE2_V3.3.0, X-CUBE-BLEMGR_V2.0.0, X-CUBE-EEPRMA1_V4.1.0, X-CUBE-FREERTOS_V1.1.0, X-CUBE-GNSS1_V6.0.0, X-CUBE-MEMS1_V9.1.0, X-CUBE-MEMS1_V9.4.0, X-CUBE-MEMS1_V9.6.0, X-CUBE-NFC4_V3.0.0, X-CUBE-NFC7_V1.0.0, X-CUBE-SFXS2LP1_V4.0.0, X-CUBE-SUBG2_V5.0.0, X-CUBE-TOF1_V3.3.1]
2023-09-18 11:59:07,140 [INFO] ApiDb:240 - Found 323 in-development CPN: [B-G473E-ZEST1S, B-WB1M-WPAN1, B-WL5M-SUBG1, NUCLEO-C031C6, NUCLEO-H503RB, NUCLEO-H563ZI, NUCLEO-U545RE-Q, NUCLEO-U5A5ZJ-Q, NUCLEO-WBA52CG, STEVAL-PROTEUS1, STEVAL-SMARTAG2, STEVAL-STWINBX1, STM320518-EVAL, STM32C0116-DK, STM32C011D6Y3TR, STM32C011D6Y6TR, STM32C011F4P3, STM32C011F4P6, STM32C011F4U3, STM32C011F4U6TR, STM32C011F6P3, STM32C011F6P6, STM32C011F6U3, STM32C011F6U6TR, STM32C011J4M3, STM32C011J4M6, STM32C011J6M3, STM32C011J6M6, STM32C0316-DK, STM32C031C4T3, STM32C031C4T6, STM32C031C4U3, STM32C031C4U6, STM32C031C6T3, STM32C031C6T6, STM32C031C6U3, STM32C031C6U6, STM32C031F4P3, STM32C031F4P6, STM32C031F6P3, STM32C031F6P6, STM32C031G4U3, STM32C031G4U6, STM32C031G6U3, STM32C031G6U6, STM32C031K4T3, STM32C031K4T6, STM32C031K4U3, STM32C031K4U6, STM32C031K6T3, STM32C031K6T6, STM32C031K6U3, STM32C031K6U6, STM32G071K8TXN, STM32G071K8UXN, STM32G081GBU6N, STM32G081KBT6N, STM32G081KBUXN, STM32G0B1CCT6N, STM32G0B1KCT6, STM32G0B1NEY6TR, STM32G0B1RCT6N, STM32G0C1CCT6, STM32G0C1CCT6N, STM32G0C1CCU6N, STM32G0C1CET6N, STM32G0C1CEU6N, STM32G0C1KCT6, STM32G0C1NEY6TR, STM32G0C1RCI6N, STM32G0C1RCT6N, STM32G0C1REI6N, STM32G0C1RET6N, STM32G0C1VCI6, STM32G0C1VEI6, STM32G471CCT6, STM32G471CCU6, STM32G471CET3, STM32G471CET6, STM32G471CEU3, STM32G471CEU6, STM32G471MCT6, STM32G471MET3, STM32G471MET6, STM32G471MEY6TR, STM32G471QCT6, STM32G471QET3, STM32G471RCT6, STM32G471RET3, STM32G471RET6, STM32G471VCH6, STM32G471VCI6, STM32G471VCT6, STM32G471VEH3, STM32G471VEH6, STM32G471VEI3, STM32G471VEI6, STM32G471VET3, STM32G471VET6, STM32G474CCT6, STM32H503CBT6, STM32H503CBU6, STM32H503EBY6TR, STM32H503KBU6, STM32H503RBT6, STM32H562AGI6, STM32H562AII6, STM32H562IGK6, STM32H562IGT6, STM32H562IIK6, STM32H562IIT6, STM32H562RGT6, STM32H562RGV6, STM32H562RIT6, STM32H562RIV6, STM32H562VGT6, STM32H562VIT6, STM32H562ZGT6, STM32H562ZIT6, STM32H563AGI6, STM32H563AII3Q, STM32H563AII6, STM32H563IGK6, STM32H563IGT6, STM32H563IIK3Q, STM32H563IIK6, STM32H563IIT3Q, STM32H563IIT6, STM32H563MIY3QTR, STM32H563RGT6, STM32H563RGV6, STM32H563RIT6, STM32H563RIV6, STM32H563VGT6, STM32H563VIT3Q, STM32H563VIT6, STM32H563ZGT6, STM32H563ZIT3Q, STM32H563ZIT6, STM32H573AII3Q, STM32H573AII6, STM32H573I-DK, STM32H573IIK3Q, STM32H573IIK6, STM32H573IIT3Q, STM32H573IIT6, STM32H573MIY3QTR, STM32H573RIT6, STM32H573RIV6, STM32H573VIT3Q, STM32H573VIT6, STM32H573ZIT3Q, STM32H573ZIT6, STM32L4R5QGI6STR, STM32MP131AAE3, STM32MP131AAF3, STM32MP131AAG3, STM32MP131CAE3, STM32MP131CAF3, STM32MP131CAG3, STM32MP131DAE7, STM32MP131DAF7, STM32MP131DAG7, STM32MP131FAE7, STM32MP131FAF7, STM32MP131FAG7, STM32MP133AAE3, STM32MP133AAF3, STM32MP133AAG3, STM32MP133CAE3, STM32MP133CAF3, STM32MP133CAG3, STM32MP133DAE7, STM32MP133DAF7, STM32MP133DAG7, STM32MP133FAE7, STM32MP133FAF7, STM32MP133FAG7, STM32MP135AAE3, STM32MP135AAF3, STM32MP135AAG3, STM32MP135CAE3, STM32MP135CAF3, STM32MP135CAG3, STM32MP135DAE7, STM32MP135DAF7, STM32MP135DAG7, STM32MP135F-DK, STM32MP135FAE7, STM32MP135FAF7, STM32MP135FAF7T, STM32MP135FAF7U, STM32MP135FAG7, STM32U535CBT6, STM32U535CBT6Q, STM32U535CBU6, STM32U535CBU6Q, STM32U535CCT6, STM32U535CCT6Q, STM32U535CCU6, STM32U535CCU6Q, STM32U535CET6, STM32U535CET6Q, STM32U535CEU6, STM32U535CEU6Q, STM32U535JEY6QTR, STM32U535NCY6QTR, STM32U535NEY6QTR, STM32U535RBI6, STM32U535RBI6Q, STM32U535RBT6, STM32U535RBT6Q, STM32U535RCI6, STM32U535RCI6Q, STM32U535RCT6, STM32U535RCT6Q, STM32U535REI6, STM32U535REI6Q, STM32U535RET6, STM32U535RET6Q, STM32U535VCI6, STM32U535VCI6Q, STM32U535VCT6, STM32U535VCT6Q, STM32U535VEI6, STM32U535VEI6Q, STM32U535VET6, STM32U535VET6Q, STM32U545CET6, STM32U545CET6Q, STM32U545CEU6, STM32U545CEU6Q, STM32U545JEY6QTR, STM32U545NEY6QTR, STM32U545REI6, STM32U545REI6Q, STM32U545RET6, STM32U545RET6Q, STM32U545VEI6, STM32U545VEI6Q, STM32U545VET6, STM32U545VET6Q, STM32U595AIH6, STM32U595AIH6Q, STM32U595AJH6, STM32U595AJH6Q, STM32U595QII6, STM32U595QII6Q, STM32U595QJI6, STM32U595QJI6Q, STM32U595RIT6, STM32U595RIT6Q, STM32U595RJT6, STM32U595RJT6Q, STM32U595VIT6, STM32U595VIT6Q, STM32U595VJT6, STM32U595VJT6Q, STM32U595ZIT6, STM32U595ZIT6Q, STM32U595ZIY6QTR, STM32U595ZJT6, STM32U595ZJT6Q, STM32U595ZJY6QTR, STM32U599BJY6QTR, STM32U599NIH6Q, STM32U599NJH6Q, STM32U599VIT6Q, STM32U599VJT6, STM32U599VJT6Q, STM32U599ZIT6Q, STM32U599ZIY6QTR, STM32U599ZJT6Q, STM32U599ZJY6QTR, STM32U5A5AJH6, STM32U5A5AJH6Q, STM32U5A5QJI6, STM32U5A5QJI6Q, STM32U5A5RJT6, STM32U5A5RJT6Q, STM32U5A5VJT6, STM32U5A5VJT6Q, STM32U5A5ZJT6, STM32U5A5ZJT6Q, STM32U5A5ZJY6QTR, STM32U5A9BJY6QTR, STM32U5A9J-DK, STM32U5A9NJH6Q, STM32U5A9VJT6Q, STM32U5A9ZJT6Q, STM32U5A9ZJY6QTR, STM32U5F7VIT6, STM32U5F7VIT6Q, STM32U5F7VJT6, STM32U5F7VJT6Q, STM32U5F9BJY6QTR, STM32U5F9NJH6Q, STM32U5F9VIT6Q, STM32U5F9VJT6Q, STM32U5F9ZIJ6QTR, STM32U5F9ZIT6Q, STM32U5F9ZJJ6QTR, STM32U5F9ZJT6Q, STM32U5G7VJT6, STM32U5G7VJT6Q, STM32U5G9BJY6QTR, STM32U5G9J-DK1, STM32U5G9J-DK2, STM32U5G9NJH6Q, STM32U5G9VJT6Q, STM32U5G9ZJJ6QTR, STM32U5G9ZJT6Q, STM32WB1MMCH6, STM32WBA52CEU6, STM32WBA52CEU6T, STM32WBA52CGU6, STM32WBA52CGU6T, STM32WBA52KEU6, STM32WBA52KEU6T, STM32WBA52KGU6, STM32WBA52KGU6T, STM32WL5MOCH6, STM32WL5MOCH6TR]
2023-09-18 11:59:07,142 [INFO] DbMcus:217 - Found 3848 MCUs, 3848 are supported
2023-09-18 11:59:07,142 [INFO] ApiDb:423 - Load user favorites file /home/nicolas/.stm32cubeide/favorites.mcus.txt: 0 item(s)
2023-09-18 11:59:07,142 [INFO] ApiDb:427 - User favorites MCUs=[]
2023-09-18 11:59:07,142 [INFO] DbMcus:223 - Set 0 / 0 favorites MCUs
2023-09-18 11:59:07,348 [WARN] ThirdParty:833 - waiting for thirdparty lock release [change project]
2023-09-18 11:59:07,348 [INFO] ThirdParty:835 - entering critical section [change project]
2023-09-18 11:59:07,348 [INFO] ThirdParty:1030 - CMSIS Pack Vendor :STMicroelectronics X-CUBE-ISPU 1.1.0
2023-09-18 11:59:07,348 [INFO] ThirdParty:1030 - CMSIS Pack Vendor :STMicroelectronics USBPD 4.1
2023-09-18 11:59:07,348 [INFO] ThirdParty:1030 - CMSIS Pack Vendor :RoweBots I-CUBE-UNISONRTOS 5.5.0-4
2023-09-18 11:59:07,348 [INFO] ThirdParty:1030 - CMSIS Pack Vendor :STMicroelectronics X-CUBE-GNSS1 6.0.0
2023-09-18 11:59:07,348 [INFO] ThirdParty:1030 - CMSIS Pack Vendor :STMicroelectronics X-CUBE-AZRTOS-H7 2.1.0
2023-09-18 11:59:07,348 [INFO] ThirdParty:1030 - CMSIS Pack Vendor :STMicroelectronics USB_HOST 2.0.0
2023-09-18 11:59:07,348 [INFO] ThirdParty:1030 - CMSIS Pack Vendor :STMicroelectronics LIBJPEG 8.0.0
2023-09-18 11:59:07,348 [INFO] ThirdParty:1030 - CMSIS Pack Vendor :STMicroelectronics X-CUBE-SMBUS 2.1.0
2023-09-18 11:59:07,348 [INFO] ThirdParty:1030 - CMSIS Pack Vendor :STMicroelectronics USB_DEVICE 3.0.0
2023-09-18 11:59:07,348 [INFO] ThirdParty:1030 - CMSIS Pack Vendor :STMicroelectronics X-CUBE-AI 8.0.0
2023-09-18 11:59:07,348 [INFO] ThirdParty:1030 - CMSIS Pack Vendor :STMicroelectronics X-CUBE-AZRTOS-WB 2.0.0
2023-09-18 11:59:07,348 [INFO] ThirdParty:1030 - CMSIS Pack Vendor :STMicroelectronics X-CUBE-FREERTOS 1.0.0
2023-09-18 11:59:07,348 [INFO] ThirdParty:1030 - CMSIS Pack Vendor :STMicroelectronics X-CUBE-FREERTOS 1.0.1
2023-09-18 11:59:07,348 [INFO] ThirdParty:1030 - CMSIS Pack Vendor :STMicroelectronics X-CUBE-TOUCHGFX 4.21.1
2023-09-18 11:59:07,348 [INFO] ThirdParty:1030 - CMSIS Pack Vendor :STMicroelectronics X-CUBE-TOUCHGFX 4.21.0
2023-09-18 11:59:07,348 [INFO] ThirdParty:1030 - CMSIS Pack Vendor :STMicroelectronics X-CUBE-TOUCHGFX 4.21.3
2023-09-18 11:59:07,348 [INFO] ThirdParty:1030 - CMSIS Pack Vendor :STMicroelectronics X-CUBE-BLEMGR 1.2.0
2023-09-18 11:59:07,348 [INFO] ThirdParty:1030 - CMSIS Pack Vendor :STMicroelectronics X-CUBE-AZRTOS-L5 2.0.0
2023-09-18 11:59:07,348 [INFO] ThirdParty:1030 - CMSIS Pack Vendor :STMicroelectronics X-CUBE-TOUCHGFX 4.21.4
2023-09-18 11:59:07,348 [INFO] ThirdParty:1030 - CMSIS Pack Vendor :STMicroelectronics X-CUBE-MEMS1 9.4.0
2023-09-18 11:59:07,348 [INFO] ThirdParty:1030 - CMSIS Pack Vendor :STMicroelectronics USB_DEVICE 2.0.0
2023-09-18 11:59:07,348 [INFO] ThirdParty:1030 - CMSIS Pack Vendor :STMicroelectronics X-CUBE-MEMS1 9.6.0
2023-09-18 11:59:07,348 [INFO] ThirdParty:1030 - CMSIS Pack Vendor :STMicroelectronics X-CUBE-AI 7.3.0
2023-09-18 11:59:07,348 [INFO] ThirdParty:1030 - CMSIS Pack Vendor :STMicroelectronics FP-SNS-MOTENV1 4.3.0
2023-09-18 11:59:07,348 [INFO] ThirdParty:1030 - CMSIS Pack Vendor :STMicroelectronics FP-SNS-MOTENV1 4.3.2
2023-09-18 11:59:07,348 [INFO] ThirdParty:1030 - CMSIS Pack Vendor :STMicroelectronics FP-SNS-FLIGHT1 5.0.0
2023-09-18 11:59:07,348 [INFO] ThirdParty:1030 - CMSIS Pack Vendor :STMicroelectronics FP-SNS-MOTENV1 4.3.1
2023-09-18 11:59:07,348 [INFO] ThirdParty:1030 - CMSIS Pack Vendor :STMicroelectronics FP-SNS-FLIGHT1 5.0.1
2023-09-18 11:59:07,348 [INFO] ThirdParty:1030 - CMSIS Pack Vendor :STMicroelectronics X-CUBE-BLE1 6.2.3
2023-09-18 11:59:07,348 [INFO] ThirdParty:1030 - CMSIS Pack Vendor :STMicroelectronics X-CUBE-ALGOBUILD 1.3.0
2023-09-18 11:59:07,348 [INFO] ThirdParty:1030 - CMSIS Pack Vendor :STMicroelectronics X-CUBE-BLE1 6.2.4
2023-09-18 11:59:07,348 [INFO] ThirdParty:1030 - CMSIS Pack Vendor :STMicroelectronics X-CUBE-AZRTOS-L5 1.1.0
2023-09-18 11:59:07,348 [INFO] ThirdParty:1030 - CMSIS Pack Vendor :STMicroelectronics FreeRTOS 0.0.1
2023-09-18 11:59:07,348 [INFO] ThirdParty:1030 - CMSIS Pack Vendor :STMicroelectronics X-CUBE-BLEMGR 2.0.0
2023-09-18 11:59:07,348 [INFO] ThirdParty:1030 - CMSIS Pack Vendor :STMicroelectronics X-CUBE-AI 8.0.1
2023-09-18 11:59:07,348 [INFO] ThirdParty:1030 - CMSIS Pack Vendor :STMicroelectronics X-CUBE-SUBG2 5.0.0
2023-09-18 11:59:07,348 [INFO] ThirdParty:1030 - CMSIS Pack Vendor :STMicroelectronics X-CUBE-NFC4 3.0.0
2023-09-18 11:59:07,348 [INFO] ThirdParty:1030 - CMSIS Pack Vendor :STMicroelectronics STM32_WPAN 1.0.0
2023-09-18 11:59:07,348 [INFO] ThirdParty:1030 - CMSIS Pack Vendor :SEGGER I-CUBE-embOS 1.2.1
2023-09-18 11:59:07,348 [INFO] ThirdParty:1030 - CMSIS Pack Vendor :STMicroelectronics lwIP 2.0.3
2023-09-18 11:59:07,348 [INFO] ThirdParty:1030 - CMSIS Pack Vendor :STMicroelectronics X-CUBE-NFC4 2.0.5
2023-09-18 11:59:07,348 [INFO] ThirdParty:1030 - CMSIS Pack Vendor :STMicroelectronics FP-SNS-FLIGHT1 5.0.2
2023-09-18 11:59:07,348 [INFO] ThirdParty:1030 - CMSIS Pack Vendor :STMicroelectronics X-CUBE-NFC4 2.0.4
2023-09-18 11:59:07,348 [INFO] ThirdParty:1030 - CMSIS Pack Vendor :STMicroelectronics USB_HOST 1.0.0
2023-09-18 11:59:07,348 [INFO] ThirdParty:1030 - CMSIS Pack Vendor :STMicroelectronics X-CUBE-TOF1 3.3.1
2023-09-18 11:59:07,348 [INFO] ThirdParty:1030 - CMSIS Pack Vendor :STMicroelectronics X-CUBE-AZRTOS-G4 2.0.0
2023-09-18 11:59:07,348 [INFO] ThirdParty:1030 - CMSIS Pack Vendor :STMicroelectronics PDM2PCM 3.1.0
2023-09-18 11:59:07,348 [INFO] ThirdParty:1030 - CMSIS Pack Vendor :STMicroelectronics X-CUBE-AZRTOS-H7 3.1.0
2023-09-18 11:59:07,348 [INFO] ThirdParty:1030 - CMSIS Pack Vendor :STMicroelectronics X-CUBE-TOF1 3.3.0
2023-09-18 11:59:07,348 [INFO] ThirdParty:1030 - CMSIS Pack Vendor :STMicroelectronics FP-ATR-ASTRA1 1.1.1
2023-09-18 11:59:07,348 [INFO] ThirdParty:1030 - CMSIS Pack Vendor :STMicroelectronics PDM2PCM 3.3.0
2023-09-18 11:59:07,348 [INFO] ThirdParty:1030 - CMSIS Pack Vendor :STMicroelectronics X-CUBE-TOF1 3.1.0
2023-09-18 11:59:07,348 [INFO] ThirdParty:1030 - CMSIS Pack Vendor :STMicroelectronics X-CUBE-DISPLAY 3.0.0
2023-09-18 11:59:07,348 [INFO] ThirdParty:1030 - CMSIS Pack Vendor :STMicroelectronics X-CUBE-BLEMGR 1.3.0
2023-09-18 11:59:07,348 [INFO] ThirdParty:1030 - CMSIS Pack Vendor :STMicroelectronics X-CUBE-BLE1 7.0.0
2023-09-18 11:59:07,348 [INFO] ThirdParty:1030 - CMSIS Pack Vendor :STMicroelectronics X-CUBE-AZRTOS-G4 1.0.0
2023-09-18 11:59:07,348 [INFO] ThirdParty:1030 - CMSIS Pack Vendor :STMicroelectronics X-CUBE-AZRTOS-L4 1.0.0
2023-09-18 11:59:07,348 [INFO] ThirdParty:1030 - CMSIS Pack Vendor :STMicroelectronics HAL Drivers 0.0.0
2023-09-18 11:59:07,348 [INFO] ThirdParty:1030 - CMSIS Pack Vendor :STMicroelectronics MBEDTLS 2.16.2
2023-09-18 11:59:07,348 [INFO] ThirdParty:1030 - CMSIS Pack Vendor :emotas I-CUBE-CANOPEN 1.1.2
2023-09-18 11:59:07,348 [INFO] ThirdParty:1030 - CMSIS Pack Vendor :STMicroelectronics X-CUBE-TOUCHGFX 4.20.0
2023-09-18 11:59:07,348 [INFO] ThirdParty:1030 - CMSIS Pack Vendor :STMicroelectronics X-CUBE-FREERTOS 1.1.0
2023-09-18 11:59:07,348 [INFO] ThirdParty:1030 - CMSIS Pack Vendor :STMicroelectronics X-CUBE-TOUCHGFX 4.22.0
2023-09-18 11:59:07,348 [INFO] ThirdParty:1030 - CMSIS Pack Vendor :STMicroelectronics X-CUBE-NFC7 1.0.1
2023-09-18 11:59:07,348 [INFO] ThirdParty:1030 - CMSIS Pack Vendor :STMicroelectronics MBEDTLS 2.14.1
2023-09-18 11:59:07,348 [INFO] ThirdParty:1030 - CMSIS Pack Vendor :STMicroelectronics X-CUBE-NFC7 1.0.0
2023-09-18 11:59:07,349 [INFO] ThirdParty:1030 - CMSIS Pack Vendor :STMicroelectronics X-CUBE-AZRTOS-WL 1.0.0
2023-09-18 11:59:07,349 [INFO] ThirdParty:1030 - CMSIS Pack Vendor :STMicroelectronics X-CUBE-MEMS1 9.3.0
2023-09-18 11:59:07,349 [INFO] ThirdParty:1030 - CMSIS Pack Vendor :STMicroelectronics X-CUBE-EEPRMA1 4.1.0
2023-09-18 11:59:07,349 [INFO] ThirdParty:1030 - CMSIS Pack Vendor :portGmbH I-Cube-SoM-uGOAL 1.1.0
2023-09-18 11:59:07,349 [INFO] ThirdParty:1030 - CMSIS Pack Vendor :STMicroelectronics X-CUBE-ALS 1.0.1
2023-09-18 11:59:07,349 [INFO] ThirdParty:1030 - CMSIS Pack Vendor :STMicroelectronics X-CUBE-AI 7.2.0
2023-09-18 11:59:07,349 [INFO] ThirdParty:1030 - CMSIS Pack Vendor :STMicroelectronics X-CUBE-MEMS1 9.5.0
2023-09-18 11:59:07,349 [INFO] ThirdParty:1030 - CMSIS Pack Vendor :STMicroelectronics ThreadX 1.0.0
2023-09-18 11:59:07,349 [INFO] ThirdParty:1030 - CMSIS Pack Vendor :STMicroelectronics X-CUBE-AZRTOS-WB 1.1.0
2023-09-18 11:59:07,349 [INFO] ThirdParty:1030 - CMSIS Pack Vendor :STMicroelectronics X-CUBE-AZRTOS-WL 2.0.0
2023-09-18 11:59:07,349 [INFO] ThirdParty:1030 - CMSIS Pack Vendor :SEGGER I-CUBE-embOS 1.3.1
2023-09-18 11:59:07,349 [INFO] ThirdParty:1030 - CMSIS Pack Vendor :STMicroelectronics X-CUBE-AZRTOS-L5 1.0.0
2023-09-18 11:59:07,349 [INFO] ThirdParty:1030 - CMSIS Pack Vendor :STMicroelectronics USB_DEVICE 1.0.0
2023-09-18 11:59:07,349 [INFO] ThirdParty:1030 - CMSIS Pack Vendor :STMicroelectronics X-CUBE-AI 8.1.0
2023-09-18 11:59:07,349 [INFO] ThirdParty:1030 - CMSIS Pack Vendor :STMicroelectronics X-CUBE-EEPRMA1 3.1.1
2023-09-18 11:59:07,349 [INFO] ThirdParty:1030 - CMSIS Pack Vendor :STMicroelectronics X-CUBE-AZRTOS-L4 2.0.0
2023-09-18 11:59:07,349 [INFO] ThirdParty:1030 - CMSIS Pack Vendor :STMicroelectronics ThreadX 0.0.2
2023-09-18 11:59:07,349 [INFO] ThirdParty:1030 - CMSIS Pack Vendor :WES I-CUBE-Cesium 1.3.0
2023-09-18 11:59:07,349 [INFO] ThirdParty:1030 - CMSIS Pack Vendor :STMicroelectronics FP-ATR-ASTRA1 2.0.0
2023-09-18 11:59:07,349 [INFO] ThirdParty:1030 - CMSIS Pack Vendor :STMicroelectronics lwIP 2.1.2
2023-09-18 11:59:07,349 [INFO] ThirdParty:1030 - CMSIS Pack Vendor :STMicroelectronics X-CUBE-BLE2 3.3.0
2023-09-18 11:59:07,349 [INFO] ThirdParty:1030 - CMSIS Pack Vendor :STMicroelectronics X-CUBE-DISPLAY 2.2.0
2023-09-18 11:59:07,349 [INFO] ThirdParty:1030 - CMSIS Pack Vendor :STMicroelectronics X-CUBE-TOF1 3.2.0
2023-09-18 11:59:07,349 [INFO] ThirdParty:1030 - CMSIS Pack Vendor :STMicroelectronics PDM2PCM 3.2.0
2023-09-18 11:59:07,349 [INFO] ThirdParty:1030 - CMSIS Pack Vendor :STMicroelectronics X-CUBE-AZRTOS-H7 3.0.0
2023-09-18 11:59:07,349 [INFO] ThirdParty:1030 - CMSIS Pack Vendor :STMicroelectronics X-CUBE-ISPU 1.0.0
2023-09-18 11:59:07,349 [INFO] ThirdParty:841 - exiting critical section [change project]
2023-09-18 11:59:07,522 [INFO] PinOutPanel:1499 - setPackage(No Configuration,No Configuration)
2023-09-18 11:59:07,523 [INFO] PinOutPanel:1499 - setPackage(STM32G431RBTx,LQFP64)
2023-09-18 11:59:07,749 [INFO] UtilMem:75 - Before build in PCC Used Memory: 601203696 Bytes (1073741824)
2023-09-18 11:59:08,173 [INFO] UtilMem:75 - After build in PCC Used Memory: 808027744 Bytes (1073741824)
2023-09-18 11:59:08,199 [INFO] IPUIPlugin:80 - create IPUIPlugin
2023-09-18 11:59:08,199 [INFO] IPUIPlugin:80 - create IPUIPlugin
2023-09-18 11:59:08,199 [INFO] IPUIPlugin:80 - create IPUIPlugin
2023-09-18 11:59:08,199 [INFO] IPUIPlugin:80 - create IPUIPlugin
2023-09-18 11:59:08,199 [INFO] IPUIPlugin:80 - create IPUIPlugin
2023-09-18 11:59:08,199 [INFO] IPUIPlugin:80 - create IPUIPlugin
2023-09-18 11:59:08,199 [INFO] IPUIPlugin:80 - create IPUIPlugin
2023-09-18 11:59:08,200 [INFO] IPUIPlugin:80 - create IPUIPlugin
2023-09-18 11:59:08,200 [INFO] IPUIPlugin:80 - create IPUIPlugin
2023-09-18 11:59:08,200 [INFO] IPUIPlugin:80 - create IPUIPlugin
2023-09-18 11:59:08,200 [INFO] IPUIPlugin:80 - create IPUIPlugin
2023-09-18 11:59:08,200 [INFO] IPUIPlugin:80 - create IPUIPlugin
2023-09-18 11:59:08,200 [INFO] IPUIPlugin:80 - create IPUIPlugin
2023-09-18 11:59:08,200 [INFO] IPUIPlugin:80 - create IPUIPlugin
2023-09-18 11:59:08,200 [INFO] IPUIPlugin:80 - create IPUIPlugin
2023-09-18 11:59:08,200 [INFO] IPUIPlugin:80 - create IPUIPlugin
2023-09-18 11:59:08,201 [INFO] IPUIPlugin:80 - create IPUIPlugin
2023-09-18 11:59:08,201 [INFO] IPUIPlugin:80 - create IPUIPlugin
2023-09-18 11:59:08,201 [INFO] IPUIPlugin:80 - create IPUIPlugin
2023-09-18 11:59:08,201 [INFO] IPUIPlugin:80 - create IPUIPlugin
2023-09-18 11:59:08,201 [INFO] IPUIPlugin:80 - create IPUIPlugin
2023-09-18 11:59:08,202 [INFO] IPUIPlugin:80 - create IPUIPlugin
2023-09-18 11:59:08,202 [INFO] IPUIPlugin:80 - create IPUIPlugin
2023-09-18 11:59:08,202 [INFO] IPUIPlugin:80 - create IPUIPlugin
2023-09-18 11:59:08,203 [INFO] IPUIPlugin:80 - create IPUIPlugin
2023-09-18 11:59:08,203 [INFO] IPUIPlugin:80 - create IPUIPlugin
2023-09-18 11:59:08,203 [INFO] IPUIPlugin:80 - create IPUIPlugin
2023-09-18 11:59:08,203 [INFO] IPUIPlugin:80 - create IPUIPlugin
2023-09-18 11:59:08,203 [INFO] IPUIPlugin:80 - create IPUIPlugin
2023-09-18 11:59:08,203 [INFO] IPUIPlugin:80 - create IPUIPlugin
2023-09-18 11:59:08,203 [INFO] IPUIPlugin:80 - create IPUIPlugin
2023-09-18 11:59:08,203 [INFO] IPUIPlugin:80 - create IPUIPlugin
2023-09-18 11:59:08,203 [INFO] IPUIPlugin:80 - create IPUIPlugin
2023-09-18 11:59:08,203 [INFO] IPUIPlugin:80 - create IPUIPlugin
2023-09-18 11:59:08,203 [INFO] IPUIPlugin:80 - create IPUIPlugin
2023-09-18 11:59:08,203 [INFO] IPUIPlugin:80 - create IPUIPlugin
2023-09-18 11:59:08,204 [INFO] IPUIPlugin:80 - create IPUIPlugin
2023-09-18 11:59:08,204 [INFO] IPUIPlugin:80 - create IPUIPlugin
2023-09-18 11:59:08,204 [INFO] IPUIPlugin:80 - create IPUIPlugin
2023-09-18 11:59:08,204 [INFO] IPUIPlugin:80 - create IPUIPlugin
2023-09-18 11:59:08,204 [INFO] IPUIPlugin:80 - create IPUIPlugin
2023-09-18 11:59:08,204 [INFO] IPUIPlugin:80 - create IPUIPlugin
2023-09-18 11:59:08,204 [INFO] IPUIPlugin:80 - create IPUIPlugin
2023-09-18 11:59:08,204 [INFO] IPUIPlugin:80 - create IPUIPlugin
2023-09-18 11:59:08,204 [INFO] IPUIPlugin:80 - create IPUIPlugin
2023-09-18 11:59:08,204 [INFO] IPUIPlugin:80 - create IPUIPlugin
2023-09-18 11:59:08,204 [INFO] IPUIPlugin:80 - create IPUIPlugin
2023-09-18 11:59:08,204 [INFO] IPUIPlugin:80 - create IPUIPlugin
2023-09-18 11:59:08,204 [INFO] IPUIPlugin:80 - create IPUIPlugin
2023-09-18 11:59:08,205 [INFO] IPUIPlugin:80 - create IPUIPlugin
2023-09-18 11:59:08,205 [INFO] IPUIPlugin:80 - create IPUIPlugin
2023-09-18 11:59:08,205 [INFO] IPUIPlugin:80 - create IPUIPlugin
2023-09-18 11:59:08,205 [INFO] IPUIPlugin:80 - create IPUIPlugin
2023-09-18 11:59:08,205 [INFO] IPUIPlugin:80 - create IPUIPlugin
2023-09-18 11:59:08,205 [INFO] IPUIPlugin:80 - create IPUIPlugin
2023-09-18 11:59:08,205 [INFO] IPUIPlugin:80 - create IPUIPlugin
2023-09-18 11:59:08,205 [INFO] IPUIPlugin:80 - create IPUIPlugin
2023-09-18 11:59:08,206 [INFO] IPUIPlugin:80 - create IPUIPlugin
2023-09-18 11:59:08,300 [INFO] CADModel:165 - CPN selected for project levelSTM32G431RBT6
2023-09-18 11:59:08,300 [INFO] CADModel:114 - Register for checkConnection events
2023-09-18 11:59:08,338 [INFO] OpenFileManager:328 - Restore cursor
2023-09-18 12:02:18,421 [INFO] Gpio:273 - dependency for GPIO [ADC1, ADC2, RCC, SYS, TIM1, TIM3, USART2, USART3]
2023-09-18 12:03:10,535 [INFO] Gpio:273 - dependency for GPIO [ADC1, ADC2, RCC, SYS, TIM1, TIM3, USART2, USART3]
2023-09-18 12:03:41,697 [INFO] ADCParametersView:116 -                Rank 1 : false
2023-09-18 12:03:41,717 [INFO] ADCParametersView:116 -                Rank 1 : false
2023-09-18 12:03:41,718 [INFO] ADCParametersView:116 -                Rank 1 : false
2023-09-18 12:03:41,718 [INFO] ADCParametersView:116 -                Rank 1 : false
2023-09-18 12:03:41,718 [INFO] ADCParametersView:116 -                Rank 1 : false
2023-09-18 12:03:41,718 [INFO] ADCParametersView:116 -                Rank 1 : false
2023-09-18 12:03:41,718 [INFO] ADCParametersView:116 -                Rank 1 : false
2023-09-18 12:03:41,718 [INFO] ADCParametersView:116 -                Rank 1 : false
2023-09-18 12:03:41,718 [INFO] ADCParametersView:116 -                Rank 1 : false
2023-09-18 12:03:41,718 [INFO] ADCParametersView:116 -                Rank 1 : false
2023-09-18 12:03:41,718 [INFO] ADCParametersView:116 -                Rank 1 : false
2023-09-18 12:03:41,718 [INFO] ADCParametersView:116 -                Rank 1 : false
2023-09-18 12:03:41,718 [INFO] ADCParametersView:116 -                Rank 1 : false
2023-09-18 12:03:41,718 [INFO] ADCParametersView:116 -                Rank 1 : false
2023-09-18 12:03:41,718 [INFO] ADCParametersView:116 -                Rank 1 : false
2023-09-18 12:03:41,718 [INFO] ADCParametersView:116 -                Rank 1 : false
2023-09-18 12:03:41,718 [INFO] ADCParametersView:116 -                Rank 1 : false
2023-09-18 12:03:41,718 [INFO] ADCParametersView:116 -                Rank 1 : false
2023-09-18 12:03:41,718 [INFO] ADCParametersView:116 -                Rank 1 : false
2023-09-18 12:03:41,718 [INFO] ADCParametersView:116 -                Rank 1 : false
2023-09-18 12:03:41,718 [INFO] ADCParametersView:116 -                Rank 1 : false
2023-09-18 12:03:41,718 [INFO] ADCParametersView:116 -                Rank 1 : false
2023-09-18 12:03:41,725 [INFO] ADCParametersView:116 -                Rank 1 : false
2023-09-18 12:04:06,875 [INFO] ADCParametersView:116 -                Rank 1 : false
2023-09-18 12:04:06,889 [INFO] ADCParametersView:116 -                Rank 1 : false
2023-09-18 12:04:06,889 [INFO] ADCParametersView:116 -                Rank 1 : false
2023-09-18 12:04:06,889 [INFO] ADCParametersView:116 -                Rank 1 : false
2023-09-18 12:04:06,889 [INFO] ADCParametersView:116 -                Rank 1 : false
2023-09-18 12:04:06,889 [INFO] ADCParametersView:116 -                Rank 1 : false
2023-09-18 12:04:06,889 [INFO] ADCParametersView:116 -                Rank 1 : false
2023-09-18 12:04:06,889 [INFO] ADCParametersView:116 -                Rank 1 : false
2023-09-18 12:04:06,890 [INFO] ADCParametersView:116 -                Rank 1 : false
2023-09-18 12:04:06,890 [INFO] ADCParametersView:116 -                Rank 1 : false
2023-09-18 12:04:06,890 [INFO] ADCParametersView:116 -                Rank 1 : false
2023-09-18 12:04:06,890 [INFO] ADCParametersView:116 -                Rank 1 : false
2023-09-18 12:04:06,890 [INFO] ADCParametersView:116 -                Rank 1 : false
2023-09-18 12:04:06,890 [INFO] ADCParametersView:116 -                Rank 1 : false
2023-09-18 12:04:06,890 [INFO] ADCParametersView:116 -                Rank 1 : false
2023-09-18 12:04:06,890 [INFO] ADCParametersView:116 -                Rank 1 : false
2023-09-18 12:04:06,890 [INFO] ADCParametersView:116 -                Rank 1 : false
2023-09-18 12:04:06,890 [INFO] ADCParametersView:116 -                Rank 1 : false
2023-09-18 12:04:06,890 [INFO] ADCParametersView:116 -                Rank 1 : false
2023-09-18 12:04:06,890 [INFO] ADCParametersView:116 -                Rank 1 : false
2023-09-18 12:04:06,890 [INFO] ADCParametersView:116 -                Rank 1 : false
2023-09-18 12:04:06,890 [INFO] ADCParametersView:116 -                Rank 1 : false
2023-09-18 12:04:06,896 [INFO] ADCParametersView:116 -                Rank 1 : false
