2023-09-10 19:09:56,537 [INFO] Activator:176 - 


2023-09-10 19:09:56,538 [INFO] Activator:177 - !SESSION log4j initialized
2023-09-10 19:09:57,670 [INFO] LogOutputStream:77 - [STDOUT_REDIRECT] 
2023-09-10 19:10:07,297 [INFO] ApplicationProperties:184 - Using Application install path: /opt/st/stm32cubeide_1.13.1/plugins/com.st.stm32cube.common.mx_6.9.1.202307191849
2023-09-10 19:10:07,306 [INFO] DbMcusXml:78 - Set database path to: /opt/st/stm32cubeide_1.13.1/plugins/com.st.stm32cube.common.mx_6.9.1.202307191849//db//mcu/
2023-09-10 19:10:07,307 [INFO] ApiDb:274 - Set plugin database path to: /opt/st/stm32cubeide_1.13.1/plugins/com.st.stm32cube.common.mx_6.9.1.202307191849//db//plugins/boardmanager/
2023-09-10 19:10:07,307 [WARN] ApiDb:259 - Overriding images path with different value:  => /opt/st/stm32cubeide_1.13.1/plugins/com.st.stm32cube.common.mx_6.9.1.202307191849//db//plugins/mcufinder/images/
2023-09-10 19:10:07,316 [INFO] ApiDb:250 - Set database path to: /home/nicolas/.stmcufinder/plugins/mcufinder//mcu/
2023-09-10 19:10:07,316 [INFO] DbMcusAds:125 - Set database path to: /home/nicolas/.stmcufinder/plugins/mcufinder//mcu/
2023-09-10 19:10:07,317 [INFO] CrossReferenceDbSqlite:203 - Set database path to: /home/nicolas/.stmcufinder/plugins/mcufinder//mcu/cs/
2023-09-10 19:10:07,376 [INFO] RulesReader:64 - Compatibility file has been processed (293 Rules)
2023-09-10 19:10:07,420 [INFO] DbMcusXml:78 - Set database path to: /opt/st/stm32cubeide_1.13.1/plugins/com.st.stm32cube.common.mx_6.9.1.202307191849//db//mcu/
2023-09-10 19:10:07,420 [INFO] ApiDb:274 - Set plugin database path to: /opt/st/stm32cubeide_1.13.1/plugins/com.st.stm32cube.common.mx_6.9.1.202307191849//db//plugins/boardmanager/
2023-09-10 19:10:07,420 [INFO] ApiDb:261 - Set plugin images path to: /opt/st/stm32cubeide_1.13.1/plugins/com.st.stm32cube.common.mx_6.9.1.202307191849//db//plugins/mcufinder/images/
2023-09-10 19:10:07,421 [WARN] DbFile:41 - Overriding database path with different value: /home/nicolas/.stmcufinder/plugins/mcufinder/ => /home/nicolas/.stmcufinder/plugins/mcufinder
2023-09-10 19:10:07,421 [INFO] ApiDb:250 - Set database path to: /home/nicolas/.stmcufinder/plugins/mcufinder//mcu/
2023-09-10 19:10:07,421 [WARN] DbFile:41 - Overriding database path with different value: /home/nicolas/.stmcufinder/plugins/mcufinder/ => /home/nicolas/.stmcufinder/plugins/mcufinder
2023-09-10 19:10:07,421 [INFO] DbMcusAds:125 - Set database path to: /home/nicolas/.stmcufinder/plugins/mcufinder//mcu/
2023-09-10 19:10:07,421 [WARN] DbFile:41 - Overriding database path with different value: /home/nicolas/.stmcufinder/plugins/mcufinder/ => /home/nicolas/.stmcufinder/plugins/mcufinder
2023-09-10 19:10:07,421 [WARN] DbFile:41 - Overriding database path with different value: /home/nicolas/.stmcufinder/plugins/mcufinder/ => /home/nicolas/.stmcufinder/plugins/mcufinder
2023-09-10 19:10:07,421 [INFO] CrossReferenceDbSqlite:203 - Set database path to: /home/nicolas/.stmcufinder/plugins/mcufinder//mcu/cs/
2023-09-10 19:10:07,457 [INFO] MainPanel:262 - HeapMemory: 268435456
2023-09-10 19:10:07,497 [INFO] DbMcusXml:78 - Set database path to: /opt/st/stm32cubeide_1.13.1/plugins/com.st.stm32cube.common.mx_6.9.1.202307191849//db//mcu/
2023-09-10 19:10:07,498 [INFO] ApiDb:274 - Set plugin database path to: /opt/st/stm32cubeide_1.13.1/plugins/com.st.stm32cube.common.mx_6.9.1.202307191849//db//plugins/boardmanager/
2023-09-10 19:10:07,498 [INFO] ApiDb:261 - Set plugin images path to: /opt/st/stm32cubeide_1.13.1/plugins/com.st.stm32cube.common.mx_6.9.1.202307191849//db//plugins/mcufinder/images/
2023-09-10 19:10:07,498 [WARN] DbFile:41 - Overriding database path with different value: /home/nicolas/.stmcufinder/plugins/mcufinder/ => /home/nicolas/.stmcufinder/plugins/mcufinder
2023-09-10 19:10:07,498 [INFO] ApiDb:250 - Set database path to: /home/nicolas/.stmcufinder/plugins/mcufinder//mcu/
2023-09-10 19:10:07,498 [WARN] DbFile:41 - Overriding database path with different value: /home/nicolas/.stmcufinder/plugins/mcufinder/ => /home/nicolas/.stmcufinder/plugins/mcufinder
2023-09-10 19:10:07,498 [INFO] DbMcusAds:125 - Set database path to: /home/nicolas/.stmcufinder/plugins/mcufinder//mcu/
2023-09-10 19:10:07,498 [WARN] DbFile:41 - Overriding database path with different value: /home/nicolas/.stmcufinder/plugins/mcufinder/ => /home/nicolas/.stmcufinder/plugins/mcufinder
2023-09-10 19:10:07,498 [WARN] DbFile:41 - Overriding database path with different value: /home/nicolas/.stmcufinder/plugins/mcufinder/ => /home/nicolas/.stmcufinder/plugins/mcufinder
2023-09-10 19:10:07,498 [INFO] CrossReferenceDbSqlite:203 - Set database path to: /home/nicolas/.stmcufinder/plugins/mcufinder//mcu/cs/
2023-09-10 19:10:07,507 [INFO] ApplicationProperties:184 - Using Application install path: /opt/st/stm32cubeide_1.13.1/plugins/com.st.stm32cube.common.mx_6.9.1.202307191849
2023-09-10 19:10:07,508 [INFO] PluginManage:196 - Search for loadable plugins [exclusion list=, ]
2023-09-10 19:10:07,510 [INFO] PluginManage:310 - Check plugin analytics
2023-09-10 19:10:07,597 [INFO] AnalyticsPlugin:253 - Accepted Software Licenses: 
2023-09-10 19:10:07,598 [INFO] AnalyticsPlugin:255 - Accepted CMSIS Pack Licenses: 
2023-09-10 19:10:07,598 [INFO] AnalyticsPlugin:257 - Accepted Firmware Licenses: 
2023-09-10 19:10:07,599 [INFO] PluginManage:359 - Loaded plugin analytics (category:tool,tabindex:-1)
2023-09-10 19:10:07,599 [INFO] PluginManage:310 - Check plugin cadmodel
2023-09-10 19:10:07,766 [INFO] CADModel:105 - Init CAD model plugin
2023-09-10 19:10:07,766 [INFO] PluginManage:359 - Loaded plugin cadmodel (category:power,tabindex:5)
2023-09-10 19:10:07,766 [INFO] PluginManage:310 - Check plugin clock
2023-09-10 19:10:07,770 [INFO] PluginManage:359 - Loaded plugin clock (category:base,tabindex:2)
2023-09-10 19:10:07,770 [INFO] PluginManage:310 - Check plugin ddr
2023-09-10 19:10:07,771 [INFO] PluginManage:359 - Loaded plugin ddr (category:tool,tabindex:6)
2023-09-10 19:10:07,771 [INFO] PluginManage:310 - Check plugin filemanager
2023-09-10 19:10:07,838 [INFO] PluginManage:359 - Loaded plugin filemanager (category:base,tabindex:10)
2023-09-10 19:10:07,839 [INFO] PluginManage:310 - Check plugin ipmanager
2023-09-10 19:10:07,841 [INFO] PluginManage:359 - Loaded plugin ipmanager (category:base,tabindex:5)
2023-09-10 19:10:07,842 [INFO] PluginManage:310 - Check plugin lpbam
2023-09-10 19:10:07,846 [INFO] PluginManage:359 - Loaded plugin lpbam (category:base,tabindex:0)
2023-09-10 19:10:07,846 [INFO] PluginManage:310 - Check plugin memorymap
2023-09-10 19:10:07,851 [INFO] PluginManage:359 - Loaded plugin memorymap (category:base,tabindex:4)
2023-09-10 19:10:07,851 [INFO] PluginManage:310 - Check plugin pinoutandconfiguration
2023-09-10 19:10:07,854 [INFO] PluginManage:359 - Loaded plugin pinoutandconfiguration (category:base,tabindex:1)
2023-09-10 19:10:07,854 [INFO] PluginManage:310 - Check plugin pinoutconfig
2023-09-10 19:10:07,896 [WARN] SupportedApi:132 - Cannot load RTOS API schema: s4s-elt-must-match.1: The content of 'definitions' must match (annotation?, (simpleType | complexType)?, (unique | key | keyref)*)). A problem was found starting at: attribute.
2023-09-10 19:10:07,961 [INFO] PluginManage:359 - Loaded plugin pinoutconfig (category:base,tabindex:0)
2023-09-10 19:10:07,961 [INFO] PluginManage:310 - Check plugin power
2023-09-10 19:10:07,964 [INFO] PluginManage:359 - Loaded plugin power (category:power,tabindex:4)
2023-09-10 19:10:07,965 [INFO] PluginManage:310 - Check plugin projectmanager
2023-09-10 19:10:07,971 [INFO] PluginManage:359 - Loaded plugin projectmanager (category:projectmanager,tabindex:3)
2023-09-10 19:10:07,972 [INFO] PluginManage:310 - Check plugin thirdparty
2023-09-10 19:10:08,035 [INFO] PluginManage:359 - Loaded plugin thirdparty (category:base,tabindex:-1)
2023-09-10 19:10:08,035 [INFO] PluginManage:310 - Check plugin tools
2023-09-10 19:10:08,035 [WARN] IntegrityCheckThread:84 - waiting for thirdparty lock release [integrity check]
2023-09-10 19:10:08,035 [INFO] IntegrityCheckThread:86 - entering critical section [integrity check]
2023-09-10 19:10:08,036 [INFO] ThirdPartyUpdaterWithRetryManager:70 - Updater plugin not ready yet. [1/15]
2023-09-10 19:10:08,036 [INFO] PluginManage:359 - Loaded plugin tools (category:base,tabindex:7)
2023-09-10 19:10:08,036 [INFO] PluginManage:310 - Check plugin tutovideos
2023-09-10 19:10:08,129 [INFO] PluginManage:359 - Loaded plugin tutovideos (category:base,tabindex:-1)
2023-09-10 19:10:08,129 [INFO] PluginManage:310 - Check plugin updater
2023-09-10 19:10:08,135 [INFO] PluginManage:359 - Loaded plugin updater (category:base,tabindex:12)
2023-09-10 19:10:08,135 [INFO] PluginManage:310 - Check plugin userauth
2023-09-10 19:10:08,137 [INFO] UserAuth:113 - Init User Auth plugin
2023-09-10 19:10:08,137 [INFO] PluginManage:359 - Loaded plugin userauth (category:base,tabindex:14)
2023-09-10 19:10:08,138 [INFO] PluginManage:283 - PluginManage : Loaded plugins [17]
2023-09-10 19:10:08,244 [INFO] PinOutPanel:1499 - setPackage(No Configuration,No Configuration)
2023-09-10 19:10:08,288 [INFO] CADModel:165 - CPN selected for project level
2023-09-10 19:10:08,288 [INFO] CADModel:114 - Register for checkConnection events
2023-09-10 19:10:08,293 [INFO] IPUIPlugin:80 - create IPUIPlugin
2023-09-10 19:10:08,294 [INFO] PluginManager:220 - loadIPPluginJar : add sai
2023-09-10 19:10:08,294 [INFO] IPUIPlugin:80 - create IPUIPlugin
2023-09-10 19:10:08,294 [INFO] PluginManager:220 - loadIPPluginJar : add ucpd
2023-09-10 19:10:08,295 [INFO] IPUIPlugin:80 - create IPUIPlugin
2023-09-10 19:10:08,295 [INFO] PluginManager:220 - loadIPPluginJar : add ts
2023-09-10 19:10:08,296 [INFO] IPUIPlugin:80 - create IPUIPlugin
2023-09-10 19:10:08,296 [INFO] PluginManager:220 - loadIPPluginJar : add pdm2pcm
2023-09-10 19:10:08,298 [INFO] IPUIPlugin:80 - create IPUIPlugin
2023-09-10 19:10:08,298 [INFO] PluginManager:220 - loadIPPluginJar : add opamp
2023-09-10 19:10:08,309 [INFO] IPUIPlugin:80 - create IPUIPlugin
2023-09-10 19:10:08,309 [INFO] PluginManager:220 - loadIPPluginJar : add linkedlist
2023-09-10 19:10:08,310 [INFO] IPUIPlugin:80 - create IPUIPlugin
2023-09-10 19:10:08,310 [INFO] PluginManager:220 - loadIPPluginJar : add aes
2023-09-10 19:10:08,311 [INFO] IPUIPlugin:80 - create IPUIPlugin
2023-09-10 19:10:08,311 [INFO] PluginManager:220 - loadIPPluginJar : add gtzc
2023-09-10 19:10:08,312 [INFO] IPUIPlugin:80 - create IPUIPlugin
2023-09-10 19:10:08,312 [INFO] PluginManager:220 - loadIPPluginJar : add tim
2023-09-10 19:10:08,313 [INFO] IPUIPlugin:80 - create IPUIPlugin
2023-09-10 19:10:08,313 [INFO] PluginManager:220 - loadIPPluginJar : add spi
2023-09-10 19:10:08,319 [INFO] IPUIPlugin:80 - create IPUIPlugin
2023-09-10 19:10:08,320 [INFO] PluginManager:220 - loadIPPluginJar : add freertos
2023-09-10 19:10:08,323 [INFO] IPUIPlugin:80 - create IPUIPlugin
2023-09-10 19:10:08,323 [INFO] PluginManager:220 - loadIPPluginJar : add adc
2023-09-10 19:10:08,323 [INFO] IPUIPlugin:80 - create IPUIPlugin
2023-09-10 19:10:08,323 [INFO] PluginManager:220 - loadIPPluginJar : add tsc
2023-09-10 19:10:08,324 [INFO] IPUIPlugin:80 - create IPUIPlugin
2023-09-10 19:10:08,324 [INFO] PluginManager:220 - loadIPPluginJar : add gfxmmu
2023-09-10 19:10:08,326 [INFO] IPUIPlugin:80 - create IPUIPlugin
2023-09-10 19:10:08,326 [INFO] PluginManager:220 - loadIPPluginJar : add gic
2023-09-10 19:10:08,329 [INFO] IPUIPlugin:80 - create IPUIPlugin
2023-09-10 19:10:08,329 [INFO] PluginManager:220 - loadIPPluginJar : add mdma
2023-09-10 19:10:08,330 [INFO] IPUIPlugin:80 - create IPUIPlugin
2023-09-10 19:10:08,330 [INFO] PluginManager:220 - loadIPPluginJar : add hash
2023-09-10 19:10:08,331 [INFO] IPUIPlugin:80 - create IPUIPlugin
2023-09-10 19:10:08,331 [INFO] PluginManager:220 - loadIPPluginJar : add i2s
2023-09-10 19:10:08,332 [INFO] IPUIPlugin:80 - create IPUIPlugin
2023-09-10 19:10:08,332 [INFO] PluginManager:220 - loadIPPluginJar : add ltdc
2023-09-10 19:10:08,332 [INFO] IPUIPlugin:80 - create IPUIPlugin
2023-09-10 19:10:08,332 [INFO] PluginManager:220 - loadIPPluginJar : add comp
2023-09-10 19:10:08,335 [INFO] IPUIPlugin:80 - create IPUIPlugin
2023-09-10 19:10:08,336 [INFO] PluginManager:220 - loadIPPluginJar : add plateformsettings
2023-09-10 19:10:08,337 [INFO] IPUIPlugin:80 - create IPUIPlugin
2023-09-10 19:10:08,337 [INFO] PluginManager:220 - loadIPPluginJar : add usart
2023-09-10 19:10:08,338 [INFO] IPUIPlugin:80 - create IPUIPlugin
2023-09-10 19:10:08,338 [INFO] PluginManager:220 - loadIPPluginJar : add can
2023-09-10 19:10:08,339 [INFO] IPUIPlugin:80 - create IPUIPlugin
2023-09-10 19:10:08,340 [INFO] PluginManager:220 - loadIPPluginJar : add usbx
2023-09-10 19:10:08,341 [INFO] IPUIPlugin:80 - create IPUIPlugin
2023-09-10 19:10:08,341 [INFO] PluginManager:220 - loadIPPluginJar : add touchsensing
2023-09-10 19:10:08,342 [INFO] IPUIPlugin:80 - create IPUIPlugin
2023-09-10 19:10:08,342 [INFO] PluginManager:220 - loadIPPluginJar : add nvic
2023-09-10 19:10:08,343 [INFO] IPUIPlugin:80 - create IPUIPlugin
2023-09-10 19:10:08,343 [INFO] PluginManager:220 - loadIPPluginJar : add dma3
2023-09-10 19:10:08,344 [INFO] IPUIPlugin:80 - create IPUIPlugin
2023-09-10 19:10:08,344 [INFO] PluginManager:220 - loadIPPluginJar : add i3c
2023-09-10 19:10:08,345 [INFO] IPUIPlugin:80 - create IPUIPlugin
2023-09-10 19:10:08,345 [INFO] PluginManager:220 - loadIPPluginJar : add quadspi
2023-09-10 19:10:08,346 [INFO] IPUIPlugin:80 - create IPUIPlugin
2023-09-10 19:10:08,346 [INFO] PluginManager:220 - loadIPPluginJar : add resmgrutility
2023-09-10 19:10:08,347 [INFO] IPUIPlugin:80 - create IPUIPlugin
2023-09-10 19:10:08,347 [INFO] PluginManager:220 - loadIPPluginJar : add dfsdm
2023-09-10 19:10:08,348 [INFO] IPUIPlugin:80 - create IPUIPlugin
2023-09-10 19:10:08,348 [INFO] PluginManager:220 - loadIPPluginJar : add cryp
2023-09-10 19:10:08,349 [INFO] IPUIPlugin:80 - create IPUIPlugin
2023-09-10 19:10:08,349 [INFO] PluginManager:220 - loadIPPluginJar : add i2c
2023-09-10 19:10:08,352 [INFO] IPUIPlugin:80 - create IPUIPlugin
2023-09-10 19:10:08,352 [INFO] PluginManager:220 - loadIPPluginJar : add dma
2023-09-10 19:10:08,353 [INFO] IPUIPlugin:80 - create IPUIPlugin
2023-09-10 19:10:08,353 [INFO] PluginManager:220 - loadIPPluginJar : add tracer_emb
2023-09-10 19:10:08,354 [INFO] IPUIPlugin:80 - create IPUIPlugin
2023-09-10 19:10:08,354 [INFO] PluginManager:220 - loadIPPluginJar : add fmc
2023-09-10 19:10:08,355 [INFO] IPUIPlugin:80 - create IPUIPlugin
2023-09-10 19:10:08,355 [INFO] PluginManager:220 - loadIPPluginJar : add fatfs
2023-09-10 19:10:08,356 [INFO] IPUIPlugin:80 - create IPUIPlugin
2023-09-10 19:10:08,356 [INFO] PluginManager:220 - loadIPPluginJar : add ipddr
2023-09-10 19:10:08,357 [INFO] IPUIPlugin:80 - create IPUIPlugin
2023-09-10 19:10:08,358 [INFO] PluginManager:220 - loadIPPluginJar : add openamp
2023-09-10 19:10:08,358 [INFO] IPUIPlugin:80 - create IPUIPlugin
2023-09-10 19:10:08,358 [INFO] PluginManager:220 - loadIPPluginJar : add lorawan
2023-09-10 19:10:08,360 [INFO] IPUIPlugin:80 - create IPUIPlugin
2023-09-10 19:10:08,360 [INFO] PluginManager:220 - loadIPPluginJar : add stm32_wpan
2023-09-10 19:10:08,362 [INFO] IPUIPlugin:80 - create IPUIPlugin
2023-09-10 19:10:08,362 [INFO] PluginManager:220 - loadIPPluginJar : add gpio
2023-09-10 19:10:08,362 [INFO] IPUIPlugin:80 - create IPUIPlugin
2023-09-10 19:10:08,363 [INFO] PluginManager:220 - loadIPPluginJar : add genericplugin
2023-09-10 19:10:08,448 [INFO] CADModel:165 - CPN selected for project level
2023-09-10 19:10:08,448 [INFO] CADModel:114 - Register for checkConnection events
2023-09-10 19:10:08,448 [FATAL] Updater:308 - Updater called before beeing initialized
2023-09-10 19:10:08,448 [ERROR] CADModel:125 - Updater not yet initialized, retry later 
2023-09-10 19:10:08,528 [INFO] CADModel:165 - CPN selected for project level
2023-09-10 19:10:08,528 [INFO] CADModel:114 - Register for checkConnection events
2023-09-10 19:10:08,528 [FATAL] Updater:308 - Updater called before beeing initialized
2023-09-10 19:10:08,528 [ERROR] CADModel:125 - Updater not yet initialized, retry later 
2023-09-10 19:10:08,530 [FATAL] Updater:308 - Updater called before beeing initialized
2023-09-10 19:10:08,577 [FATAL] Updater:308 - Updater called before beeing initialized
2023-09-10 19:10:08,585 [INFO] DbMcusAds:53 - JSON generation date=Tue Mar 07 09:50:55 CET 2023 (1678179055114)
2023-09-10 19:10:08,585 [FATAL] Updater:308 - Updater called before beeing initialized
2023-09-10 19:10:08,610 [WARN] DetailPanel:346 - Failed to get advertising image, set to default
2023-09-10 19:10:08,699 [FATAL] Updater:308 - Updater called before beeing initialized
2023-09-10 19:10:08,700 [FATAL] Updater:308 - Updater called before beeing initialized
2023-09-10 19:10:08,700 [FATAL] Updater:308 - Updater called before beeing initialized
2023-09-10 19:10:08,700 [WARN] DetailPanel:346 - Failed to get advertising image, set to default
2023-09-10 19:10:08,700 [FATAL] Updater:308 - Updater called before beeing initialized
2023-09-10 19:10:08,718 [ERROR] Updater:1120 - MainUpdater not yet initialized. External WinMGr cannot be set.
2023-09-10 19:10:08,719 [INFO] Updater:1056 - Updater Version found : 6.9.1
2023-09-10 19:10:08,727 [INFO] ApplicationProperties:184 - Using Application install path: /opt/st/stm32cubeide_1.13.1/plugins/com.st.stm32cube.common.mx_6.9.1.202307191849
2023-09-10 19:10:08,761 [INFO] MainUpdater:521 - Copy updater definitions from MX database
2023-09-10 19:10:08,814 [INFO] MainUpdater:2868 - connection check result : 10
2023-09-10 19:10:08,814 [INFO] MainUpdater:3562 - Updater definition file requires update
2023-09-10 19:10:08,815 [INFO] MainUpdater:285 - Updater Check For Update Now.
2023-09-10 19:10:08,815 [INFO] MicroXplorer:498 - Change Database Version : DB.6.0.91
2023-09-10 19:10:08,817 [INFO] McuFinderGlobals:63 - Set McuFinder mode to 2 (CubeIDE integrated)
2023-09-10 19:10:08,817 [INFO] UserAuth:179 - activating auth plugin
2023-09-10 19:10:08,819 [INFO] UserAuth:393 - Internet connection configuration mode: 1
2023-09-10 19:10:08,824 [INFO] JxBrowserEngine:151 - Initiate JxBrowser Engine with user profile folder
2023-09-10 19:10:08,841 [INFO] ServerAccessManage:473 - Download File updaters.zip
2023-09-10 19:10:08,882 [INFO] FileExtend:240 - Unzip File : updaters.zip
2023-09-10 19:10:08,882 [INFO] FileExtend:255 - Standard Zip Deflate
2023-09-10 19:10:08,964 [INFO] ServerAccessManage:473 - Download File PacksControlFlags.xml
2023-09-10 19:10:09,006 [INFO] ServerAccessManage:473 - Download File cubemx.pidx
2023-09-10 19:10:09,182 [INFO] ServerAccessManage:473 - Download File STMicroelectronics.FP-SNS-SMARTAG2.pdsc
2023-09-10 19:10:09,371 [INFO] ServerAccessManage:473 - Download File STMicroelectronics.X-CUBE-FREERTOS.pdsc
2023-09-10 19:10:09,508 [INFO] ServerAccessManage:473 - Download File STMicroelectronics.X-CUBE-NFC6.pdsc
2023-09-10 19:10:09,800 [WARN] PackLoader:240 - Cannot read IP mode file for STMicroelectronics.FP-SNS-SMARTAG2.1.2.0
2023-09-10 19:10:09,807 [WARN] PackLoader:240 - Cannot read IP mode file for STMicroelectronics.X-CUBE-FREERTOS.1.1.0
2023-09-10 19:10:09,815 [WARN] PackLoader:240 - Cannot read IP mode file for STMicroelectronics.X-CUBE-NFC6.3.0.0
2023-09-10 19:10:09,818 [INFO] PopulateThirdPartyThread:66 - Ending populate Thread
2023-09-10 19:10:09,819 [INFO] ThirdParty:1030 - CMSIS Pack Vendor :STMicroelectronics FP-SNS-SMARTAG2 1.2.0
2023-09-10 19:10:09,819 [INFO] ThirdParty:1030 - CMSIS Pack Vendor :STMicroelectronics X-CUBE-FREERTOS 1.1.0
2023-09-10 19:10:09,819 [INFO] ThirdParty:1030 - CMSIS Pack Vendor :STMicroelectronics X-CUBE-NFC6 3.0.0
2023-09-10 19:10:09,819 [INFO] LoadServerUpdatesThread:373 - End of LoadServerUpdate Thread
2023-09-10 19:10:09,926 [INFO] CheckServerUpdateThread:120 - End of CheckServer Thread
2023-09-10 19:10:10,792 [INFO] WebApp:157 - Instantiating new browser for Auth
2023-09-10 19:10:11,087 [INFO] WebApp:753 - Register for checkConnection events
2023-09-10 19:10:11,087 [INFO] WebApp:390 - Apply proxy settings
2023-09-10 19:10:11,088 [INFO] WebApp:475 - Chromium requires no authentication
2023-09-10 19:10:11,092 [INFO] WebApp:418 - Direct internet connection detected
2023-09-10 19:10:11,117 [WARN] PackLoader:240 - Cannot read IP mode file for STMicroelectronics.X-CUBE-SMBUS.2.1.0
2023-09-10 19:10:11,134 [WARN] PackLoader:240 - Cannot read IP mode file for STMicroelectronics.X-CUBE-AZRTOS-F7.1.1.0
2023-09-10 19:10:11,142 [WARN] PackLoader:240 - Cannot read IP mode file for STMicroelectronics.FP-SNS-MOTENV1.4.3.2
2023-09-10 19:10:11,149 [WARN] PackLoader:240 - Cannot read IP mode file for STMicroelectronics.X-CUBE-BLE1.6.2.3
2023-09-10 19:10:11,154 [WARN] PackLoader:240 - Cannot read IP mode file for STMicroelectronics.X-CUBE-BLE1.6.2.4
2023-09-10 19:10:11,156 [WARN] PackLoader:240 - Cannot read IP mode file for STMicroelectronics.FP-SNS-FLIGHT1.5.0.2
2023-09-10 19:10:11,161 [WARN] PackLoader:240 - Cannot read IP mode file for STMicroelectronics.X-CUBE-DISPLAY.3.0.0
2023-09-10 19:10:11,163 [INFO] WebApp:188 - Starting web application
2023-09-10 19:10:11,163 [INFO] WebApp:520 - Web application path used /opt/st/stm32cubeide_1.13.1/plugins/com.st.stm32cube.common.mx_6.9.1.202307191849/db/plugins/mcufinder/reactClient1/index.html
2023-09-10 19:10:11,168 [WARN] PackLoader:240 - Cannot read IP mode file for STMicroelectronics.X-CUBE-BLE1.7.0.0
2023-09-10 19:10:11,170 [WARN] PackLoader:240 - Cannot read IP mode file for STMicroelectronics.X-CUBE-TOUCHGFX.4.22.0
2023-09-10 19:10:11,197 [WARN] PackLoader:240 - Cannot read IP mode file for STMicroelectronics.X-CUBE-MEMS1.9.3.0
2023-09-10 19:10:11,286 [WARN] PackLoader:240 - Cannot read IP mode file for STMicroelectronics.X-CUBE-AI.7.2.0
2023-09-10 19:10:11,288 [WARN] PackLoader:240 - Cannot read IP mode file for STMicroelectronics.FP-SNS-SMARTAG2.1.2.0
2023-09-10 19:10:11,294 [INFO] LogOutputStream:77 - [STDOUT_REDIRECT] 1 : Invalid condition id : UX_CORESTACK_Condition cause : null
2023-09-10 19:10:11,295 [INFO] LogOutputStream:77 - [STDOUT_REDIRECT] 1 : Invalid condition id : UX_CORESTACK_Condition cause : null
2023-09-10 19:10:11,295 [INFO] LogOutputStream:77 - [STDOUT_REDIRECT] 1 : Invalid condition id : UX_CORESTACK_Condition cause : null
2023-09-10 19:10:11,295 [INFO] LogOutputStream:77 - [STDOUT_REDIRECT] 1 : Invalid condition id : UX_CORESTACK_Condition cause : null
2023-09-10 19:10:11,295 [INFO] LogOutputStream:77 - [STDOUT_REDIRECT] 1 : Invalid condition id : UX_CORESTACK_Condition cause : null
2023-09-10 19:10:11,297 [WARN] PackLoader:240 - Cannot read IP mode file for STMicroelectronics.X-CUBE-AZRTOS-WL.2.0.0
2023-09-10 19:10:11,301 [WARN] PackLoader:240 - Cannot read IP mode file for WES.I-CUBE-Cesium.1.3.0
2023-09-10 19:10:11,303 [WARN] PackLoader:240 - Cannot read IP mode file for STMicroelectronics.X-CUBE-BLE2.3.3.0
2023-09-10 19:10:11,306 [WARN] PackLoader:240 - Cannot read IP mode file for STMicroelectronics.X-CUBE-DISPLAY.2.2.0
2023-09-10 19:10:11,314 [WARN] PackLoader:240 - Cannot read IP mode file for STMicroelectronics.X-CUBE-TOF1.3.2.0
2023-09-10 19:10:11,319 [WARN] PackLoader:240 - Cannot read IP mode file for STMicroelectronics.X-CUBE-ISPU.1.0.0
2023-09-10 19:10:11,331 [WARN] PackLoader:240 - Cannot read IP mode file for STMicroelectronics.X-CUBE-AZRTOS-H7.2.1.0
2023-09-10 19:10:11,338 [WARN] PackLoader:240 - Cannot read IP mode file for STMicroelectronics.X-CUBE-TOUCHGFX.4.21.1
2023-09-10 19:10:11,340 [WARN] PackLoader:240 - Cannot read IP mode file for STMicroelectronics.X-CUBE-TOUCHGFX.4.21.0
2023-09-10 19:10:11,342 [WARN] PackLoader:240 - Cannot read IP mode file for STMicroelectronics.X-CUBE-TOUCHGFX.4.21.3
2023-09-10 19:10:11,375 [WARN] PackLoader:240 - Cannot read IP mode file for STMicroelectronics.X-CUBE-MEMS1.9.4.0
2023-09-10 19:10:11,436 [WARN] PackLoader:240 - Cannot read IP mode file for STMicroelectronics.X-CUBE-AI.7.3.0
2023-09-10 19:10:11,439 [WARN] PackLoader:240 - Cannot read IP mode file for STMicroelectronics.X-CUBE-ALGOBUILD.1.3.0
2023-09-10 19:10:11,447 [WARN] PackLoader:240 - Cannot read IP mode file for STMicroelectronics.X-CUBE-AZRTOS-G0.1.1.0
2023-09-10 19:10:11,451 [WARN] PackLoader:240 - Cannot read IP mode file for STMicroelectronics.X-CUBE-NFC4.3.0.0
2023-09-10 19:10:11,468 [WARN] PackLoader:240 - Cannot read IP mode file for SEGGER.I-CUBE-embOS.1.2.1
2023-09-10 19:10:11,492 [WARN] PackLoader:240 - Cannot read IP mode file for STMicroelectronics.X-CUBE-BLEMGR.1.3.0
2023-09-10 19:10:11,494 [WARN] PackLoader:240 - Cannot read IP mode file for STMicroelectronics.FP-ATR-SIGFOX1.3.2.0
2023-09-10 19:10:11,498 [WARN] PackLoader:240 - Cannot read IP mode file for emotas.I-CUBE-CANOPEN.1.1.2
2023-09-10 19:10:11,500 [WARN] PackLoader:240 - Cannot read IP mode file for STMicroelectronics.X-CUBE-TOUCHGFX.4.20.0
2023-09-10 19:10:11,521 [WARN] PackLoader:240 - Cannot read IP mode file for STMicroelectronics.X-CUBE-MEMS1.9.5.0
2023-09-10 19:10:11,615 [WARN] PackLoader:240 - Cannot read IP mode file for SEGGER.I-CUBE-embOS.1.3.1
2023-09-10 19:10:11,632 [WARN] PackLoader:240 - Cannot read IP mode file for STMicroelectronics.X-CUBE-GNSS1.6.0.0
2023-09-10 19:10:11,642 [WARN] PackLoader:240 - Cannot read IP mode file for STMicroelectronics.X-CUBE-AZRTOS-F4.1.1.0
2023-09-10 19:10:11,647 [WARN] PackLoader:240 - Cannot read IP mode file for STMicroelectronics.X-CUBE-BLEMGR.1.2.0
2023-09-10 19:10:11,656 [WARN] PackLoader:240 - Cannot read IP mode file for STMicroelectronics.X-CUBE-AZRTOS-L5.2.0.0
2023-09-10 19:10:11,678 [WARN] PackLoader:240 - Cannot read IP mode file for STMicroelectronics.X-CUBE-MEMS1.9.6.0
2023-09-10 19:10:11,765 [WARN] PackLoader:240 - Cannot read IP mode file for STMicroelectronics.X-CUBE-BLEMGR.2.0.0
2023-09-10 19:10:11,768 [WARN] PackLoader:240 - Cannot read IP mode file for STMicroelectronics.X-CUBE-NFC4.2.0.5
2023-09-10 19:10:11,770 [WARN] PackLoader:240 - Cannot read IP mode file for STMicroelectronics.X-CUBE-NFC4.2.0.4
2023-09-10 19:10:11,779 [WARN] ConditionMgr:438 - getConditionDescription Invalid condition id : UX DEVICE CLASS RTOS Condition cause : null
2023-09-10 19:10:11,779 [WARN] ConditionMgr:438 - getConditionDescription Invalid condition id : UX DEVICE CLASS RTOS Condition cause : null
2023-09-10 19:10:11,781 [WARN] PackLoader:240 - Cannot read IP mode file for STMicroelectronics.X-CUBE-AZRTOS-H7.3.1.0
2023-09-10 19:10:11,781 [WARN] ConditionMgr:1039 - genDependencies : Invalid condition id : UX DEVICE CLASS RTOS Condition cause : null
2023-09-10 19:10:11,781 [WARN] ConditionMgr:1039 - genDependencies : Invalid condition id : UX DEVICE CLASS RTOS Condition cause : null
2023-09-10 19:10:11,782 [WARN] ConditionMgr:1039 - genDependencies : Invalid condition id : UX DEVICE CLASS RTOS Condition cause : null
2023-09-10 19:10:11,782 [WARN] ConditionMgr:1039 - genDependencies : Invalid condition id : UX DEVICE CLASS RTOS Condition cause : null
2023-09-10 19:10:11,782 [WARN] ConditionMgr:1039 - genDependencies : Invalid condition id : UX DEVICE CLASS RTOS Condition cause : null
2023-09-10 19:10:11,785 [WARN] PackLoader:240 - Cannot read IP mode file for wolfSSL.I-CUBE-wolfSSL.5.5.1
2023-09-10 19:10:11,787 [WARN] PackLoader:240 - Cannot read IP mode file for STMicroelectronics.X-CUBE-NFC7.1.0.1
2023-09-10 19:10:11,789 [WARN] PackLoader:240 - Cannot read IP mode file for STMicroelectronics.X-CUBE-NFC7.1.0.0
2023-09-10 19:10:11,791 [WARN] PackLoader:240 - Cannot read IP mode file for STMicroelectronics.X-CUBE-NFC6.3.0.0
2023-09-10 19:10:11,794 [WARN] PackLoader:240 - Cannot read IP mode file for STMicroelectronics.X-CUBE-EEPRMA1.4.1.0
2023-09-10 19:10:11,796 [WARN] PackLoader:240 - Cannot read IP mode file for STMicroelectronics.X-CUBE-AI.8.1.0
2023-09-10 19:10:11,805 [WARN] ConditionMgr:438 - getConditionDescription Invalid condition id : LAN8742 Phy interface Condition cause : null
2023-09-10 19:10:11,805 [WARN] PackLoader:240 - Cannot read IP mode file for STMicroelectronics.X-CUBE-AZRTOS-L4.2.0.0
2023-09-10 19:10:11,806 [WARN] ConditionMgr:1039 - genDependencies : Invalid condition id : LAN8742 Phy interface Condition cause : null
2023-09-10 19:10:11,806 [WARN] ConditionMgr:1039 - genDependencies : Invalid condition id : LAN8742 Phy interface Condition cause : null
2023-09-10 19:10:11,806 [WARN] ConditionMgr:1039 - genDependencies : Invalid condition id : LAN8742 Phy interface Condition cause : null
2023-09-10 19:10:11,809 [WARN] PackLoader:240 - Cannot read IP mode file for STMicroelectronics.X-CUBE-SFXS2LP1.4.0.0
2023-09-10 19:10:11,818 [WARN] PackLoader:240 - Cannot read IP mode file for STMicroelectronics.X-CUBE-AZRTOS-H7.3.0.0
2023-09-10 19:10:11,821 [WARN] PackLoader:240 - Cannot read IP mode file for STMicroelectronics.X-CUBE-ISPU.1.1.0
2023-09-10 19:10:11,824 [WARN] PackLoader:240 - Cannot read IP mode file for RoweBots.I-CUBE-UNISONRTOS.5.5.0-4
2023-09-10 19:10:11,826 [WARN] PackLoader:240 - Cannot read IP mode file for STMicroelectronics.X-CUBE-AI.8.0.0
2023-09-10 19:10:11,833 [WARN] ConditionMgr:438 - getConditionDescription Invalid condition id : UX DEVICE CLASS RTOS Condition cause : null
2023-09-10 19:10:11,834 [WARN] ConditionMgr:438 - getConditionDescription Invalid condition id : UX DEVICE CLASS RTOS Condition cause : null
2023-09-10 19:10:11,834 [WARN] PackLoader:240 - Cannot read IP mode file for STMicroelectronics.X-CUBE-AZRTOS-WB.2.0.0
2023-09-10 19:10:11,835 [WARN] ConditionMgr:1039 - genDependencies : Invalid condition id : UX DEVICE CLASS RTOS Condition cause : null
2023-09-10 19:10:11,835 [WARN] ConditionMgr:1039 - genDependencies : Invalid condition id : UX DEVICE CLASS RTOS Condition cause : null
2023-09-10 19:10:11,835 [WARN] ConditionMgr:1039 - genDependencies : Invalid condition id : UX DEVICE CLASS RTOS Condition cause : null
2023-09-10 19:10:11,835 [WARN] ConditionMgr:1039 - genDependencies : Invalid condition id : UX DEVICE CLASS RTOS Condition cause : null
2023-09-10 19:10:11,835 [WARN] ConditionMgr:1039 - genDependencies : Invalid condition id : UX DEVICE CLASS RTOS Condition cause : null
2023-09-10 19:10:11,837 [WARN] PackLoader:240 - Cannot read IP mode file for STMicroelectronics.X-CUBE-FREERTOS.1.0.0
2023-09-10 19:10:11,839 [WARN] PackLoader:240 - Cannot read IP mode file for STMicroelectronics.X-CUBE-FREERTOS.1.0.1
2023-09-10 19:10:11,845 [WARN] PackLoader:240 - Cannot read IP mode file for STMicroelectronics.X-CUBE-AZRTOS-L5.1.1.0
2023-09-10 19:10:11,847 [WARN] PackLoader:240 - Cannot read IP mode file for STMicroelectronics.X-CUBE-AI.8.0.1
2023-09-10 19:10:11,855 [WARN] PackLoader:240 - Cannot read IP mode file for STMicroelectronics.X-CUBE-SUBG2.5.0.0
2023-09-10 19:10:11,863 [WARN] PackLoader:240 - Cannot read IP mode file for STMicroelectronics.X-CUBE-TOF1.3.3.1
2023-09-10 19:10:11,877 [WARN] PackLoader:240 - Cannot read IP mode file for STMicroelectronics.X-CUBE-AZRTOS-G4.2.0.0
2023-09-10 19:10:11,882 [WARN] PackLoader:240 - Cannot read IP mode file for STMicroelectronics.X-CUBE-TOF1.3.3.0
2023-09-10 19:10:11,886 [WARN] PackLoader:240 - Cannot read IP mode file for STMicroelectronics.FP-ATR-ASTRA1.1.1.1
2023-09-10 19:10:11,892 [WARN] PackLoader:240 - Cannot read IP mode file for STMicroelectronics.X-CUBE-AZRTOS-G4.1.0.0
2023-09-10 19:10:11,898 [WARN] PackLoader:240 - Cannot read IP mode file for STMicroelectronics.X-CUBE-AZRTOS-L4.1.0.0
2023-09-10 19:10:11,901 [WARN] PackLoader:240 - Cannot read IP mode file for STMicroelectronics.X-CUBE-FREERTOS.1.1.0
2023-09-10 19:10:11,907 [WARN] PackLoader:240 - Cannot read IP mode file for STMicroelectronics.X-CUBE-AZRTOS-WL.1.0.0
2023-09-10 19:10:11,910 [WARN] PackLoader:240 - Cannot read IP mode file for portGmbH.I-Cube-SoM-uGOAL.1.1.0
2023-09-10 19:10:11,911 [WARN] PackLoader:240 - Cannot read IP mode file for STMicroelectronics.X-CUBE-ALS.1.0.1
2023-09-10 19:10:11,917 [WARN] PackLoader:240 - Cannot read IP mode file for STMicroelectronics.X-CUBE-AZRTOS-WB.1.1.0
2023-09-10 19:10:11,923 [WARN] PackLoader:240 - Cannot read IP mode file for STMicroelectronics.X-CUBE-AZRTOS-L5.1.0.0
2023-09-10 19:10:11,926 [WARN] PackLoader:240 - Cannot read IP mode file for STMicroelectronics.X-CUBE-EEPRMA1.3.1.1
2023-09-10 19:10:11,927 [WARN] PackLoader:240 - Cannot read IP mode file for STMicroelectronics.FP-ATR-ASTRA1.2.0.0
2023-09-10 19:10:11,927 [INFO] ThirdParty:978 - Integrity check success = true
2023-09-10 19:10:11,927 [INFO] IntegrityCheckThread:100 - exiting critical section [integrity check]
2023-09-10 19:10:11,927 [INFO] IntegrityCheckThread:103 - End integrity checks thread
2023-09-10 19:10:15,639 [INFO] McuFinderGlobals:63 - Set McuFinder mode to 2 (CubeIDE integrated)
2023-09-10 19:10:15,640 [INFO] MainUpdater:2868 - connection check result : 10
2023-09-10 19:10:15,641 [INFO] McuFinderGlobals:76 - Set McuFinderConnectedMode to true
2023-09-10 19:10:15,970 [INFO] ServerAccessManage:473 - Download File mcusAds.json._tmp_
2023-09-10 19:10:16,076 [INFO] LoadUrlFilesThread:156 - End of LoadUrlFiles Thread
2023-09-10 19:10:16,507 [INFO] ServerAccessManage:473 - Download File cube-finder-db.zip
2023-09-10 19:10:16,923 [INFO] FileExtend:240 - Unzip File : cube-finder-db.zip
2023-09-10 19:10:16,924 [INFO] FileExtend:255 - Standard Zip Deflate
2023-09-10 19:10:18,211 [INFO] LoadUrlFilesThread:156 - End of LoadUrlFiles Thread
2023-09-10 19:10:18,449 [INFO] ServerAccessManage:473 - Download File crdb.zip
2023-09-10 19:10:18,553 [INFO] FileExtend:240 - Unzip File : crdb.zip
2023-09-10 19:10:18,554 [INFO] FileExtend:255 - Standard Zip Deflate
2023-09-10 19:10:18,675 [INFO] LoadUrlFilesThread:156 - End of LoadUrlFiles Thread
2023-09-10 19:10:18,810 [INFO] ServerAccessManage:473 - Download File tutoVideoDB.zip
2023-09-10 19:10:18,814 [INFO] FileExtend:240 - Unzip File : tutoVideoDB.zip
2023-09-10 19:10:18,814 [INFO] FileExtend:255 - Standard Zip Deflate
2023-09-10 19:10:18,919 [INFO] LoadUrlFilesThread:156 - End of LoadUrlFiles Thread
2023-09-10 19:10:18,920 [WARN] DbFile:41 - Overriding database path with different value: /home/nicolas/.stmcufinder/plugins/mcufinder/ => /home/nicolas/.stmcufinder/plugins/mcufinder
2023-09-10 19:10:19,036 [INFO] ServerAccessManage:473 - Download File api_config.json
2023-09-10 19:10:19,138 [INFO] LoadUrlFilesThread:156 - End of LoadUrlFiles Thread
2023-09-10 19:10:19,138 [INFO] DbMcusAds:53 - JSON generation date=Tue Mar 07 09:50:55 CET 2023 (1678179055114)
2023-09-10 19:10:19,148 [INFO] LoadUrlFilesThread:185 - End of LoadServerUrlFiles without Thread
2023-09-10 19:10:19,148 [INFO] TargetSelectorAdapter:259 - Refresh data is successful
2023-09-10 19:10:19,207 [INFO] ApiDb:581 - Connected to CubeFinder SQLite database (/home/nicolas/.stmcufinder/plugins/mcufinder/mcu/cube-finder-db.db)
2023-09-10 19:10:19,238 [INFO] ApiDb:668 - CubeFinder database Data Model version=2.1
2023-09-10 19:10:19,238 [INFO] ApiDb:669 - CubeFinder database Configuration version=3.0.37
2023-09-10 19:10:19,238 [INFO] ApiDb:670 - CubeFinder database generation date=2023-08-09 (1691586011)
2023-09-10 19:10:19,238 [INFO] ApiDb:671 - CubeFinder database FW Pack versions=[FP-ATR-ASTRA1_V2.0.0, FP-SNS-FLIGHT1_V5.0.1, FP-SNS-FLIGHT1_V5.0.2, FP-SNS-MOTENV1_V4.3.1, FP-SNS-MOTENV1_V4.3.2, STM32Cube_FW_C0_V1.1.0, STM32Cube_FW_F4_V1.27.1, STM32Cube_FW_F7_V1.17.0, STM32Cube_FW_G0_V1.6.1, STM32Cube_FW_G4_V1.5.1, STM32Cube_FW_H5_V0.5.1, STM32Cube_FW_H5_V1.1.0, STM32Cube_FW_H7_V1.11.0, STM32Cube_FW_L0_V1.12.2, STM32Cube_FW_L5_V1.5.0, STM32Cube_FW_U5_V1.3.0, STM32Cube_FW_U5_V1.3.0RC4, STM32Cube_FW_WBA_V1.0.0RC1, STM32Cube_FW_WBA_V1.1.0, STM32Cube_FW_WBA_V1.1.0RC1, STM32Cube_FW_WB_V1.15.0RC1, STM32Cube_FW_WB_V1.16.0, STM32Cube_FW_WB_V1.16.0RC2, STM32Cube_FW_WB_V1.17.0, STM32Cube_FW_WL_V1.3.0, X-CUBE-ALGOBUILD_V1.3.0, X-CUBE-ALS_V1.0.1, X-CUBE-AZRTOS-F4_V1.1.0, X-CUBE-AZRTOS-F7_V1.1.0, X-CUBE-AZRTOS-G0_V1.1.0, X-CUBE-AZRTOS-G4_V2.0.0, X-CUBE-AZRTOS-H7_V3.1.0, X-CUBE-AZRTOS-L4_V1.0.0, X-CUBE-AZRTOS-L4_V2.0.0, X-CUBE-AZRTOS-L5_V1.1.0, X-CUBE-AZRTOS-WB_V1.1.0, X-CUBE-AZRTOS-WL_V2.0.0, X-CUBE-BLE1_V7.0.0, X-CUBE-BLE2_V3.3.0, X-CUBE-BLEMGR_V2.0.0, X-CUBE-EEPRMA1_V4.1.0, X-CUBE-FREERTOS_V1.1.0, X-CUBE-GNSS1_V6.0.0, X-CUBE-MEMS1_V9.1.0, X-CUBE-MEMS1_V9.4.0, X-CUBE-MEMS1_V9.6.0, X-CUBE-NFC4_V3.0.0, X-CUBE-NFC7_V1.0.0, X-CUBE-SFXS2LP1_V4.0.0, X-CUBE-SUBG2_V5.0.0, X-CUBE-TOF1_V3.3.1]
2023-09-10 19:10:20,633 [INFO] ApiDb:240 - Found 323 in-development CPN: [B-G473E-ZEST1S, B-WB1M-WPAN1, B-WL5M-SUBG1, NUCLEO-C031C6, NUCLEO-H503RB, NUCLEO-H563ZI, NUCLEO-U545RE-Q, NUCLEO-U5A5ZJ-Q, NUCLEO-WBA52CG, STEVAL-PROTEUS1, STEVAL-SMARTAG2, STEVAL-STWINBX1, STM320518-EVAL, STM32C0116-DK, STM32C011D6Y3TR, STM32C011D6Y6TR, STM32C011F4P3, STM32C011F4P6, STM32C011F4U3, STM32C011F4U6TR, STM32C011F6P3, STM32C011F6P6, STM32C011F6U3, STM32C011F6U6TR, STM32C011J4M3, STM32C011J4M6, STM32C011J6M3, STM32C011J6M6, STM32C0316-DK, STM32C031C4T3, STM32C031C4T6, STM32C031C4U3, STM32C031C4U6, STM32C031C6T3, STM32C031C6T6, STM32C031C6U3, STM32C031C6U6, STM32C031F4P3, STM32C031F4P6, STM32C031F6P3, STM32C031F6P6, STM32C031G4U3, STM32C031G4U6, STM32C031G6U3, STM32C031G6U6, STM32C031K4T3, STM32C031K4T6, STM32C031K4U3, STM32C031K4U6, STM32C031K6T3, STM32C031K6T6, STM32C031K6U3, STM32C031K6U6, STM32G071K8TXN, STM32G071K8UXN, STM32G081GBU6N, STM32G081KBT6N, STM32G081KBUXN, STM32G0B1CCT6N, STM32G0B1KCT6, STM32G0B1NEY6TR, STM32G0B1RCT6N, STM32G0C1CCT6, STM32G0C1CCT6N, STM32G0C1CCU6N, STM32G0C1CET6N, STM32G0C1CEU6N, STM32G0C1KCT6, STM32G0C1NEY6TR, STM32G0C1RCI6N, STM32G0C1RCT6N, STM32G0C1REI6N, STM32G0C1RET6N, STM32G0C1VCI6, STM32G0C1VEI6, STM32G471CCT6, STM32G471CCU6, STM32G471CET3, STM32G471CET6, STM32G471CEU3, STM32G471CEU6, STM32G471MCT6, STM32G471MET3, STM32G471MET6, STM32G471MEY6TR, STM32G471QCT6, STM32G471QET3, STM32G471RCT6, STM32G471RET3, STM32G471RET6, STM32G471VCH6, STM32G471VCI6, STM32G471VCT6, STM32G471VEH3, STM32G471VEH6, STM32G471VEI3, STM32G471VEI6, STM32G471VET3, STM32G471VET6, STM32G474CCT6, STM32H503CBT6, STM32H503CBU6, STM32H503EBY6TR, STM32H503KBU6, STM32H503RBT6, STM32H562AGI6, STM32H562AII6, STM32H562IGK6, STM32H562IGT6, STM32H562IIK6, STM32H562IIT6, STM32H562RGT6, STM32H562RGV6, STM32H562RIT6, STM32H562RIV6, STM32H562VGT6, STM32H562VIT6, STM32H562ZGT6, STM32H562ZIT6, STM32H563AGI6, STM32H563AII3Q, STM32H563AII6, STM32H563IGK6, STM32H563IGT6, STM32H563IIK3Q, STM32H563IIK6, STM32H563IIT3Q, STM32H563IIT6, STM32H563MIY3QTR, STM32H563RGT6, STM32H563RGV6, STM32H563RIT6, STM32H563RIV6, STM32H563VGT6, STM32H563VIT3Q, STM32H563VIT6, STM32H563ZGT6, STM32H563ZIT3Q, STM32H563ZIT6, STM32H573AII3Q, STM32H573AII6, STM32H573I-DK, STM32H573IIK3Q, STM32H573IIK6, STM32H573IIT3Q, STM32H573IIT6, STM32H573MIY3QTR, STM32H573RIT6, STM32H573RIV6, STM32H573VIT3Q, STM32H573VIT6, STM32H573ZIT3Q, STM32H573ZIT6, STM32L4R5QGI6STR, STM32MP131AAE3, STM32MP131AAF3, STM32MP131AAG3, STM32MP131CAE3, STM32MP131CAF3, STM32MP131CAG3, STM32MP131DAE7, STM32MP131DAF7, STM32MP131DAG7, STM32MP131FAE7, STM32MP131FAF7, STM32MP131FAG7, STM32MP133AAE3, STM32MP133AAF3, STM32MP133AAG3, STM32MP133CAE3, STM32MP133CAF3, STM32MP133CAG3, STM32MP133DAE7, STM32MP133DAF7, STM32MP133DAG7, STM32MP133FAE7, STM32MP133FAF7, STM32MP133FAG7, STM32MP135AAE3, STM32MP135AAF3, STM32MP135AAG3, STM32MP135CAE3, STM32MP135CAF3, STM32MP135CAG3, STM32MP135DAE7, STM32MP135DAF7, STM32MP135DAG7, STM32MP135F-DK, STM32MP135FAE7, STM32MP135FAF7, STM32MP135FAF7T, STM32MP135FAF7U, STM32MP135FAG7, STM32U535CBT6, STM32U535CBT6Q, STM32U535CBU6, STM32U535CBU6Q, STM32U535CCT6, STM32U535CCT6Q, STM32U535CCU6, STM32U535CCU6Q, STM32U535CET6, STM32U535CET6Q, STM32U535CEU6, STM32U535CEU6Q, STM32U535JEY6QTR, STM32U535NCY6QTR, STM32U535NEY6QTR, STM32U535RBI6, STM32U535RBI6Q, STM32U535RBT6, STM32U535RBT6Q, STM32U535RCI6, STM32U535RCI6Q, STM32U535RCT6, STM32U535RCT6Q, STM32U535REI6, STM32U535REI6Q, STM32U535RET6, STM32U535RET6Q, STM32U535VCI6, STM32U535VCI6Q, STM32U535VCT6, STM32U535VCT6Q, STM32U535VEI6, STM32U535VEI6Q, STM32U535VET6, STM32U535VET6Q, STM32U545CET6, STM32U545CET6Q, STM32U545CEU6, STM32U545CEU6Q, STM32U545JEY6QTR, STM32U545NEY6QTR, STM32U545REI6, STM32U545REI6Q, STM32U545RET6, STM32U545RET6Q, STM32U545VEI6, STM32U545VEI6Q, STM32U545VET6, STM32U545VET6Q, STM32U595AIH6, STM32U595AIH6Q, STM32U595AJH6, STM32U595AJH6Q, STM32U595QII6, STM32U595QII6Q, STM32U595QJI6, STM32U595QJI6Q, STM32U595RIT6, STM32U595RIT6Q, STM32U595RJT6, STM32U595RJT6Q, STM32U595VIT6, STM32U595VIT6Q, STM32U595VJT6, STM32U595VJT6Q, STM32U595ZIT6, STM32U595ZIT6Q, STM32U595ZIY6QTR, STM32U595ZJT6, STM32U595ZJT6Q, STM32U595ZJY6QTR, STM32U599BJY6QTR, STM32U599NIH6Q, STM32U599NJH6Q, STM32U599VIT6Q, STM32U599VJT6, STM32U599VJT6Q, STM32U599ZIT6Q, STM32U599ZIY6QTR, STM32U599ZJT6Q, STM32U599ZJY6QTR, STM32U5A5AJH6, STM32U5A5AJH6Q, STM32U5A5QJI6, STM32U5A5QJI6Q, STM32U5A5RJT6, STM32U5A5RJT6Q, STM32U5A5VJT6, STM32U5A5VJT6Q, STM32U5A5ZJT6, STM32U5A5ZJT6Q, STM32U5A5ZJY6QTR, STM32U5A9BJY6QTR, STM32U5A9J-DK, STM32U5A9NJH6Q, STM32U5A9VJT6Q, STM32U5A9ZJT6Q, STM32U5A9ZJY6QTR, STM32U5F7VIT6, STM32U5F7VIT6Q, STM32U5F7VJT6, STM32U5F7VJT6Q, STM32U5F9BJY6QTR, STM32U5F9NJH6Q, STM32U5F9VIT6Q, STM32U5F9VJT6Q, STM32U5F9ZIJ6QTR, STM32U5F9ZIT6Q, STM32U5F9ZJJ6QTR, STM32U5F9ZJT6Q, STM32U5G7VJT6, STM32U5G7VJT6Q, STM32U5G9BJY6QTR, STM32U5G9J-DK1, STM32U5G9J-DK2, STM32U5G9NJH6Q, STM32U5G9VJT6Q, STM32U5G9ZJJ6QTR, STM32U5G9ZJT6Q, STM32WB1MMCH6, STM32WBA52CEU6, STM32WBA52CEU6T, STM32WBA52CGU6, STM32WBA52CGU6T, STM32WBA52KEU6, STM32WBA52KEU6T, STM32WBA52KGU6, STM32WBA52KGU6T, STM32WL5MOCH6, STM32WL5MOCH6TR]
2023-09-10 19:10:20,637 [INFO] DbMcus:217 - Found 3848 MCUs, 3848 are supported
2023-09-10 19:10:20,638 [INFO] ApiDb:423 - Load user favorites file /home/nicolas/.stm32cubeide/favorites.mcus.txt: 0 item(s)
2023-09-10 19:10:20,638 [INFO] ApiDb:427 - User favorites MCUs=[]
2023-09-10 19:10:20,638 [INFO] DbMcus:223 - Set 0 / 0 favorites MCUs
2023-09-10 19:10:20,803 [INFO] ApiDb:668 - CubeFinder database Data Model version=2.1
2023-09-10 19:10:20,804 [INFO] ApiDb:669 - CubeFinder database Configuration version=3.0.37
2023-09-10 19:10:20,804 [INFO] ApiDb:670 - CubeFinder database generation date=2023-08-09 (1691586011)
2023-09-10 19:10:20,804 [INFO] ApiDb:671 - CubeFinder database FW Pack versions=[FP-ATR-ASTRA1_V2.0.0, FP-SNS-FLIGHT1_V5.0.1, FP-SNS-FLIGHT1_V5.0.2, FP-SNS-MOTENV1_V4.3.1, FP-SNS-MOTENV1_V4.3.2, STM32Cube_FW_C0_V1.1.0, STM32Cube_FW_F4_V1.27.1, STM32Cube_FW_F7_V1.17.0, STM32Cube_FW_G0_V1.6.1, STM32Cube_FW_G4_V1.5.1, STM32Cube_FW_H5_V0.5.1, STM32Cube_FW_H5_V1.1.0, STM32Cube_FW_H7_V1.11.0, STM32Cube_FW_L0_V1.12.2, STM32Cube_FW_L5_V1.5.0, STM32Cube_FW_U5_V1.3.0, STM32Cube_FW_U5_V1.3.0RC4, STM32Cube_FW_WBA_V1.0.0RC1, STM32Cube_FW_WBA_V1.1.0, STM32Cube_FW_WBA_V1.1.0RC1, STM32Cube_FW_WB_V1.15.0RC1, STM32Cube_FW_WB_V1.16.0, STM32Cube_FW_WB_V1.16.0RC2, STM32Cube_FW_WB_V1.17.0, STM32Cube_FW_WL_V1.3.0, X-CUBE-ALGOBUILD_V1.3.0, X-CUBE-ALS_V1.0.1, X-CUBE-AZRTOS-F4_V1.1.0, X-CUBE-AZRTOS-F7_V1.1.0, X-CUBE-AZRTOS-G0_V1.1.0, X-CUBE-AZRTOS-G4_V2.0.0, X-CUBE-AZRTOS-H7_V3.1.0, X-CUBE-AZRTOS-L4_V1.0.0, X-CUBE-AZRTOS-L4_V2.0.0, X-CUBE-AZRTOS-L5_V1.1.0, X-CUBE-AZRTOS-WB_V1.1.0, X-CUBE-AZRTOS-WL_V2.0.0, X-CUBE-BLE1_V7.0.0, X-CUBE-BLE2_V3.3.0, X-CUBE-BLEMGR_V2.0.0, X-CUBE-EEPRMA1_V4.1.0, X-CUBE-FREERTOS_V1.1.0, X-CUBE-GNSS1_V6.0.0, X-CUBE-MEMS1_V9.1.0, X-CUBE-MEMS1_V9.4.0, X-CUBE-MEMS1_V9.6.0, X-CUBE-NFC4_V3.0.0, X-CUBE-NFC7_V1.0.0, X-CUBE-SFXS2LP1_V4.0.0, X-CUBE-SUBG2_V5.0.0, X-CUBE-TOF1_V3.3.1]
2023-09-10 19:10:20,836 [INFO] DbBoardsSqlite:226 - include board P-NUCLEO-WB55-NUCLEO as a kit item of type 'Nucleo-64'
2023-09-10 19:10:20,836 [INFO] DbBoardsSqlite:226 - include board P-NUCLEO-WB55-USBDONGLE as a kit item of type 'Nucleo USB Dongle'
2023-09-10 19:10:20,836 [INFO] DbBoardsSqlite:226 - include board STEVAL-IDP005V1 as a kit item of type 'Evaluation Board'
2023-09-10 19:10:20,836 [INFO] DbBoardsSqlite:226 - include board STEVAL-IDP005V2 as a kit item of type 'Evaluation Board'
2023-09-10 19:10:20,853 [INFO] ApiDb:240 - Found 323 in-development CPN: [B-G473E-ZEST1S, B-WB1M-WPAN1, B-WL5M-SUBG1, NUCLEO-C031C6, NUCLEO-H503RB, NUCLEO-H563ZI, NUCLEO-U545RE-Q, NUCLEO-U5A5ZJ-Q, NUCLEO-WBA52CG, STEVAL-PROTEUS1, STEVAL-SMARTAG2, STEVAL-STWINBX1, STM320518-EVAL, STM32C0116-DK, STM32C011D6Y3TR, STM32C011D6Y6TR, STM32C011F4P3, STM32C011F4P6, STM32C011F4U3, STM32C011F4U6TR, STM32C011F6P3, STM32C011F6P6, STM32C011F6U3, STM32C011F6U6TR, STM32C011J4M3, STM32C011J4M6, STM32C011J6M3, STM32C011J6M6, STM32C0316-DK, STM32C031C4T3, STM32C031C4T6, STM32C031C4U3, STM32C031C4U6, STM32C031C6T3, STM32C031C6T6, STM32C031C6U3, STM32C031C6U6, STM32C031F4P3, STM32C031F4P6, STM32C031F6P3, STM32C031F6P6, STM32C031G4U3, STM32C031G4U6, STM32C031G6U3, STM32C031G6U6, STM32C031K4T3, STM32C031K4T6, STM32C031K4U3, STM32C031K4U6, STM32C031K6T3, STM32C031K6T6, STM32C031K6U3, STM32C031K6U6, STM32G071K8TXN, STM32G071K8UXN, STM32G081GBU6N, STM32G081KBT6N, STM32G081KBUXN, STM32G0B1CCT6N, STM32G0B1KCT6, STM32G0B1NEY6TR, STM32G0B1RCT6N, STM32G0C1CCT6, STM32G0C1CCT6N, STM32G0C1CCU6N, STM32G0C1CET6N, STM32G0C1CEU6N, STM32G0C1KCT6, STM32G0C1NEY6TR, STM32G0C1RCI6N, STM32G0C1RCT6N, STM32G0C1REI6N, STM32G0C1RET6N, STM32G0C1VCI6, STM32G0C1VEI6, STM32G471CCT6, STM32G471CCU6, STM32G471CET3, STM32G471CET6, STM32G471CEU3, STM32G471CEU6, STM32G471MCT6, STM32G471MET3, STM32G471MET6, STM32G471MEY6TR, STM32G471QCT6, STM32G471QET3, STM32G471RCT6, STM32G471RET3, STM32G471RET6, STM32G471VCH6, STM32G471VCI6, STM32G471VCT6, STM32G471VEH3, STM32G471VEH6, STM32G471VEI3, STM32G471VEI6, STM32G471VET3, STM32G471VET6, STM32G474CCT6, STM32H503CBT6, STM32H503CBU6, STM32H503EBY6TR, STM32H503KBU6, STM32H503RBT6, STM32H562AGI6, STM32H562AII6, STM32H562IGK6, STM32H562IGT6, STM32H562IIK6, STM32H562IIT6, STM32H562RGT6, STM32H562RGV6, STM32H562RIT6, STM32H562RIV6, STM32H562VGT6, STM32H562VIT6, STM32H562ZGT6, STM32H562ZIT6, STM32H563AGI6, STM32H563AII3Q, STM32H563AII6, STM32H563IGK6, STM32H563IGT6, STM32H563IIK3Q, STM32H563IIK6, STM32H563IIT3Q, STM32H563IIT6, STM32H563MIY3QTR, STM32H563RGT6, STM32H563RGV6, STM32H563RIT6, STM32H563RIV6, STM32H563VGT6, STM32H563VIT3Q, STM32H563VIT6, STM32H563ZGT6, STM32H563ZIT3Q, STM32H563ZIT6, STM32H573AII3Q, STM32H573AII6, STM32H573I-DK, STM32H573IIK3Q, STM32H573IIK6, STM32H573IIT3Q, STM32H573IIT6, STM32H573MIY3QTR, STM32H573RIT6, STM32H573RIV6, STM32H573VIT3Q, STM32H573VIT6, STM32H573ZIT3Q, STM32H573ZIT6, STM32L4R5QGI6STR, STM32MP131AAE3, STM32MP131AAF3, STM32MP131AAG3, STM32MP131CAE3, STM32MP131CAF3, STM32MP131CAG3, STM32MP131DAE7, STM32MP131DAF7, STM32MP131DAG7, STM32MP131FAE7, STM32MP131FAF7, STM32MP131FAG7, STM32MP133AAE3, STM32MP133AAF3, STM32MP133AAG3, STM32MP133CAE3, STM32MP133CAF3, STM32MP133CAG3, STM32MP133DAE7, STM32MP133DAF7, STM32MP133DAG7, STM32MP133FAE7, STM32MP133FAF7, STM32MP133FAG7, STM32MP135AAE3, STM32MP135AAF3, STM32MP135AAG3, STM32MP135CAE3, STM32MP135CAF3, STM32MP135CAG3, STM32MP135DAE7, STM32MP135DAF7, STM32MP135DAG7, STM32MP135F-DK, STM32MP135FAE7, STM32MP135FAF7, STM32MP135FAF7T, STM32MP135FAF7U, STM32MP135FAG7, STM32U535CBT6, STM32U535CBT6Q, STM32U535CBU6, STM32U535CBU6Q, STM32U535CCT6, STM32U535CCT6Q, STM32U535CCU6, STM32U535CCU6Q, STM32U535CET6, STM32U535CET6Q, STM32U535CEU6, STM32U535CEU6Q, STM32U535JEY6QTR, STM32U535NCY6QTR, STM32U535NEY6QTR, STM32U535RBI6, STM32U535RBI6Q, STM32U535RBT6, STM32U535RBT6Q, STM32U535RCI6, STM32U535RCI6Q, STM32U535RCT6, STM32U535RCT6Q, STM32U535REI6, STM32U535REI6Q, STM32U535RET6, STM32U535RET6Q, STM32U535VCI6, STM32U535VCI6Q, STM32U535VCT6, STM32U535VCT6Q, STM32U535VEI6, STM32U535VEI6Q, STM32U535VET6, STM32U535VET6Q, STM32U545CET6, STM32U545CET6Q, STM32U545CEU6, STM32U545CEU6Q, STM32U545JEY6QTR, STM32U545NEY6QTR, STM32U545REI6, STM32U545REI6Q, STM32U545RET6, STM32U545RET6Q, STM32U545VEI6, STM32U545VEI6Q, STM32U545VET6, STM32U545VET6Q, STM32U595AIH6, STM32U595AIH6Q, STM32U595AJH6, STM32U595AJH6Q, STM32U595QII6, STM32U595QII6Q, STM32U595QJI6, STM32U595QJI6Q, STM32U595RIT6, STM32U595RIT6Q, STM32U595RJT6, STM32U595RJT6Q, STM32U595VIT6, STM32U595VIT6Q, STM32U595VJT6, STM32U595VJT6Q, STM32U595ZIT6, STM32U595ZIT6Q, STM32U595ZIY6QTR, STM32U595ZJT6, STM32U595ZJT6Q, STM32U595ZJY6QTR, STM32U599BJY6QTR, STM32U599NIH6Q, STM32U599NJH6Q, STM32U599VIT6Q, STM32U599VJT6, STM32U599VJT6Q, STM32U599ZIT6Q, STM32U599ZIY6QTR, STM32U599ZJT6Q, STM32U599ZJY6QTR, STM32U5A5AJH6, STM32U5A5AJH6Q, STM32U5A5QJI6, STM32U5A5QJI6Q, STM32U5A5RJT6, STM32U5A5RJT6Q, STM32U5A5VJT6, STM32U5A5VJT6Q, STM32U5A5ZJT6, STM32U5A5ZJT6Q, STM32U5A5ZJY6QTR, STM32U5A9BJY6QTR, STM32U5A9J-DK, STM32U5A9NJH6Q, STM32U5A9VJT6Q, STM32U5A9ZJT6Q, STM32U5A9ZJY6QTR, STM32U5F7VIT6, STM32U5F7VIT6Q, STM32U5F7VJT6, STM32U5F7VJT6Q, STM32U5F9BJY6QTR, STM32U5F9NJH6Q, STM32U5F9VIT6Q, STM32U5F9VJT6Q, STM32U5F9ZIJ6QTR, STM32U5F9ZIT6Q, STM32U5F9ZJJ6QTR, STM32U5F9ZJT6Q, STM32U5G7VJT6, STM32U5G7VJT6Q, STM32U5G9BJY6QTR, STM32U5G9J-DK1, STM32U5G9J-DK2, STM32U5G9NJH6Q, STM32U5G9VJT6Q, STM32U5G9ZJJ6QTR, STM32U5G9ZJT6Q, STM32WB1MMCH6, STM32WBA52CEU6, STM32WBA52CEU6T, STM32WBA52CGU6, STM32WBA52CGU6T, STM32WBA52KEU6, STM32WBA52KEU6T, STM32WBA52KGU6, STM32WBA52KGU6T, STM32WL5MOCH6, STM32WL5MOCH6TR]
2023-09-10 19:10:20,916 [INFO] BoardInfo:880 - No configuration file found for board P-NUCLEO-WB55
2023-09-10 19:10:20,916 [INFO] DbBoards:157 - Kit is not supported: P-NUCLEO-WB55
2023-09-10 19:10:20,919 [INFO] BoardInfo:880 - No configuration file found for board STEVAL-BFA001V1B
2023-09-10 19:10:20,919 [INFO] DbBoards:157 - Kit is not supported: STEVAL-BFA001V1B
2023-09-10 19:10:20,919 [INFO] BoardInfo:880 - No configuration file found for board STEVAL-BFA001V2B
2023-09-10 19:10:20,919 [INFO] DbBoards:157 - Kit is not supported: STEVAL-BFA001V2B
2023-09-10 19:10:20,977 [INFO] DbBoards:161 - Found 190 boards, 187 are supported
2023-09-10 19:10:20,981 [INFO] ApiDb:423 - Load user favorites file /home/nicolas/.stm32cubeide/favorites.boards.txt: 1 item(s)
2023-09-10 19:10:20,981 [INFO] ApiDb:427 - User favorites Boards=[NUCLEO-G431RB]
2023-09-10 19:10:20,981 [INFO] DbBoards:190 - Set 1 / 1 favorites Boards
2023-09-10 19:10:20,983 [INFO] ApiDb:668 - CubeFinder database Data Model version=2.1
2023-09-10 19:10:20,983 [INFO] ApiDb:669 - CubeFinder database Configuration version=3.0.37
2023-09-10 19:10:20,983 [INFO] ApiDb:670 - CubeFinder database generation date=2023-08-09 (1691586011)
2023-09-10 19:10:20,983 [INFO] ApiDb:671 - CubeFinder database FW Pack versions=[FP-ATR-ASTRA1_V2.0.0, FP-SNS-FLIGHT1_V5.0.1, FP-SNS-FLIGHT1_V5.0.2, FP-SNS-MOTENV1_V4.3.1, FP-SNS-MOTENV1_V4.3.2, STM32Cube_FW_C0_V1.1.0, STM32Cube_FW_F4_V1.27.1, STM32Cube_FW_F7_V1.17.0, STM32Cube_FW_G0_V1.6.1, STM32Cube_FW_G4_V1.5.1, STM32Cube_FW_H5_V0.5.1, STM32Cube_FW_H5_V1.1.0, STM32Cube_FW_H7_V1.11.0, STM32Cube_FW_L0_V1.12.2, STM32Cube_FW_L5_V1.5.0, STM32Cube_FW_U5_V1.3.0, STM32Cube_FW_U5_V1.3.0RC4, STM32Cube_FW_WBA_V1.0.0RC1, STM32Cube_FW_WBA_V1.1.0, STM32Cube_FW_WBA_V1.1.0RC1, STM32Cube_FW_WB_V1.15.0RC1, STM32Cube_FW_WB_V1.16.0, STM32Cube_FW_WB_V1.16.0RC2, STM32Cube_FW_WB_V1.17.0, STM32Cube_FW_WL_V1.3.0, X-CUBE-ALGOBUILD_V1.3.0, X-CUBE-ALS_V1.0.1, X-CUBE-AZRTOS-F4_V1.1.0, X-CUBE-AZRTOS-F7_V1.1.0, X-CUBE-AZRTOS-G0_V1.1.0, X-CUBE-AZRTOS-G4_V2.0.0, X-CUBE-AZRTOS-H7_V3.1.0, X-CUBE-AZRTOS-L4_V1.0.0, X-CUBE-AZRTOS-L4_V2.0.0, X-CUBE-AZRTOS-L5_V1.1.0, X-CUBE-AZRTOS-WB_V1.1.0, X-CUBE-AZRTOS-WL_V2.0.0, X-CUBE-BLE1_V7.0.0, X-CUBE-BLE2_V3.3.0, X-CUBE-BLEMGR_V2.0.0, X-CUBE-EEPRMA1_V4.1.0, X-CUBE-FREERTOS_V1.1.0, X-CUBE-GNSS1_V6.0.0, X-CUBE-MEMS1_V9.1.0, X-CUBE-MEMS1_V9.4.0, X-CUBE-MEMS1_V9.6.0, X-CUBE-NFC4_V3.0.0, X-CUBE-NFC7_V1.0.0, X-CUBE-SFXS2LP1_V4.0.0, X-CUBE-SUBG2_V5.0.0, X-CUBE-TOF1_V3.3.1]
2023-09-10 19:10:21,492 [INFO] DbExamplesSqlite:395 - Ignored 27 examples not supported by CubeIDE
2023-09-10 19:10:21,493 [INFO] DbExamplesSqlite:396 - Found 7231 examples active
2023-09-10 19:10:21,493 [INFO] DbExamplesSqlite:397 - Found 677 examples obsolete
2023-09-10 19:10:21,493 [INFO] DbExamplesSqlite:398 - Found 0 examples under development
2023-09-10 19:10:21,493 [INFO] DbExamplesSqlite:399 - Found 74 examples not building
2023-09-10 19:10:21,494 [INFO] DbExamples:125 - Found 7278 examples
2023-09-10 19:10:21,503 [INFO] DbExamples:222 - Found 92 boards with related examples
2023-09-10 19:10:21,504 [INFO] DbExamples:235 - Found 78 MCUs with related examples
2023-09-10 19:10:21,522 [INFO] ApiDb:423 - Load user favorites file /home/nicolas/.stm32cubeide/favorites.examples.txt: 0 item(s)
2023-09-10 19:10:21,522 [INFO] ApiDb:427 - User favorites Examples=[]
2023-09-10 19:10:21,522 [INFO] DbExamples:250 - Set 0 / 0 favorites Examples
2023-09-10 19:10:21,637 [INFO] McuFinderGlobals:76 - Set McuFinderConnectedMode to true
2023-09-10 19:10:21,642 [INFO] MultiScanPanel:200 - Auto-refresh data requested => check proxy status ongoing
2023-09-10 19:10:21,644 [INFO] FinderPluginLoader:95 - Searching for filters in installed packs
2023-09-10 19:10:22,474 [INFO] LoadUrlFilesThread:185 - End of LoadServerUrlFiles without Thread
2023-09-10 19:10:22,488 [INFO] DetailPanel:341 - Set advertising image to /home/nicolas/STM32Cube/Repository//en.prom-stm32h5-mcu-finder.jpg
2023-09-10 19:10:24,933 [INFO] MultiScanPanel:200 - Auto-refresh data requested => check proxy status ongoing
2023-09-10 19:10:25,025 [INFO] LoadUrlFilesThread:185 - End of LoadServerUrlFiles without Thread
2023-09-10 19:10:25,025 [INFO] DetailPanel:341 - Set advertising image to /home/nicolas/STM32Cube/Repository//en.prom-stm32h5-mcu-finder.jpg
2023-09-10 19:10:25,031 [INFO] DbBoards:634 - Loading board mini-images...
2023-09-10 19:10:26,279 [ERROR] DbBoards:651 - Image file not found for board STM32U5G9J-DK1: /home/nicolas/.stmcufinder/plugins/mcufinder//mcu//boards_images/STM32U5G9J-DK1.jpg
2023-09-10 19:10:26,279 [ERROR] DbBoards:651 - Image file not found for board STM32U5G9J-DK2: /home/nicolas/.stmcufinder/plugins/mcufinder//mcu//boards_images/STM32U5G9J-DK2.jpg
2023-09-10 19:10:26,290 [INFO] DbBoards:657 - Loaded 188 board mini-images
2023-09-10 19:10:53,091 [INFO] MainUpdater:2868 - connection check result : 10
2023-09-10 19:10:53,092 [INFO] MainUpdater:2868 - connection check result : 10
2023-09-10 19:10:53,108 [INFO] MicroXplorer:468 - Change Database Path : 
2023-09-10 19:10:53,108 [INFO] MicroXplorer:498 - Change Database Version : DB.6.0.91
2023-09-10 19:10:53,112 [WARN] ThirdParty:871 - waiting for thirdparty lock release [close project]
2023-09-10 19:10:53,112 [INFO] ThirdParty:873 - entering critical section [close project]
2023-09-10 19:10:53,112 [INFO] ThirdParty:883 - exiting critical section [close project]
2023-09-10 19:10:53,114 [INFO] PinOutPanel:1499 - setPackage(No Configuration,No Configuration)
2023-09-10 19:10:53,119 [INFO] UtilMem:75 - Begin LoadConfig() Used Memory: 492983616 Bytes (675282944)
2023-09-10 19:10:53,122 [INFO] OpenFileManager:308 - Change cursor
2023-09-10 19:10:53,140 [INFO] ProjectFactory:402 - No CPN specified for board NUCLEO-G431RB => set CPN to STM32G431RBT6
2023-09-10 19:10:53,140 [INFO] Mcu:1946 - Initializing MCU STM32G431R(6-8-B)Tx STM32G431RBTx STM32G431RBT6
2023-09-10 19:10:54,778 [INFO] Context:659 - Trying to add GPIOservice into a context  which must be forbidden
2023-09-10 19:10:55,159 [INFO] Rule:228 - rule 117617 - U5Cobra4M][GTZC] default value MPCBB3 and MPCBB5 - Not Secured memory - MPCBB1 is applicable
2023-09-10 19:10:55,159 [INFO] Rule:228 - rule 117617 - U5Cobra4M][GTZC] default value MPCBB3 and MPCBB5 - Not Secured memory - MPCBB1 is applicable
2023-09-10 19:10:55,159 [INFO] Rule:228 - rule 117617 - U5Cobra4M][GTZC] default value MPCBB3 and MPCBB5 - Not Secured memory - MPCBB2 is applicable
2023-09-10 19:10:55,159 [INFO] Rule:228 - rule 117617 - U5Cobra4M][GTZC] default value MPCBB3 and MPCBB5 - Not Secured memory - MPCBB2 is applicable
2023-09-10 19:10:55,159 [INFO] Rule:228 - rule 117617 - U5Cobra4M][GTZC] default value MPCBB3 and MPCBB5 - Not Secured memory - MPCBB3 is applicable
2023-09-10 19:10:55,159 [INFO] Rule:228 - rule 117617 - U5Cobra4M][GTZC] default value MPCBB3 and MPCBB5 - Not Secured memory - MPCBB3 is applicable
2023-09-10 19:10:55,159 [INFO] Rule:228 - rule 117617 - U5Cobra4M][GTZC] default value MPCBB3 and MPCBB5 - Not Secured memory - MPCBB4 is applicable
2023-09-10 19:10:55,159 [INFO] Rule:228 - rule 117617 - U5Cobra4M][GTZC] default value MPCBB3 and MPCBB5 - Not Secured memory - MPCBB4 is applicable
2023-09-10 19:10:55,159 [INFO] Rule:228 - rule 117617 - U5Cobra4M][GTZC] default value MPCBB3 and MPCBB5 - Secured memory - MPCBB1 is applicable
2023-09-10 19:10:55,159 [INFO] Rule:228 - rule 117617 - U5Cobra4M][GTZC] default value MPCBB3 and MPCBB5 - Secured memory - MPCBB2 is applicable
2023-09-10 19:10:55,159 [INFO] Rule:228 - rule 117617 - U5Cobra4M][GTZC] default value MPCBB3 and MPCBB5 - Secured memory - MPCBB3 is applicable
2023-09-10 19:10:55,159 [INFO] Rule:228 - rule 117617 - U5Cobra4M][GTZC] default value MPCBB3 and MPCBB5 - Secured memory - MPCBB4 is applicable
2023-09-10 19:10:55,159 [INFO] Rule:228 - rule 117617 - U5Cobra4M][GTZC] default value MPCBB3 and MPCBB5 - Privileged memory - MPCBB1 is applicable
2023-09-10 19:10:55,159 [INFO] Rule:228 - rule 117617 - U5Cobra4M][GTZC] default value MPCBB3 and MPCBB5 - Privileged memory - MPCBB2 is applicable
2023-09-10 19:10:55,159 [INFO] Rule:228 - rule 117617 - U5Cobra4M][GTZC] default value MPCBB3 and MPCBB5 - Privileged memory - MPCBB3 is applicable
2023-09-10 19:10:55,159 [INFO] Rule:228 - rule 117617 - U5Cobra4M][GTZC] default value MPCBB3 and MPCBB5 - Privileged memory - MPCBB4 is applicable
2023-09-10 19:10:55,159 [INFO] Rule:228 - rule 117617 - U5Cobra4M][GTZC] default value MPCBB3 and MPCBB5 - Not Privileged memory - MPCBB1 is applicable
2023-09-10 19:10:55,159 [INFO] Rule:228 - rule 117617 - U5Cobra4M][GTZC] default value MPCBB3 and MPCBB5 - Not Privileged memory - MPCBB2 is applicable
2023-09-10 19:10:55,159 [INFO] Rule:228 - rule 117617 - U5Cobra4M][GTZC] default value MPCBB3 and MPCBB5 - Not Privileged memory - MPCBB3 is applicable
2023-09-10 19:10:55,159 [INFO] Rule:228 - rule 117617 - U5Cobra4M][GTZC] default value MPCBB3 and MPCBB5 - Not Privileged memory - MPCBB4 is applicable
2023-09-10 19:10:55,159 [INFO] Rule:228 - rule 117617 - U5Cobra4M][GTZC] default value MPCBB3 and MPCBB5 - Privileged memory - MPCBB1 is applicable
2023-09-10 19:10:55,159 [INFO] Rule:228 - rule 117617 - U5Cobra4M][GTZC] default value MPCBB3 and MPCBB5 - Privileged memory - MPCBB2 is applicable
2023-09-10 19:10:55,159 [INFO] Rule:228 - rule 117617 - U5Cobra4M][GTZC] default value MPCBB3 and MPCBB5 - Privileged memory - MPCBB3 is applicable
2023-09-10 19:10:55,159 [INFO] Rule:228 - rule 117617 - U5Cobra4M][GTZC] default value MPCBB3 and MPCBB5 - Privileged memory - MPCBB4 is applicable
2023-09-10 19:10:55,159 [INFO] Rule:228 - rule 117617 - U5Cobra4M][GTZC] default value MPCBB3 and MPCBB5 - Privileged memory - MPCBB1 is applicable
2023-09-10 19:10:55,159 [INFO] Rule:228 - rule 117617 - U5Cobra4M][GTZC] default value MPCBB3 and MPCBB5 - Privileged memory - MPCBB2 is applicable
2023-09-10 19:10:55,159 [INFO] Rule:228 - rule 117617 - U5Cobra4M][GTZC] default value MPCBB3 and MPCBB5 - Privileged memory - MPCBB3 is applicable
2023-09-10 19:10:55,159 [INFO] Rule:228 - rule 117617 - U5Cobra4M][GTZC] default value MPCBB3 and MPCBB5 - Privileged memory - MPCBB4 is applicable
2023-09-10 19:10:55,159 [INFO] Rule:228 - rule 117617 - U5Cobra4M][GTZC] default value MPCBB3 and MPCBB5 - Not Privileged memory - MPCBB1 is applicable
2023-09-10 19:10:55,159 [INFO] Rule:228 - rule 117617 - U5Cobra4M][GTZC] default value MPCBB3 and MPCBB5 - Not Privileged memory - MPCBB2 is applicable
2023-09-10 19:10:55,159 [INFO] Rule:228 - rule 117617 - U5Cobra4M][GTZC] default value MPCBB3 and MPCBB5 - Not Privileged memory - MPCBB3 is applicable
2023-09-10 19:10:55,160 [INFO] Rule:228 - rule 117617 - U5Cobra4M][GTZC] default value MPCBB3 and MPCBB5 - Not Privileged memory - MPCBB4 is applicable
2023-09-10 19:10:55,160 [INFO] Rule:228 - rule 117617 - U5Cobra4M][GTZC] default value MPCBB3 and MPCBB5 - Privileged memory - MPCBB1 is applicable
2023-09-10 19:10:55,160 [INFO] Rule:228 - rule 117617 - U5Cobra4M][GTZC] default value MPCBB3 and MPCBB5 - Privileged memory - MPCBB2 is applicable
2023-09-10 19:10:55,160 [INFO] Rule:228 - rule 117617 - U5Cobra4M][GTZC] default value MPCBB3 and MPCBB5 - Privileged memory - MPCBB3 is applicable
2023-09-10 19:10:55,160 [INFO] Rule:228 - rule 117617 - U5Cobra4M][GTZC] default value MPCBB3 and MPCBB5 - Privileged memory - MPCBB4 is applicable
2023-09-10 19:10:55,160 [INFO] Rule:228 - rule Rename SubGHz_Phy SUBGHZ_APPLICATION SUBGHZ_PINGPONG to SUBGHZ_ADV_APPLICATION is applicable
2023-09-10 19:10:55,160 [INFO] Rule:228 - rule Rename Enabled to IBEACON is applicable
2023-09-10 19:10:55,160 [INFO] Rule:228 - rule GTZC_S instance for project manager is applicable
2023-09-10 19:10:55,160 [INFO] Rule:228 - rule GTZC_S instance for context M33S is applicable
2023-09-10 19:10:55,160 [INFO] Rule:228 - rule GTZC_S instance value for IP GTZC is applicable
2023-09-10 19:10:55,160 [INFO] Rule:228 - rule GTZC_S instance for mcu.IP is applicable
2023-09-10 19:10:55,160 [INFO] Rule:228 - rule GTZC_S instance for VP is applicable
2023-09-10 19:10:55,160 [INFO] Rule:228 - rule GTZC_S instance for signal is applicable
2023-09-10 19:10:55,160 [INFO] Rule:228 - rule GTZC_S instance for mcu.Pin is applicable
2023-09-10 19:10:55,160 [INFO] Rule:228 - rule GTZC_S instance for VP is applicable
2023-09-10 19:10:55,160 [INFO] Rule:228 - rule GTZC_S instance for signal is applicable
2023-09-10 19:10:55,160 [INFO] Rule:228 - rule GTZC_S instance for mcu is applicable
2023-09-10 19:10:55,160 [INFO] Rule:228 - rule GTZC_S instance for mcu.Pin is applicable
2023-09-10 19:10:55,160 [INFO] Rule:228 - rule GTZC_S instance value for IP GTZC is applicable
2023-09-10 19:10:55,160 [INFO] Rule:228 - rule GTZC_S instance for project manager is applicable
2023-09-10 19:10:55,160 [INFO] Rule:228 - rule GTZC_S instance for context M33S is applicable
2023-09-10 19:10:55,160 [INFO] Rule:228 - rule GTZC_S instance for VP is applicable
2023-09-10 19:10:55,160 [INFO] Rule:228 - rule GTZC_S instance for signal is applicable
2023-09-10 19:10:55,160 [INFO] Rule:228 - rule WakeUp0 Mode is applicable
2023-09-10 19:10:55,160 [INFO] Rule:228 - rule WakeUp0 SIGNAL is applicable
2023-09-10 19:10:55,160 [INFO] Rule:228 - rule WakeUp1 Mode is applicable
2023-09-10 19:10:55,160 [INFO] Rule:228 - rule WakeUp1 SIGNAL is applicable
2023-09-10 19:10:55,160 [INFO] Rule:228 - rule WakeUp2 Mode is applicable
2023-09-10 19:10:55,160 [INFO] Rule:228 - rule WakeUp2 SIGNAL is applicable
2023-09-10 19:10:55,160 [INFO] Rule:228 - rule WakeUp4 Mode is applicable
2023-09-10 19:10:55,160 [INFO] Rule:228 - rule WakeUp4 SIGNAL is applicable
2023-09-10 19:10:55,160 [INFO] Rule:228 - rule WakeUp5 Mode is applicable
2023-09-10 19:10:55,160 [INFO] Rule:228 - rule WakeUp5 SIGNAL is applicable
2023-09-10 19:10:55,161 [INFO] Rule:228 - rule Change Default Value for LSE Drive Capability for WB family is applicable
2023-09-10 19:10:55,161 [INFO] Rule:228 - rule Change Default Value for ADC Clock Prescaler G0 family is applicable
2023-09-10 19:10:55,161 [INFO] Rule:228 - rule Change USART1CLockSelection refparam name for MP1 is applicable
2023-09-10 19:10:55,161 [INFO] Rule:228 - rule Change USART2CLockSelection refparam name for MP1 is applicable
2023-09-10 19:10:55,161 [INFO] Rule:228 - rule Change USART3CLockSelection refparam name for MP1 is applicable
2023-09-10 19:10:55,161 [INFO] Rule:228 - rule Change UART4CLockSelection refparam name for MP1 is applicable
2023-09-10 19:10:55,161 [INFO] Rule:228 - rule Change UART5CLockSelection refparam name for MP1 is applicable
2023-09-10 19:10:55,161 [INFO] Rule:228 - rule Change LPUART1CLockSelection refparam name for MP1 is applicable
2023-09-10 19:10:55,161 [INFO] Rule:228 - rule Change LPTIM1CLockSelection refparam name for MP1 is applicable
2023-09-10 19:10:55,161 [INFO] Rule:228 - rule Change LPTIM2CLockSelection refparam name for MP1 is applicable
2023-09-10 19:10:55,161 [INFO] Rule:228 - rule Change RCC_MCO1Source refparam name for MP1 is applicable
2023-09-10 19:10:55,161 [INFO] Rule:228 - rule Change LSCOSource1 refparam name for MP1 is applicable
2023-09-10 19:10:55,161 [INFO] Rule:228 - rule Change SMPSCLockSelection refparam name for MP1 is applicable
2023-09-10 19:10:55,161 [INFO] Rule:228 - rule Change LPTIM3CLockSelection refparam name for MP1 is applicable
2023-09-10 19:10:55,161 [INFO] Rule:228 - rule Change MPCBB* Default Template Mode to Parameters is applicable
2023-09-10 19:10:55,161 [INFO] Rule:228 - rule Change MPCWM* or MPCBB* Secure Mode to Parameters is applicable
2023-09-10 19:10:55,161 [INFO] Rule:228 - rule Change MPCWM* or MPCBB* No Secure Mode to Parameters is applicable
2023-09-10 19:10:55,161 [INFO] Rule:228 - rule Change TZSC IP Secure Mode to Parameters is applicable
2023-09-10 19:10:55,161 [INFO] Rule:228 - rule Change TZSC IP No Secure Mode to Parameters is applicable
2023-09-10 19:10:55,161 [INFO] Rule:228 - rule Change TZSC IP Privilege Mode to Parameters is applicable
2023-09-10 19:10:55,162 [INFO] Rule:228 - rule Change TZSC IP No Privilege Mode to Parameters is applicable
2023-09-10 19:10:55,162 [INFO] Rule:228 - rule Change TZIC IT Secure Mode to Parameters is applicable
2023-09-10 19:10:55,162 [INFO] Rule:228 - rule Change TZIC IT No Secure Mode to Parameters is applicable
2023-09-10 19:10:55,162 [INFO] Rule:228 - rule Add MPCBB1_NonSecureArea_Start_Address value with referenced to MPCBB1_NonSecureArea_Start value is applicable
2023-09-10 19:10:55,162 [INFO] Rule:228 - rule Add MPCBB2_NonSecureArea_Start_Address value with referenced to MPCBB2_NonSecureArea_Start value is applicable
2023-09-10 19:10:55,162 [INFO] Rule:228 - rule Add MPCWM1_NonSecureArea*_Start_Address value with referenced to MPCWM1_NonSecureArea*_Start value is applicable
2023-09-10 19:10:55,162 [INFO] Rule:228 - rule Add MPCWM2_NonSecureArea*_Start_Address value with referenced to MPCWM2_NonSecureArea*_Start value is applicable
2023-09-10 19:10:55,162 [INFO] Rule:228 - rule Add MPCWM3_NonSecureArea_Start_Address value with referenced to MPCWM3_NonSecureArea_Start value is applicable
2023-09-10 19:10:55,162 [INFO] Rule:228 - rule Change Default Value for PLL1UserDefinedConfig is applicable
2023-09-10 19:10:55,162 [INFO] Rule:228 - rule OPAMP is applicable
2023-09-10 19:10:55,162 [INFO] Rule:228 - rule LPUART IPParameter rename Prescaler parameter to ClockPrescaler for STM32H7 is applicable
2023-09-10 19:10:55,162 [INFO] Rule:228 - rule LPUART IPParameter rename Prescaler parameter to ClockPrescaler for STM32H7 is applicable
2023-09-10 19:10:55,162 [INFO] Rule:228 - rule LPUART IPParameter rename Prescaler parameter to ClockPrescaler for STM32WB is applicable
2023-09-10 19:10:55,162 [INFO] Rule:228 - rule LPUART IPParameter rename Prescaler parameter to ClockPrescaler for STM32WB is applicable
2023-09-10 19:10:55,162 [INFO] Rule:228 - rule LPUART IPParameter rename Prescaler parameter to ClockPrescaler for STM32G4 is applicable
2023-09-10 19:10:55,162 [INFO] Rule:228 - rule LPUART IPParameter rename Prescaler parameter to ClockPrescaler for STM32G4 is applicable
2023-09-10 19:10:55,162 [INFO] Rule:228 - rule LPUART IPParameter rename Prescaler parameter to ClockPrescaler for STM32L5 is applicable
2023-09-10 19:10:55,162 [INFO] Rule:228 - rule LPUART IPParameter rename Prescaler parameter to ClockPrescaler for STM32L5 is applicable
2023-09-10 19:10:55,162 [INFO] Rule:228 - rule LPUART IPParameter rename Prescaler parameter to ClockPrescaler for STM32G4 is applicable
2023-09-10 19:10:55,162 [INFO] Rule:228 - rule LPUART IPParameter rename Prescaler parameter to ClockPrescaler for STM32G4 is applicable
2023-09-10 19:10:55,162 [INFO] Rule:228 - rule USB device lib V2.5.3 for L0 rename USBD_SUPPORT_USER_STRING parameter to USBD_SUPPORT_USER_STRING_DESC4 is applicable
2023-09-10 19:10:55,162 [INFO] Rule:228 - rule I2SCLockSelection clock entry align is applicable
2023-09-10 19:10:55,162 [INFO] Rule:228 - rule Assign TIMx context if used as SYS timebase is applicable
2023-09-10 19:10:55,163 [INFO] Rule:228 - rule Change GPIO_Pu Default Value for I2C is applicable
2023-09-10 19:10:55,163 [INFO] Rule:228 - rule Change GPIO_Pu Default Value for SMBus is applicable
2023-09-10 19:10:55,163 [INFO] Rule:228 - rule change FDCAN default value is applicable
2023-09-10 19:10:55,166 [INFO] DbConfProperties:307 - Apply Compatibility (7/110 Rules)
2023-09-10 19:10:55,345 [INFO] RtosManager:555 - Registered RTOS mode: class=CMSIS, group=RTOS, mode=CMSIS_V1, owner=FREERTOS
2023-09-10 19:10:55,346 [INFO] RtosManager:555 - Registered RTOS mode: class=CMSIS, group=RTOS2, mode=CMSIS_V2, owner=FREERTOS
2023-09-10 19:10:55,346 [INFO] RtosManager:555 - Registered RTOS mode: class=RTOS, group=Core, mode=CMSIS_V1, owner=FREERTOS
2023-09-10 19:10:55,346 [INFO] RtosManager:555 - Registered RTOS mode: class=RTOS, group=Core, mode=CMSIS_V2, owner=FREERTOS
2023-09-10 19:10:55,346 [WARN] ModelIntegratedComponent:184 - Missing modes for component STMicroelectronics:FreeRTOS:0.0.1:STMicroelectronics:RTOS:FreeRTOS:Core:::10.2.0:
2023-09-10 19:10:55,355 [WARN] ModelIntegratedComponent:63 - No mode defined for component null
2023-09-10 19:10:55,355 [WARN] ModelIntegratedComponent:63 - No mode defined for component null
2023-09-10 19:10:55,355 [WARN] ModelIntegratedComponent:63 - No mode defined for component null
2023-09-10 19:10:55,355 [WARN] ModelIntegratedComponent:63 - No mode defined for component null
2023-09-10 19:10:55,355 [WARN] ModelIntegratedComponent:63 - No mode defined for component null
2023-09-10 19:10:55,356 [WARN] ModelIntegratedComponent:63 - No mode defined for component null
2023-09-10 19:10:55,356 [WARN] ModelIntegratedComponent:63 - No mode defined for component null
2023-09-10 19:10:55,356 [WARN] ModelIntegratedComponent:63 - No mode defined for component null
2023-09-10 19:10:55,356 [WARN] ModelIntegratedComponent:63 - No mode defined for component null
2023-09-10 19:10:55,356 [WARN] ModelIntegratedComponent:63 - No mode defined for component null
2023-09-10 19:10:55,356 [WARN] ModelIntegratedComponent:63 - No mode defined for component null
2023-09-10 19:10:55,356 [WARN] ModelIntegratedComponent:63 - No mode defined for component null
2023-09-10 19:10:55,356 [WARN] ModelIntegratedComponent:63 - No mode defined for component null
2023-09-10 19:10:55,356 [WARN] ModelIntegratedComponent:63 - No mode defined for component null
2023-09-10 19:10:55,356 [WARN] ModelIntegratedComponent:63 - No mode defined for component null
2023-09-10 19:10:55,356 [WARN] ModelIntegratedComponent:63 - No mode defined for component null
2023-09-10 19:10:55,356 [WARN] ModelIntegratedComponent:63 - No mode defined for component null
2023-09-10 19:10:55,356 [WARN] ModelIntegratedComponent:63 - No mode defined for component null
2023-09-10 19:10:55,356 [WARN] ModelIntegratedComponent:63 - No mode defined for component null
2023-09-10 19:10:55,356 [WARN] ModelIntegratedComponent:63 - No mode defined for component null
2023-09-10 19:10:55,356 [WARN] ModelIntegratedComponent:63 - No mode defined for component null
2023-09-10 19:10:55,356 [WARN] ModelIntegratedComponent:63 - No mode defined for component null
2023-09-10 19:10:55,356 [WARN] ModelIntegratedComponent:63 - No mode defined for component null
2023-09-10 19:10:55,356 [WARN] ModelIntegratedComponent:63 - No mode defined for component null
2023-09-10 19:10:55,356 [WARN] ModelIntegratedComponent:63 - No mode defined for component null
2023-09-10 19:10:55,356 [WARN] ModelIntegratedComponent:63 - No mode defined for component null
2023-09-10 19:10:55,356 [WARN] ModelIntegratedComponent:63 - No mode defined for component null
2023-09-10 19:10:55,356 [WARN] ModelIntegratedComponent:63 - No mode defined for component null
2023-09-10 19:10:55,356 [WARN] ModelIntegratedComponent:63 - No mode defined for component null
2023-09-10 19:10:55,356 [WARN] ModelIntegratedComponent:63 - No mode defined for component null
2023-09-10 19:10:55,356 [WARN] ModelIntegratedComponent:63 - No mode defined for component null
2023-09-10 19:10:55,356 [WARN] ModelIntegratedComponent:63 - No mode defined for component null
2023-09-10 19:10:55,356 [WARN] ModelIntegratedComponent:63 - No mode defined for component null
2023-09-10 19:10:55,481 [INFO] ThirdPartyModel:298 - Start build external matchings
2023-09-10 19:10:56,807 [INFO] ThirdPartyModel:316 - End build external matchings
2023-09-10 19:10:56,834 [INFO] ImportTextPane:194 - (OptionalMessage_ERROR) IP (RCC) : Invalid parameter (FamilyName)
2023-09-10 19:10:56,836 [INFO] ImportTextPane:194 - (OptionalMessage_ERROR) IP (RCC) : Parameter (RNGFreq_Value) has invalid value (170000000)
2023-09-10 19:10:56,836 [INFO] ImportTextPane:194 - (OptionalMessage_ERROR) IP (RCC) : Parameter (USBFreq_Value) has invalid value (170000000)
2023-09-10 19:10:56,988 [INFO] UtilMem:75 - End LoadConfig() Used Memory: 663575464 Bytes (1073741824)
2023-09-10 19:10:57,066 [WARN] ThirdParty:833 - waiting for thirdparty lock release [change project]
2023-09-10 19:10:57,066 [INFO] ThirdParty:835 - entering critical section [change project]
2023-09-10 19:10:57,066 [INFO] ThirdParty:1030 - CMSIS Pack Vendor :STMicroelectronics X-CUBE-ISPU 1.1.0
2023-09-10 19:10:57,066 [INFO] ThirdParty:1030 - CMSIS Pack Vendor :STMicroelectronics USBPD 4.1
2023-09-10 19:10:57,066 [INFO] ThirdParty:1030 - CMSIS Pack Vendor :RoweBots I-CUBE-UNISONRTOS 5.5.0-4
2023-09-10 19:10:57,066 [INFO] ThirdParty:1030 - CMSIS Pack Vendor :STMicroelectronics X-CUBE-GNSS1 6.0.0
2023-09-10 19:10:57,066 [INFO] ThirdParty:1030 - CMSIS Pack Vendor :STMicroelectronics X-CUBE-AZRTOS-H7 2.1.0
2023-09-10 19:10:57,066 [INFO] ThirdParty:1030 - CMSIS Pack Vendor :STMicroelectronics USB_HOST 2.0.0
2023-09-10 19:10:57,066 [INFO] ThirdParty:1030 - CMSIS Pack Vendor :STMicroelectronics X-CUBE-AZRTOS-F4 1.1.0
2023-09-10 19:10:57,066 [INFO] ThirdParty:1030 - CMSIS Pack Vendor :STMicroelectronics LIBJPEG 8.0.0
2023-09-10 19:10:57,066 [INFO] ThirdParty:1030 - CMSIS Pack Vendor :STMicroelectronics X-CUBE-SMBUS 2.1.0
2023-09-10 19:10:57,066 [INFO] ThirdParty:1030 - CMSIS Pack Vendor :STMicroelectronics USB_DEVICE 3.0.0
2023-09-10 19:10:57,066 [INFO] ThirdParty:1030 - CMSIS Pack Vendor :STMicroelectronics X-CUBE-AI 8.0.0
2023-09-10 19:10:57,066 [INFO] ThirdParty:1030 - CMSIS Pack Vendor :STMicroelectronics X-CUBE-AZRTOS-WB 2.0.0
2023-09-10 19:10:57,067 [INFO] ThirdParty:1030 - CMSIS Pack Vendor :STMicroelectronics X-CUBE-FREERTOS 1.0.0
2023-09-10 19:10:57,067 [INFO] ThirdParty:1030 - CMSIS Pack Vendor :STMicroelectronics X-CUBE-FREERTOS 1.0.1
2023-09-10 19:10:57,067 [INFO] ThirdParty:1030 - CMSIS Pack Vendor :STMicroelectronics X-CUBE-TOUCHGFX 4.21.1
2023-09-10 19:10:57,067 [INFO] ThirdParty:1030 - CMSIS Pack Vendor :STMicroelectronics X-CUBE-TOUCHGFX 4.21.0
2023-09-10 19:10:57,067 [INFO] ThirdParty:1030 - CMSIS Pack Vendor :STMicroelectronics X-CUBE-TOUCHGFX 4.21.3
2023-09-10 19:10:57,067 [INFO] ThirdParty:1030 - CMSIS Pack Vendor :STMicroelectronics X-CUBE-BLEMGR 1.2.0
2023-09-10 19:10:57,067 [INFO] ThirdParty:1030 - CMSIS Pack Vendor :STMicroelectronics X-CUBE-AZRTOS-F7 1.1.0
2023-09-10 19:10:57,067 [INFO] ThirdParty:1030 - CMSIS Pack Vendor :STMicroelectronics X-CUBE-AZRTOS-L5 2.0.0
2023-09-10 19:10:57,067 [INFO] ThirdParty:1030 - CMSIS Pack Vendor :STMicroelectronics X-CUBE-MEMS1 9.4.0
2023-09-10 19:10:57,067 [INFO] ThirdParty:1030 - CMSIS Pack Vendor :STMicroelectronics USB_DEVICE 2.0.0
2023-09-10 19:10:57,067 [INFO] ThirdParty:1030 - CMSIS Pack Vendor :STMicroelectronics X-CUBE-AI 7.3.0
2023-09-10 19:10:57,067 [INFO] ThirdParty:1030 - CMSIS Pack Vendor :STMicroelectronics X-CUBE-MEMS1 9.6.0
2023-09-10 19:10:57,067 [INFO] ThirdParty:1030 - CMSIS Pack Vendor :STMicroelectronics FP-SNS-MOTENV1 4.3.2
2023-09-10 19:10:57,067 [INFO] ThirdParty:1030 - CMSIS Pack Vendor :STMicroelectronics X-CUBE-BLE1 6.2.3
2023-09-10 19:10:57,067 [INFO] ThirdParty:1030 - CMSIS Pack Vendor :STMicroelectronics X-CUBE-ALGOBUILD 1.3.0
2023-09-10 19:10:57,067 [INFO] ThirdParty:1030 - CMSIS Pack Vendor :STMicroelectronics X-CUBE-BLE1 6.2.4
2023-09-10 19:10:57,067 [INFO] ThirdParty:1030 - CMSIS Pack Vendor :STMicroelectronics X-CUBE-AZRTOS-L5 1.1.0
2023-09-10 19:10:57,067 [INFO] ThirdParty:1030 - CMSIS Pack Vendor :STMicroelectronics FreeRTOS 0.0.1
2023-09-10 19:10:57,067 [INFO] ThirdParty:1030 - CMSIS Pack Vendor :STMicroelectronics X-CUBE-AZRTOS-G0 1.1.0
2023-09-10 19:10:57,067 [INFO] ThirdParty:1030 - CMSIS Pack Vendor :STMicroelectronics X-CUBE-BLEMGR 2.0.0
2023-09-10 19:10:57,067 [INFO] ThirdParty:1030 - CMSIS Pack Vendor :STMicroelectronics X-CUBE-AI 8.0.1
2023-09-10 19:10:57,067 [INFO] ThirdParty:1030 - CMSIS Pack Vendor :STMicroelectronics X-CUBE-NFC4 3.0.0
2023-09-10 19:10:57,067 [INFO] ThirdParty:1030 - CMSIS Pack Vendor :STMicroelectronics X-CUBE-SUBG2 5.0.0
2023-09-10 19:10:57,067 [INFO] ThirdParty:1030 - CMSIS Pack Vendor :STMicroelectronics STM32_WPAN 1.0.0
2023-09-10 19:10:57,067 [INFO] ThirdParty:1030 - CMSIS Pack Vendor :SEGGER I-CUBE-embOS 1.2.1
2023-09-10 19:10:57,067 [INFO] ThirdParty:1030 - CMSIS Pack Vendor :STMicroelectronics lwIP 2.0.3
2023-09-10 19:10:57,067 [INFO] ThirdParty:1030 - CMSIS Pack Vendor :STMicroelectronics FP-SNS-FLIGHT1 5.0.2
2023-09-10 19:10:57,067 [INFO] ThirdParty:1030 - CMSIS Pack Vendor :STMicroelectronics X-CUBE-NFC4 2.0.5
2023-09-10 19:10:57,067 [INFO] ThirdParty:1030 - CMSIS Pack Vendor :STMicroelectronics X-CUBE-NFC4 2.0.4
2023-09-10 19:10:57,067 [INFO] ThirdParty:1030 - CMSIS Pack Vendor :STMicroelectronics USB_HOST 1.0.0
2023-09-10 19:10:57,067 [INFO] ThirdParty:1030 - CMSIS Pack Vendor :STMicroelectronics X-CUBE-TOF1 3.3.1
2023-09-10 19:10:57,067 [INFO] ThirdParty:1030 - CMSIS Pack Vendor :STMicroelectronics X-CUBE-AZRTOS-G4 2.0.0
2023-09-10 19:10:57,067 [INFO] ThirdParty:1030 - CMSIS Pack Vendor :STMicroelectronics PDM2PCM 3.1.0
2023-09-10 19:10:57,067 [INFO] ThirdParty:1030 - CMSIS Pack Vendor :STMicroelectronics X-CUBE-AZRTOS-H7 3.1.0
2023-09-10 19:10:57,067 [INFO] ThirdParty:1030 - CMSIS Pack Vendor :STMicroelectronics X-CUBE-TOF1 3.3.0
2023-09-10 19:10:57,067 [INFO] ThirdParty:1030 - CMSIS Pack Vendor :STMicroelectronics FP-ATR-ASTRA1 1.1.1
2023-09-10 19:10:57,067 [INFO] ThirdParty:1030 - CMSIS Pack Vendor :STMicroelectronics PDM2PCM 3.3.0
2023-09-10 19:10:57,067 [INFO] ThirdParty:1030 - CMSIS Pack Vendor :STMicroelectronics X-CUBE-DISPLAY 3.0.0
2023-09-10 19:10:57,067 [INFO] ThirdParty:1030 - CMSIS Pack Vendor :STMicroelectronics X-CUBE-BLEMGR 1.3.0
2023-09-10 19:10:57,067 [INFO] ThirdParty:1030 - CMSIS Pack Vendor :STMicroelectronics X-CUBE-BLE1 7.0.0
2023-09-10 19:10:57,067 [INFO] ThirdParty:1030 - CMSIS Pack Vendor :STMicroelectronics FP-ATR-SIGFOX1 3.2.0
2023-09-10 19:10:57,067 [INFO] ThirdParty:1030 - CMSIS Pack Vendor :STMicroelectronics X-CUBE-AZRTOS-G4 1.0.0
2023-09-10 19:10:57,067 [INFO] ThirdParty:1030 - CMSIS Pack Vendor :STMicroelectronics X-CUBE-AZRTOS-L4 1.0.0
2023-09-10 19:10:57,067 [INFO] ThirdParty:1030 - CMSIS Pack Vendor :wolfSSL I-CUBE-wolfSSL 5.5.1
2023-09-10 19:10:57,067 [INFO] ThirdParty:1030 - CMSIS Pack Vendor :STMicroelectronics HAL Drivers 0.0.0
2023-09-10 19:10:57,067 [INFO] ThirdParty:1030 - CMSIS Pack Vendor :STMicroelectronics MBEDTLS 2.16.2
2023-09-10 19:10:57,068 [INFO] ThirdParty:1030 - CMSIS Pack Vendor :emotas I-CUBE-CANOPEN 1.1.2
2023-09-10 19:10:57,068 [INFO] ThirdParty:1030 - CMSIS Pack Vendor :STMicroelectronics X-CUBE-TOUCHGFX 4.20.0
2023-09-10 19:10:57,068 [INFO] ThirdParty:1030 - CMSIS Pack Vendor :STMicroelectronics X-CUBE-FREERTOS 1.1.0
2023-09-10 19:10:57,068 [INFO] ThirdParty:1030 - CMSIS Pack Vendor :STMicroelectronics X-CUBE-TOUCHGFX 4.22.0
2023-09-10 19:10:57,068 [INFO] ThirdParty:1030 - CMSIS Pack Vendor :STMicroelectronics X-CUBE-NFC7 1.0.1
2023-09-10 19:10:57,068 [INFO] ThirdParty:1030 - CMSIS Pack Vendor :STMicroelectronics MBEDTLS 2.14.1
2023-09-10 19:10:57,068 [INFO] ThirdParty:1030 - CMSIS Pack Vendor :STMicroelectronics X-CUBE-NFC7 1.0.0
2023-09-10 19:10:57,068 [INFO] ThirdParty:1030 - CMSIS Pack Vendor :STMicroelectronics X-CUBE-AZRTOS-WL 1.0.0
2023-09-10 19:10:57,068 [INFO] ThirdParty:1030 - CMSIS Pack Vendor :STMicroelectronics X-CUBE-NFC6 3.0.0
2023-09-10 19:10:57,068 [INFO] ThirdParty:1030 - CMSIS Pack Vendor :STMicroelectronics X-CUBE-MEMS1 9.3.0
2023-09-10 19:10:57,068 [INFO] ThirdParty:1030 - CMSIS Pack Vendor :STMicroelectronics X-CUBE-EEPRMA1 4.1.0
2023-09-10 19:10:57,068 [INFO] ThirdParty:1030 - CMSIS Pack Vendor :portGmbH I-Cube-SoM-uGOAL 1.1.0
2023-09-10 19:10:57,068 [INFO] ThirdParty:1030 - CMSIS Pack Vendor :STMicroelectronics X-CUBE-ALS 1.0.1
2023-09-10 19:10:57,068 [INFO] ThirdParty:1030 - CMSIS Pack Vendor :STMicroelectronics X-CUBE-AI 7.2.0
2023-09-10 19:10:57,068 [INFO] ThirdParty:1030 - CMSIS Pack Vendor :STMicroelectronics X-CUBE-MEMS1 9.5.0
2023-09-10 19:10:57,068 [INFO] ThirdParty:1030 - CMSIS Pack Vendor :STMicroelectronics ThreadX 1.0.0
2023-09-10 19:10:57,068 [INFO] ThirdParty:1030 - CMSIS Pack Vendor :STMicroelectronics FP-SNS-SMARTAG2 1.2.0
2023-09-10 19:10:57,068 [INFO] ThirdParty:1030 - CMSIS Pack Vendor :STMicroelectronics X-CUBE-AZRTOS-WB 1.1.0
2023-09-10 19:10:57,068 [INFO] ThirdParty:1030 - CMSIS Pack Vendor :STMicroelectronics X-CUBE-AZRTOS-WL 2.0.0
2023-09-10 19:10:57,068 [INFO] ThirdParty:1030 - CMSIS Pack Vendor :SEGGER I-CUBE-embOS 1.3.1
2023-09-10 19:10:57,068 [INFO] ThirdParty:1030 - CMSIS Pack Vendor :STMicroelectronics X-CUBE-AZRTOS-L5 1.0.0
2023-09-10 19:10:57,068 [INFO] ThirdParty:1030 - CMSIS Pack Vendor :STMicroelectronics USB_DEVICE 1.0.0
2023-09-10 19:10:57,068 [INFO] ThirdParty:1030 - CMSIS Pack Vendor :STMicroelectronics X-CUBE-AI 8.1.0
2023-09-10 19:10:57,068 [INFO] ThirdParty:1030 - CMSIS Pack Vendor :STMicroelectronics X-CUBE-EEPRMA1 3.1.1
2023-09-10 19:10:57,068 [INFO] ThirdParty:1030 - CMSIS Pack Vendor :STMicroelectronics X-CUBE-AZRTOS-L4 2.0.0
2023-09-10 19:10:57,068 [INFO] ThirdParty:1030 - CMSIS Pack Vendor :STMicroelectronics ThreadX 0.0.2
2023-09-10 19:10:57,068 [INFO] ThirdParty:1030 - CMSIS Pack Vendor :WES I-CUBE-Cesium 1.3.0
2023-09-10 19:10:57,068 [INFO] ThirdParty:1030 - CMSIS Pack Vendor :STMicroelectronics FP-ATR-ASTRA1 2.0.0
2023-09-10 19:10:57,068 [INFO] ThirdParty:1030 - CMSIS Pack Vendor :STMicroelectronics lwIP 2.1.2
2023-09-10 19:10:57,068 [INFO] ThirdParty:1030 - CMSIS Pack Vendor :STMicroelectronics X-CUBE-SFXS2LP1 4.0.0
2023-09-10 19:10:57,068 [INFO] ThirdParty:1030 - CMSIS Pack Vendor :STMicroelectronics X-CUBE-BLE2 3.3.0
2023-09-10 19:10:57,068 [INFO] ThirdParty:1030 - CMSIS Pack Vendor :STMicroelectronics X-CUBE-DISPLAY 2.2.0
2023-09-10 19:10:57,068 [INFO] ThirdParty:1030 - CMSIS Pack Vendor :STMicroelectronics X-CUBE-TOF1 3.2.0
2023-09-10 19:10:57,068 [INFO] ThirdParty:1030 - CMSIS Pack Vendor :STMicroelectronics PDM2PCM 3.2.0
2023-09-10 19:10:57,068 [INFO] ThirdParty:1030 - CMSIS Pack Vendor :STMicroelectronics X-CUBE-AZRTOS-H7 3.0.0
2023-09-10 19:10:57,068 [INFO] ThirdParty:1030 - CMSIS Pack Vendor :STMicroelectronics X-CUBE-ISPU 1.0.0
2023-09-10 19:10:57,069 [INFO] ThirdParty:841 - exiting critical section [change project]
2023-09-10 19:10:57,313 [INFO] PinOutPanel:1499 - setPackage(No Configuration,No Configuration)
2023-09-10 19:10:57,314 [INFO] PinOutPanel:1499 - setPackage(STM32G431RBTx,LQFP64)
2023-09-10 19:10:57,543 [INFO] UtilMem:75 - Before build in PCC Used Memory: 552786656 Bytes (1073741824)
2023-09-10 19:10:57,951 [INFO] UtilMem:75 - After build in PCC Used Memory: 722133728 Bytes (1073741824)
2023-09-10 19:10:57,973 [INFO] IPUIPlugin:80 - create IPUIPlugin
2023-09-10 19:10:57,973 [INFO] IPUIPlugin:80 - create IPUIPlugin
2023-09-10 19:10:57,974 [INFO] IPUIPlugin:80 - create IPUIPlugin
2023-09-10 19:10:57,974 [INFO] IPUIPlugin:80 - create IPUIPlugin
2023-09-10 19:10:57,974 [INFO] IPUIPlugin:80 - create IPUIPlugin
2023-09-10 19:10:57,974 [INFO] IPUIPlugin:80 - create IPUIPlugin
2023-09-10 19:10:57,974 [INFO] IPUIPlugin:80 - create IPUIPlugin
2023-09-10 19:10:57,974 [INFO] IPUIPlugin:80 - create IPUIPlugin
2023-09-10 19:10:57,974 [INFO] IPUIPlugin:80 - create IPUIPlugin
2023-09-10 19:10:57,974 [INFO] IPUIPlugin:80 - create IPUIPlugin
2023-09-10 19:10:57,974 [INFO] IPUIPlugin:80 - create IPUIPlugin
2023-09-10 19:10:57,974 [INFO] IPUIPlugin:80 - create IPUIPlugin
2023-09-10 19:10:57,975 [INFO] IPUIPlugin:80 - create IPUIPlugin
2023-09-10 19:10:57,975 [INFO] IPUIPlugin:80 - create IPUIPlugin
2023-09-10 19:10:57,975 [INFO] IPUIPlugin:80 - create IPUIPlugin
2023-09-10 19:10:57,975 [INFO] IPUIPlugin:80 - create IPUIPlugin
2023-09-10 19:10:57,975 [INFO] IPUIPlugin:80 - create IPUIPlugin
2023-09-10 19:10:57,975 [INFO] IPUIPlugin:80 - create IPUIPlugin
2023-09-10 19:10:57,975 [INFO] IPUIPlugin:80 - create IPUIPlugin
2023-09-10 19:10:57,976 [INFO] IPUIPlugin:80 - create IPUIPlugin
2023-09-10 19:10:57,976 [INFO] IPUIPlugin:80 - create IPUIPlugin
2023-09-10 19:10:57,976 [INFO] IPUIPlugin:80 - create IPUIPlugin
2023-09-10 19:10:57,976 [INFO] IPUIPlugin:80 - create IPUIPlugin
2023-09-10 19:10:57,976 [INFO] IPUIPlugin:80 - create IPUIPlugin
2023-09-10 19:10:57,976 [INFO] IPUIPlugin:80 - create IPUIPlugin
2023-09-10 19:10:57,976 [INFO] IPUIPlugin:80 - create IPUIPlugin
2023-09-10 19:10:57,976 [INFO] IPUIPlugin:80 - create IPUIPlugin
2023-09-10 19:10:57,976 [INFO] IPUIPlugin:80 - create IPUIPlugin
2023-09-10 19:10:57,976 [INFO] IPUIPlugin:80 - create IPUIPlugin
2023-09-10 19:10:57,976 [INFO] IPUIPlugin:80 - create IPUIPlugin
2023-09-10 19:10:57,976 [INFO] IPUIPlugin:80 - create IPUIPlugin
2023-09-10 19:10:57,976 [INFO] IPUIPlugin:80 - create IPUIPlugin
2023-09-10 19:10:57,977 [INFO] IPUIPlugin:80 - create IPUIPlugin
2023-09-10 19:10:57,977 [INFO] IPUIPlugin:80 - create IPUIPlugin
2023-09-10 19:10:57,977 [INFO] IPUIPlugin:80 - create IPUIPlugin
2023-09-10 19:10:57,977 [INFO] IPUIPlugin:80 - create IPUIPlugin
2023-09-10 19:10:57,977 [INFO] IPUIPlugin:80 - create IPUIPlugin
2023-09-10 19:10:57,977 [INFO] IPUIPlugin:80 - create IPUIPlugin
2023-09-10 19:10:57,977 [INFO] IPUIPlugin:80 - create IPUIPlugin
2023-09-10 19:10:57,977 [INFO] IPUIPlugin:80 - create IPUIPlugin
2023-09-10 19:10:57,977 [INFO] IPUIPlugin:80 - create IPUIPlugin
2023-09-10 19:10:57,977 [INFO] IPUIPlugin:80 - create IPUIPlugin
2023-09-10 19:10:57,977 [INFO] IPUIPlugin:80 - create IPUIPlugin
2023-09-10 19:10:57,977 [INFO] IPUIPlugin:80 - create IPUIPlugin
2023-09-10 19:10:57,977 [INFO] IPUIPlugin:80 - create IPUIPlugin
2023-09-10 19:10:57,977 [INFO] IPUIPlugin:80 - create IPUIPlugin
2023-09-10 19:10:57,978 [INFO] IPUIPlugin:80 - create IPUIPlugin
2023-09-10 19:10:57,978 [INFO] IPUIPlugin:80 - create IPUIPlugin
2023-09-10 19:10:57,978 [INFO] IPUIPlugin:80 - create IPUIPlugin
2023-09-10 19:10:57,978 [INFO] IPUIPlugin:80 - create IPUIPlugin
2023-09-10 19:10:57,978 [INFO] IPUIPlugin:80 - create IPUIPlugin
2023-09-10 19:10:57,978 [INFO] IPUIPlugin:80 - create IPUIPlugin
2023-09-10 19:10:57,978 [INFO] IPUIPlugin:80 - create IPUIPlugin
2023-09-10 19:10:57,978 [INFO] IPUIPlugin:80 - create IPUIPlugin
2023-09-10 19:10:57,978 [INFO] IPUIPlugin:80 - create IPUIPlugin
2023-09-10 19:10:57,979 [INFO] IPUIPlugin:80 - create IPUIPlugin
2023-09-10 19:10:57,979 [INFO] IPUIPlugin:80 - create IPUIPlugin
2023-09-10 19:10:57,979 [INFO] IPUIPlugin:80 - create IPUIPlugin
2023-09-10 19:10:58,056 [INFO] CADModel:165 - CPN selected for project levelSTM32G431RBT6
2023-09-10 19:10:58,056 [INFO] CADModel:114 - Register for checkConnection events
2023-09-10 19:10:58,100 [INFO] OpenFileManager:328 - Restore cursor
2023-09-10 19:10:58,364 [INFO] UtilMem:75 - End SaveConfig() Used Memory: 840622816 Bytes (1073741824)
2023-09-10 19:10:58,398 [INFO] UtilMem:75 - End SaveConfig() Used Memory: 862191048 Bytes (1073741824)
2023-09-10 19:10:58,624 [INFO] BlockDiagram:2759 - set Specific Code input for plugin: SYS
2023-09-10 19:10:58,624 [INFO] BlockDiagram:2759 - set Specific Code input for plugin: RCC
2023-09-10 19:10:58,624 [INFO] BlockDiagram:2759 - set Specific Code input for plugin: LPUART
2023-09-10 19:10:58,624 [INFO] BlockDiagram:2759 - set Specific Code input for plugin: NVIC
2023-09-10 19:10:58,625 [INFO] BlockDiagram:2759 - set Specific Code input for plugin: GPIO
2023-09-10 19:10:58,625 [INFO] CodeGenerator:799 - code generatio: config db path: /opt/st/stm32cubeide_1.13.1/plugins/com.st.stm32cube.common.mx_6.9.1.202307191849//db/
2023-09-10 19:10:58,859 [INFO] CodeEngine:255 - oldGeneratedFile, /home/nicolas/git/2324_ENSEA_3A/NUCLEO-G431RB_HelloWorld/MXTmpFiles/license.tmp_save
2023-09-10 19:10:59,051 [INFO] CodeEngine:279 - Generated code: /home/nicolas/git/2324_ENSEA_3A/NUCLEO-G431RB_HelloWorld/MXTmpFiles/license.tmp
2023-09-10 19:10:59,100 [INFO] CodeEngine:255 - oldGeneratedFile, /home/nicolas/git/2324_ENSEA_3A/NUCLEO-G431RB_HelloWorld/MXTmpFiles/gpio.tmp_save
2023-09-10 19:10:59,184 [INFO] CodeEngine:279 - Generated code: /home/nicolas/git/2324_ENSEA_3A/NUCLEO-G431RB_HelloWorld/MXTmpFiles/gpio.tmp
2023-09-10 19:10:59,255 [INFO] CodeEngine:255 - oldGeneratedFile, /home/nicolas/git/2324_ENSEA_3A/NUCLEO-G431RB_HelloWorld/Core/Src/stm32g4xx_it.c_save
2023-09-10 19:10:59,326 [INFO] CodeEngine:279 - Generated code: /home/nicolas/git/2324_ENSEA_3A/NUCLEO-G431RB_HelloWorld/Core/Src/stm32g4xx_it.c
2023-09-10 19:10:59,326 [INFO] CodeEngine:255 - oldGeneratedFile, /home/nicolas/git/2324_ENSEA_3A/NUCLEO-G431RB_HelloWorld/Core/Inc/stm32g4xx_it.h_save
2023-09-10 19:10:59,373 [INFO] CodeEngine:279 - Generated code: /home/nicolas/git/2324_ENSEA_3A/NUCLEO-G431RB_HelloWorld/Core/Inc/stm32g4xx_it.h
2023-09-10 19:10:59,376 [INFO] CodeEngine:255 - oldGeneratedFile, /home/nicolas/git/2324_ENSEA_3A/NUCLEO-G431RB_HelloWorld/Core/Src/stm32g4xx_hal_msp.c_save
2023-09-10 19:10:59,449 [INFO] CodeEngine:279 - Generated code: /home/nicolas/git/2324_ENSEA_3A/NUCLEO-G431RB_HelloWorld/Core/Src/stm32g4xx_hal_msp.c
2023-09-10 19:10:59,450 [INFO] CodeEngine:255 - oldGeneratedFile, /home/nicolas/git/2324_ENSEA_3A/NUCLEO-G431RB_HelloWorld/MXTmpFiles/system.tmp_save
2023-09-10 19:10:59,494 [INFO] CodeEngine:279 - Generated code: /home/nicolas/git/2324_ENSEA_3A/NUCLEO-G431RB_HelloWorld/MXTmpFiles/system.tmp
2023-09-10 19:10:59,495 [INFO] CodeEngine:311 - oldGeneratedFile, /home/nicolas/git/2324_ENSEA_3A/NUCLEO-G431RB_HelloWorld/Core/Inc/stm32g4xx_hal_conf.h_save
2023-09-10 19:10:59,542 [INFO] CodeEngine:335 - Generated code: /home/nicolas/git/2324_ENSEA_3A/NUCLEO-G431RB_HelloWorld/Core/Inc/stm32g4xx_hal_conf.h
2023-09-10 19:10:59,555 [WARN] IPConfigManager:2937 - Warning: the RefConfig RCC_CommonPeriphClockConfig is not available in your config.xml file
2023-09-10 19:10:59,558 [INFO] CodeEngine:255 - oldGeneratedFile, /home/nicolas/git/2324_ENSEA_3A/NUCLEO-G431RB_HelloWorld/Core/Inc/main.h_save
2023-09-10 19:10:59,620 [INFO] CodeEngine:279 - Generated code: /home/nicolas/git/2324_ENSEA_3A/NUCLEO-G431RB_HelloWorld/Core/Inc/main.h
2023-09-10 19:10:59,621 [INFO] CodeEngine:255 - oldGeneratedFile, /home/nicolas/git/2324_ENSEA_3A/NUCLEO-G431RB_HelloWorld/Core/Src/main.c_save
2023-09-10 19:10:59,702 [INFO] CodeEngine:279 - Generated code: /home/nicolas/git/2324_ENSEA_3A/NUCLEO-G431RB_HelloWorld/Core/Src/main.c
2023-09-10 19:11:00,046 [INFO] ProjectBuilder:3064 - Time for Copy HAL[1] : 60mS.
2023-09-10 19:11:00,048 [INFO] ProjectBuilder:4404 - Project Generator version: 4.1.0
2023-09-10 19:11:00,176 [INFO] ConfigFileManager:1457 - The Die is : DIE468
2023-09-10 19:11:00,181 [INFO] ApiDbMcu:507 - Load IP Config File for FATFS
2023-09-10 19:11:00,183 [INFO] ApiDbMcu:507 - Load IP Config File for FREERTOS
2023-09-10 19:11:00,186 [INFO] ApiDbMcu:507 - Load IP Config File for USBPD
2023-09-10 19:11:00,190 [INFO] ApiDbMcu:507 - Load IP Config File for USB_Device
2023-09-10 19:11:00,609 [INFO] LogOutputStream:77 - [STDOUT_REDIRECT] 
2023-09-10 19:11:02,231 [INFO] ProjectBuilder:4626 - Time for Generating toolchain IDE Files: 2183mS.
2023-09-10 19:11:02,231 [INFO] ProjectBuilder:2935 - Time for Copy CMSIS : 0mS.
2023-09-10 19:11:02,231 [INFO] ProjectBuilder:2935 - Time for Copy CMSIS : 0mS.
2023-09-10 19:11:02,438 [INFO] McuFinderGlobals:76 - Set McuFinderConnectedMode to true
2023-09-10 19:11:02,441 [INFO] ApiDb:448 - Save user favorites file /home/nicolas/.stm32cubeide/favorites.mcus.txt: 0 item(s)
2023-09-10 19:11:02,441 [INFO] ApiDb:452 - User favorites MCUs=[]
2023-09-10 19:11:02,442 [INFO] ApiDb:448 - Save user favorites file /home/nicolas/.stm32cubeide/favorites.boards.txt: 1 item(s)
2023-09-10 19:11:02,442 [INFO] ApiDb:452 - User favorites Boards=[NUCLEO-G431RB]
2023-09-10 19:11:16,423 [INFO] UtilMem:75 - End SaveConfig() Used Memory: 442664192 Bytes (1073741824)
2023-09-10 19:11:17,269 [INFO] UtilMem:75 - End SaveConfig() Used Memory: 469927168 Bytes (1073741824)
2023-09-10 19:11:18,869 [INFO] UtilMem:75 - End SaveConfig() Used Memory: 536509696 Bytes (1073741824)
2023-09-10 19:11:18,968 [INFO] BlockDiagram:2759 - set Specific Code input for plugin: SYS
2023-09-10 19:11:18,968 [INFO] BlockDiagram:2759 - set Specific Code input for plugin: RCC
2023-09-10 19:11:18,968 [INFO] BlockDiagram:2759 - set Specific Code input for plugin: LPUART
2023-09-10 19:11:18,968 [INFO] BlockDiagram:2759 - set Specific Code input for plugin: NVIC
2023-09-10 19:11:18,968 [INFO] BlockDiagram:2759 - set Specific Code input for plugin: GPIO
2023-09-10 19:11:18,968 [INFO] CodeGenerator:799 - code generatio: config db path: /opt/st/stm32cubeide_1.13.1/plugins/com.st.stm32cube.common.mx_6.9.1.202307191849//db/
2023-09-10 19:11:19,047 [INFO] CodeEngine:255 - oldGeneratedFile, /home/nicolas/git/2324_ENSEA_3A/NUCLEO-G431RB_HelloWorld/MXTmpFiles/license.tmp_save
2023-09-10 19:11:19,094 [INFO] CodeEngine:279 - Generated code: /home/nicolas/git/2324_ENSEA_3A/NUCLEO-G431RB_HelloWorld/MXTmpFiles/license.tmp
2023-09-10 19:11:19,108 [INFO] CodeEngine:255 - oldGeneratedFile, /home/nicolas/git/2324_ENSEA_3A/NUCLEO-G431RB_HelloWorld/Core/Src/gpio.c_save
2023-09-10 19:11:19,159 [INFO] CodeEngine:279 - Generated code: /home/nicolas/git/2324_ENSEA_3A/NUCLEO-G431RB_HelloWorld/Core/Src/gpio.c
2023-09-10 19:11:19,160 [INFO] CodeEngine:255 - oldGeneratedFile, /home/nicolas/git/2324_ENSEA_3A/NUCLEO-G431RB_HelloWorld/Core/Inc/gpio.h_save
2023-09-10 19:11:19,210 [INFO] CodeEngine:279 - Generated code: /home/nicolas/git/2324_ENSEA_3A/NUCLEO-G431RB_HelloWorld/Core/Inc/gpio.h
2023-09-10 19:11:19,288 [INFO] CodeEngine:255 - oldGeneratedFile, /home/nicolas/git/2324_ENSEA_3A/NUCLEO-G431RB_HelloWorld/Core/Src/usart.c_save
2023-09-10 19:11:19,356 [INFO] CodeEngine:279 - Generated code: /home/nicolas/git/2324_ENSEA_3A/NUCLEO-G431RB_HelloWorld/Core/Src/usart.c
2023-09-10 19:11:19,357 [INFO] CodeEngine:255 - oldGeneratedFile, /home/nicolas/git/2324_ENSEA_3A/NUCLEO-G431RB_HelloWorld/Core/Inc/usart.h_save
2023-09-10 19:11:19,402 [INFO] CodeEngine:279 - Generated code: /home/nicolas/git/2324_ENSEA_3A/NUCLEO-G431RB_HelloWorld/Core/Inc/usart.h
2023-09-10 19:11:19,404 [INFO] CodeEngine:255 - oldGeneratedFile, /home/nicolas/git/2324_ENSEA_3A/NUCLEO-G431RB_HelloWorld/Core/Src/stm32g4xx_it.c_save
2023-09-10 19:11:19,455 [INFO] CodeEngine:279 - Generated code: /home/nicolas/git/2324_ENSEA_3A/NUCLEO-G431RB_HelloWorld/Core/Src/stm32g4xx_it.c
2023-09-10 19:11:19,456 [INFO] CodeEngine:255 - oldGeneratedFile, /home/nicolas/git/2324_ENSEA_3A/NUCLEO-G431RB_HelloWorld/Core/Inc/stm32g4xx_it.h_save
2023-09-10 19:11:19,499 [INFO] CodeEngine:279 - Generated code: /home/nicolas/git/2324_ENSEA_3A/NUCLEO-G431RB_HelloWorld/Core/Inc/stm32g4xx_it.h
2023-09-10 19:11:19,500 [INFO] CodeEngine:255 - oldGeneratedFile, /home/nicolas/git/2324_ENSEA_3A/NUCLEO-G431RB_HelloWorld/Core/Src/stm32g4xx_hal_msp.c_save
2023-09-10 19:11:19,562 [INFO] CodeEngine:279 - Generated code: /home/nicolas/git/2324_ENSEA_3A/NUCLEO-G431RB_HelloWorld/Core/Src/stm32g4xx_hal_msp.c
2023-09-10 19:11:19,563 [INFO] CodeEngine:255 - oldGeneratedFile, /home/nicolas/git/2324_ENSEA_3A/NUCLEO-G431RB_HelloWorld/MXTmpFiles/system.tmp_save
2023-09-10 19:11:19,604 [INFO] CodeEngine:279 - Generated code: /home/nicolas/git/2324_ENSEA_3A/NUCLEO-G431RB_HelloWorld/MXTmpFiles/system.tmp
2023-09-10 19:11:19,605 [INFO] CodeEngine:311 - oldGeneratedFile, /home/nicolas/git/2324_ENSEA_3A/NUCLEO-G431RB_HelloWorld/Core/Inc/stm32g4xx_hal_conf.h_save
2023-09-10 19:11:19,651 [INFO] CodeEngine:335 - Generated code: /home/nicolas/git/2324_ENSEA_3A/NUCLEO-G431RB_HelloWorld/Core/Inc/stm32g4xx_hal_conf.h
2023-09-10 19:11:19,660 [WARN] IPConfigManager:2937 - Warning: the RefConfig RCC_CommonPeriphClockConfig is not available in your config.xml file
2023-09-10 19:11:19,662 [INFO] CodeEngine:255 - oldGeneratedFile, /home/nicolas/git/2324_ENSEA_3A/NUCLEO-G431RB_HelloWorld/Core/Inc/main.h_save
2023-09-10 19:11:19,706 [INFO] CodeEngine:279 - Generated code: /home/nicolas/git/2324_ENSEA_3A/NUCLEO-G431RB_HelloWorld/Core/Inc/main.h
2023-09-10 19:11:19,707 [INFO] CodeEngine:255 - oldGeneratedFile, /home/nicolas/git/2324_ENSEA_3A/NUCLEO-G431RB_HelloWorld/Core/Src/main.c_save
2023-09-10 19:11:19,765 [INFO] CodeEngine:279 - Generated code: /home/nicolas/git/2324_ENSEA_3A/NUCLEO-G431RB_HelloWorld/Core/Src/main.c
2023-09-10 19:11:20,006 [INFO] ProjectBuilder:3064 - Time for Copy HAL[1] : 13mS.
2023-09-10 19:11:20,007 [INFO] ProjectBuilder:4404 - Project Generator version: 4.1.0
2023-09-10 19:11:20,131 [INFO] ConfigFileManager:1457 - The Die is : DIE468
2023-09-10 19:11:20,745 [INFO] ProjectBuilder:4626 - Time for Generating toolchain IDE Files: 737mS.
2023-09-10 19:11:20,745 [INFO] ProjectBuilder:2935 - Time for Copy CMSIS : 0mS.
2023-09-10 19:11:20,745 [INFO] ProjectBuilder:2935 - Time for Copy CMSIS : 0mS.
2023-09-10 19:21:43,791 [ERROR] LogOutputStream:75 - [STDERR_REDIRECT] 
